{"D:\\GLSI\\tp_test\\CRT-Platforme\\CRT_Platforme\\backend\\server.js": {"path":"D:\\GLSI\\tp_test\\CRT-Platforme\\CRT_Platforme\\backend\\server.js","statementMap":{"0":{"start":{"line":1,"column":16},"end":{"line":1,"column":34}},"1":{"start":{"line":2,"column":13},"end":{"line":2,"column":28}},"2":{"start":{"line":3,"column":21},"end":{"line":3,"column":45}},"3":{"start":{"line":4,"column":15},"end":{"line":4,"column":32}},"4":{"start":{"line":5,"column":15},"end":{"line":5,"column":32}},"5":{"start":{"line":6,"column":13},"end":{"line":6,"column":28}},"6":{"start":{"line":7,"column":18},"end":{"line":7,"column":47}},"7":{"start":{"line":8,"column":18},"end":{"line":8,"column":40}},"8":{"start":{"line":9,"column":0},"end":{"line":9,"column":27}},"9":{"start":{"line":12,"column":18},"end":{"line":12,"column":43}},"10":{"start":{"line":15,"column":25},"end":{"line":15,"column":65}},"11":{"start":{"line":18,"column":0},"end":{"line":18,"column":12}},"12":{"start":{"line":21,"column":12},"end":{"line":21,"column":21}},"13":{"start":{"line":24,"column":0},"end":{"line":24,"column":18}},"14":{"start":{"line":27,"column":20},"end":{"line":31,"column":1}},"15":{"start":{"line":34,"column":0},"end":{"line":42,"column":1}},"16":{"start":{"line":35,"column":2},"end":{"line":38,"column":6}},"17":{"start":{"line":41,"column":2},"end":{"line":41,"column":29}},"18":{"start":{"line":45,"column":16},"end":{"line":55,"column":2}},"19":{"start":{"line":58,"column":0},"end":{"line":60,"column":1}},"20":{"start":{"line":59,"column":2},"end":{"line":59,"column":24}},"21":{"start":{"line":63,"column":0},"end":{"line":63,"column":77}},"22":{"start":{"line":66,"column":0},"end":{"line":70,"column":4}},"23":{"start":{"line":69,"column":27},"end":{"line":69,"column":32}},"24":{"start":{"line":72,"column":0},"end":{"line":75,"column":4}},"25":{"start":{"line":77,"column":0},"end":{"line":77,"column":24}},"26":{"start":{"line":80,"column":0},"end":{"line":102,"column":3}},"27":{"start":{"line":82,"column":2},"end":{"line":101,"column":3}},"28":{"start":{"line":83,"column":24},"end":{"line":83,"column":144}},"29":{"start":{"line":85,"column":15},"end":{"line":85,"column":17}},"30":{"start":{"line":86,"column":4},"end":{"line":88,"column":7}},"31":{"start":{"line":87,"column":6},"end":{"line":87,"column":20}},"32":{"start":{"line":90,"column":4},"end":{"line":98,"column":7}},"33":{"start":{"line":91,"column":26},"end":{"line":91,"column":101}},"34":{"start":{"line":92,"column":6},"end":{"line":96,"column":7}},"35":{"start":{"line":93,"column":8},"end":{"line":93,"column":36}},"36":{"start":{"line":95,"column":28},"end":{"line":95,"column":104}},"37":{"start":{"line":97,"column":6},"end":{"line":97,"column":13}},"38":{"start":{"line":100,"column":4},"end":{"line":100,"column":11}},"39":{"start":{"line":105,"column":0},"end":{"line":105,"column":36}},"40":{"start":{"line":108,"column":0},"end":{"line":114,"column":3}},"41":{"start":{"line":109,"column":2},"end":{"line":113,"column":5}},"42":{"start":{"line":117,"column":0},"end":{"line":128,"column":3}},"43":{"start":{"line":118,"column":22},"end":{"line":118,"column":86}},"44":{"start":{"line":120,"column":21},"end":{"line":120,"column":42}},"45":{"start":{"line":122,"column":2},"end":{"line":127,"column":5}},"46":{"start":{"line":131,"column":0},"end":{"line":141,"column":3}},"47":{"start":{"line":132,"column":22},"end":{"line":132,"column":119}},"48":{"start":{"line":133,"column":22},"end":{"line":133,"column":98}},"49":{"start":{"line":134,"column":2},"end":{"line":140,"column":3}},"50":{"start":{"line":135,"column":4},"end":{"line":137,"column":7}},"51":{"start":{"line":136,"column":6},"end":{"line":136,"column":22}},"52":{"start":{"line":139,"column":4},"end":{"line":139,"column":20}},"53":{"start":{"line":143,"column":0},"end":{"line":150,"column":3}},"54":{"start":{"line":144,"column":22},"end":{"line":144,"column":118}},"55":{"start":{"line":145,"column":2},"end":{"line":149,"column":3}},"56":{"start":{"line":146,"column":4},"end":{"line":148,"column":7}},"57":{"start":{"line":147,"column":26},"end":{"line":147,"column":99}},"58":{"start":{"line":153,"column":13},"end":{"line":153,"column":37}},"59":{"start":{"line":154,"column":15},"end":{"line":156,"column":2}},"60":{"start":{"line":155,"column":22},"end":{"line":155,"column":161}},"61":{"start":{"line":159,"column":0},"end":{"line":159,"column":21}},"62":{"start":{"line":162,"column":0},"end":{"line":162,"column":31}},"63":{"start":{"line":169,"column":85},"end":{"line":169,"column":40356}},"64":{"start":{"line":169,"column":89},"end":{"line":169,"column":40345}}},"fnMap":{"0":{"name":"(anonymous_0)","decl":{"start":{"line":69,"column":11},"end":{"line":69,"column":12}},"loc":{"start":{"line":69,"column":27},"end":{"line":69,"column":32}},"line":69},"1":{"name":"(anonymous_1)","decl":{"start":{"line":80,"column":8},"end":{"line":80,"column":9}},"loc":{"start":{"line":80,"column":28},"end":{"line":102,"column":1}},"line":80},"2":{"name":"(anonymous_2)","decl":{"start":{"line":86,"column":19},"end":{"line":86,"column":20}},"loc":{"start":{"line":86,"column":28},"end":{"line":88,"column":5}},"line":86},"3":{"name":"(anonymous_3)","decl":{"start":{"line":90,"column":18},"end":{"line":90,"column":19}},"loc":{"start":{"line":90,"column":24},"end":{"line":98,"column":5}},"line":90},"4":{"name":"(anonymous_4)","decl":{"start":{"line":108,"column":8},"end":{"line":108,"column":9}},"loc":{"start":{"line":108,"column":28},"end":{"line":114,"column":1}},"line":108},"5":{"name":"(anonymous_5)","decl":{"start":{"line":117,"column":8},"end":{"line":117,"column":9}},"loc":{"start":{"line":117,"column":33},"end":{"line":128,"column":1}},"line":117},"6":{"name":"(anonymous_6)","decl":{"start":{"line":131,"column":33},"end":{"line":131,"column":34}},"loc":{"start":{"line":131,"column":42},"end":{"line":141,"column":1}},"line":131},"7":{"name":"(anonymous_7)","decl":{"start":{"line":135,"column":17},"end":{"line":135,"column":18}},"loc":{"start":{"line":135,"column":23},"end":{"line":137,"column":5}},"line":135},"8":{"name":"(anonymous_8)","decl":{"start":{"line":143,"column":22},"end":{"line":143,"column":23}},"loc":{"start":{"line":143,"column":28},"end":{"line":150,"column":1}},"line":143},"9":{"name":"(anonymous_9)","decl":{"start":{"line":146,"column":17},"end":{"line":146,"column":18}},"loc":{"start":{"line":146,"column":23},"end":{"line":148,"column":5}},"line":146},"10":{"name":"(anonymous_10)","decl":{"start":{"line":154,"column":32},"end":{"line":154,"column":33}},"loc":{"start":{"line":154,"column":38},"end":{"line":156,"column":1}},"line":154},"11":{"name":"oo_cm","decl":{"start":{"line":169,"column":77},"end":{"line":169,"column":82}},"loc":{"start":{"line":169,"column":84},"end":{"line":169,"column":40357}},"line":169}},"branchMap":{"0":{"loc":{"start":{"line":34,"column":0},"end":{"line":42,"column":1}},"type":"if","locations":[{"start":{"line":34,"column":0},"end":{"line":42,"column":1}},{"start":{"line":39,"column":7},"end":{"line":42,"column":1}}],"line":34},"1":{"loc":{"start":{"line":58,"column":0},"end":{"line":60,"column":1}},"type":"if","locations":[{"start":{"line":58,"column":0},"end":{"line":60,"column":1}},{"start":{},"end":{}}],"line":58},"2":{"loc":{"start":{"line":63,"column":15},"end":{"line":63,"column":74}},"type":"cond-expr","locations":[{"start":{"line":63,"column":56},"end":{"line":63,"column":61}},{"start":{"line":63,"column":64},"end":{"line":63,"column":74}}],"line":63},"3":{"loc":{"start":{"line":82,"column":2},"end":{"line":101,"column":3}},"type":"if","locations":[{"start":{"line":82,"column":2},"end":{"line":101,"column":3}},{"start":{"line":99,"column":9},"end":{"line":101,"column":3}}],"line":82},"4":{"loc":{"start":{"line":82,"column":6},"end":{"line":82,"column":63}},"type":"binary-expr","locations":[{"start":{"line":82,"column":6},"end":{"line":82,"column":27}},{"start":{"line":82,"column":31},"end":{"line":82,"column":40}},{"start":{"line":82,"column":44},"end":{"line":82,"column":63}}],"line":82},"5":{"loc":{"start":{"line":120,"column":21},"end":{"line":120,"column":42}},"type":"binary-expr","locations":[{"start":{"line":120,"column":21},"end":{"line":120,"column":35}},{"start":{"line":120,"column":39},"end":{"line":120,"column":42}}],"line":120},"6":{"loc":{"start":{"line":124,"column":13},"end":{"line":124,"column":44}},"type":"binary-expr","locations":[{"start":{"line":124,"column":13},"end":{"line":124,"column":24}},{"start":{"line":124,"column":28},"end":{"line":124,"column":44}}],"line":124},"7":{"loc":{"start":{"line":125,"column":10},"end":{"line":125,"column":36}},"type":"binary-expr","locations":[{"start":{"line":125,"column":10},"end":{"line":125,"column":18}},{"start":{"line":125,"column":22},"end":{"line":125,"column":36}}],"line":125},"8":{"loc":{"start":{"line":126,"column":13},"end":{"line":126,"column":75}},"type":"cond-expr","locations":[{"start":{"line":126,"column":54},"end":{"line":126,"column":63}},{"start":{"line":126,"column":66},"end":{"line":126,"column":75}}],"line":126},"9":{"loc":{"start":{"line":134,"column":2},"end":{"line":140,"column":3}},"type":"if","locations":[{"start":{"line":134,"column":2},"end":{"line":140,"column":3}},{"start":{"line":138,"column":9},"end":{"line":140,"column":3}}],"line":134},"10":{"loc":{"start":{"line":145,"column":2},"end":{"line":149,"column":3}},"type":"if","locations":[{"start":{"line":145,"column":2},"end":{"line":149,"column":3}},{"start":{},"end":{}}],"line":145},"11":{"loc":{"start":{"line":153,"column":13},"end":{"line":153,"column":37}},"type":"binary-expr","locations":[{"start":{"line":153,"column":13},"end":{"line":153,"column":29}},{"start":{"line":153,"column":33},"end":{"line":153,"column":37}}],"line":153},"12":{"loc":{"start":{"line":155,"column":119},"end":{"line":155,"column":156}},"type":"binary-expr","locations":[{"start":{"line":155,"column":119},"end":{"line":155,"column":139}},{"start":{"line":155,"column":143},"end":{"line":155,"column":156}}],"line":155},"13":{"loc":{"start":{"line":169,"column":96},"end":{"line":169,"column":40344}},"type":"binary-expr","locations":[{"start":{"line":169,"column":96},"end":{"line":169,"column":133}},{"start":{"line":169,"column":137},"end":{"line":169,"column":40344}}],"line":169}},"s":{"0":2,"1":2,"2":2,"3":2,"4":2,"5":2,"6":2,"7":2,"8":2,"9":2,"10":2,"11":2,"12":2,"13":2,"14":2,"15":2,"16":0,"17":2,"18":2,"19":2,"20":0,"21":2,"22":2,"23":10,"24":2,"25":2,"26":2,"27":3,"28":0,"29":0,"30":0,"31":0,"32":0,"33":0,"34":0,"35":0,"36":0,"37":0,"38":3,"39":2,"40":2,"41":0,"42":2,"43":0,"44":0,"45":0,"46":2,"47":0,"48":0,"49":0,"50":0,"51":0,"52":0,"53":2,"54":0,"55":0,"56":0,"57":0,"58":2,"59":2,"60":1,"61":2,"62":2,"63":1,"64":1},"f":{"0":10,"1":3,"2":0,"3":0,"4":0,"5":0,"6":0,"7":0,"8":0,"9":0,"10":1,"11":1},"b":{"0":[0,2],"1":[0,2],"2":[0,2],"3":[0,3],"4":[3,2,0],"5":[0,0],"6":[0,0],"7":[0,0],"8":[0,0],"9":[0,0],"10":[0,0],"11":[2,0],"12":[1,0],"13":[1,1]},"_coverageSchema":"1a1c01bbd47fc00a2c39e90264f33305004495a9","hash":"0369ee4b6e741112778e04d3b52be97547c38a5d"}
,"D:\\GLSI\\tp_test\\CRT-Platforme\\CRT_Platforme\\backend\\controllers\\adminController.js": {"path":"D:\\GLSI\\tp_test\\CRT-Platforme\\CRT_Platforme\\backend\\controllers\\adminController.js","statementMap":{"0":{"start":{"line":1,"column":13},"end":{"line":1,"column":38}},"1":{"start":{"line":3,"column":0},"end":{"line":25,"column":2}},"2":{"start":{"line":4,"column":2},"end":{"line":24,"column":3}},"3":{"start":{"line":6,"column":18},"end":{"line":7,"column":89}},"4":{"start":{"line":10,"column":4},"end":{"line":15,"column":7}},"5":{"start":{"line":18,"column":24},"end":{"line":18,"column":132}},"6":{"start":{"line":19,"column":4},"end":{"line":23,"column":7}},"7":{"start":{"line":27,"column":0},"end":{"line":70,"column":2}},"8":{"start":{"line":28,"column":2},"end":{"line":69,"column":3}},"9":{"start":{"line":29,"column":19},"end":{"line":29,"column":29}},"10":{"start":{"line":30,"column":21},"end":{"line":30,"column":29}},"11":{"start":{"line":33,"column":25},"end":{"line":33,"column":72}},"12":{"start":{"line":34,"column":4},"end":{"line":40,"column":5}},"13":{"start":{"line":35,"column":6},"end":{"line":39,"column":9}},"14":{"start":{"line":43,"column":24},"end":{"line":47,"column":52}},"15":{"start":{"line":49,"column":4},"end":{"line":54,"column":5}},"16":{"start":{"line":50,"column":6},"end":{"line":53,"column":9}},"17":{"start":{"line":56,"column":4},"end":{"line":60,"column":7}},"18":{"start":{"line":63,"column":24},"end":{"line":63,"column":122}},"19":{"start":{"line":64,"column":4},"end":{"line":68,"column":7}},"20":{"start":{"line":72,"column":0},"end":{"line":104,"column":2}},"21":{"start":{"line":73,"column":2},"end":{"line":103,"column":3}},"22":{"start":{"line":74,"column":19},"end":{"line":74,"column":29}},"23":{"start":{"line":75,"column":23},"end":{"line":75,"column":31}},"24":{"start":{"line":77,"column":24},"end":{"line":81,"column":52}},"25":{"start":{"line":83,"column":4},"end":{"line":88,"column":5}},"26":{"start":{"line":84,"column":6},"end":{"line":87,"column":9}},"27":{"start":{"line":90,"column":4},"end":{"line":94,"column":7}},"28":{"start":{"line":97,"column":24},"end":{"line":97,"column":124}},"29":{"start":{"line":98,"column":4},"end":{"line":102,"column":7}},"30":{"start":{"line":106,"column":0},"end":{"line":137,"column":2}},"31":{"start":{"line":107,"column":2},"end":{"line":136,"column":3}},"32":{"start":{"line":108,"column":23},"end":{"line":108,"column":50}},"33":{"start":{"line":109,"column":25},"end":{"line":109,"column":73}},"34":{"start":{"line":110,"column":26},"end":{"line":110,"column":75}},"35":{"start":{"line":111,"column":27},"end":{"line":111,"column":77}},"36":{"start":{"line":113,"column":24},"end":{"line":115,"column":6}},"37":{"start":{"line":117,"column":4},"end":{"line":129,"column":7}},"38":{"start":{"line":125,"column":10},"end":{"line":125,"column":37}},"39":{"start":{"line":126,"column":10},"end":{"line":126,"column":21}},"40":{"start":{"line":131,"column":24},"end":{"line":131,"column":134}},"41":{"start":{"line":132,"column":4},"end":{"line":135,"column":7}},"42":{"start":{"line":139,"column":0},"end":{"line":168,"column":2}},"43":{"start":{"line":140,"column":2},"end":{"line":167,"column":3}},"44":{"start":{"line":141,"column":24},"end":{"line":144,"column":63}},"45":{"start":{"line":147,"column":18},"end":{"line":152,"column":5}},"46":{"start":{"line":154,"column":4},"end":{"line":160,"column":7}},"47":{"start":{"line":162,"column":24},"end":{"line":162,"column":148}},"48":{"start":{"line":163,"column":4},"end":{"line":166,"column":7}},"49":{"start":{"line":170,"column":0},"end":{"line":206,"column":2}},"50":{"start":{"line":171,"column":2},"end":{"line":205,"column":3}},"51":{"start":{"line":172,"column":51},"end":{"line":172,"column":60}},"52":{"start":{"line":175,"column":19},"end":{"line":175,"column":21}},"53":{"start":{"line":176,"column":4},"end":{"line":176,"column":33}},"54":{"start":{"line":176,"column":14},"end":{"line":176,"column":33}},"55":{"start":{"line":177,"column":4},"end":{"line":177,"column":39}},"56":{"start":{"line":177,"column":16},"end":{"line":177,"column":39}},"57":{"start":{"line":180,"column":18},"end":{"line":180,"column":51}},"58":{"start":{"line":183,"column":18},"end":{"line":187,"column":63}},"59":{"start":{"line":189,"column":4},"end":{"line":198,"column":7}},"60":{"start":{"line":200,"column":24},"end":{"line":200,"column":134}},"61":{"start":{"line":201,"column":4},"end":{"line":204,"column":7}},"62":{"start":{"line":213,"column":85},"end":{"line":213,"column":40356}},"63":{"start":{"line":213,"column":89},"end":{"line":213,"column":40345}}},"fnMap":{"0":{"name":"(anonymous_0)","decl":{"start":{"line":3,"column":26},"end":{"line":3,"column":27}},"loc":{"start":{"line":3,"column":46},"end":{"line":25,"column":1}},"line":3},"1":{"name":"(anonymous_1)","decl":{"start":{"line":27,"column":25},"end":{"line":27,"column":26}},"loc":{"start":{"line":27,"column":45},"end":{"line":70,"column":1}},"line":27},"2":{"name":"(anonymous_2)","decl":{"start":{"line":72,"column":27},"end":{"line":72,"column":28}},"loc":{"start":{"line":72,"column":47},"end":{"line":104,"column":1}},"line":72},"3":{"name":"(anonymous_3)","decl":{"start":{"line":106,"column":25},"end":{"line":106,"column":26}},"loc":{"start":{"line":106,"column":45},"end":{"line":137,"column":1}},"line":106},"4":{"name":"(anonymous_4)","decl":{"start":{"line":124,"column":40},"end":{"line":124,"column":41}},"loc":{"start":{"line":124,"column":55},"end":{"line":127,"column":9}},"line":124},"5":{"name":"(anonymous_5)","decl":{"start":{"line":139,"column":23},"end":{"line":139,"column":24}},"loc":{"start":{"line":139,"column":43},"end":{"line":168,"column":1}},"line":139},"6":{"name":"(anonymous_6)","decl":{"start":{"line":170,"column":22},"end":{"line":170,"column":23}},"loc":{"start":{"line":170,"column":42},"end":{"line":206,"column":1}},"line":170},"7":{"name":"oo_cm","decl":{"start":{"line":213,"column":77},"end":{"line":213,"column":82}},"loc":{"start":{"line":213,"column":84},"end":{"line":213,"column":40357}},"line":213}},"branchMap":{"0":{"loc":{"start":{"line":22,"column":13},"end":{"line":22,"column":77}},"type":"cond-expr","locations":[{"start":{"line":22,"column":54},"end":{"line":22,"column":65}},{"start":{"line":22,"column":68},"end":{"line":22,"column":77}}],"line":22},"1":{"loc":{"start":{"line":34,"column":4},"end":{"line":40,"column":5}},"type":"if","locations":[{"start":{"line":34,"column":4},"end":{"line":40,"column":5}},{"start":{},"end":{}}],"line":34},"2":{"loc":{"start":{"line":49,"column":4},"end":{"line":54,"column":5}},"type":"if","locations":[{"start":{"line":49,"column":4},"end":{"line":54,"column":5}},{"start":{},"end":{}}],"line":49},"3":{"loc":{"start":{"line":67,"column":13},"end":{"line":67,"column":77}},"type":"cond-expr","locations":[{"start":{"line":67,"column":54},"end":{"line":67,"column":65}},{"start":{"line":67,"column":68},"end":{"line":67,"column":77}}],"line":67},"4":{"loc":{"start":{"line":83,"column":4},"end":{"line":88,"column":5}},"type":"if","locations":[{"start":{"line":83,"column":4},"end":{"line":88,"column":5}},{"start":{},"end":{}}],"line":83},"5":{"loc":{"start":{"line":101,"column":13},"end":{"line":101,"column":77}},"type":"cond-expr","locations":[{"start":{"line":101,"column":54},"end":{"line":101,"column":65}},{"start":{"line":101,"column":68},"end":{"line":101,"column":77}}],"line":101},"6":{"loc":{"start":{"line":172,"column":12},"end":{"line":172,"column":20}},"type":"default-arg","locations":[{"start":{"line":172,"column":19},"end":{"line":172,"column":20}}],"line":172},"7":{"loc":{"start":{"line":172,"column":22},"end":{"line":172,"column":32}},"type":"default-arg","locations":[{"start":{"line":172,"column":30},"end":{"line":172,"column":32}}],"line":172},"8":{"loc":{"start":{"line":176,"column":4},"end":{"line":176,"column":33}},"type":"if","locations":[{"start":{"line":176,"column":4},"end":{"line":176,"column":33}},{"start":{},"end":{}}],"line":176},"9":{"loc":{"start":{"line":177,"column":4},"end":{"line":177,"column":39}},"type":"if","locations":[{"start":{"line":177,"column":4},"end":{"line":177,"column":39}},{"start":{},"end":{}}],"line":177},"10":{"loc":{"start":{"line":213,"column":96},"end":{"line":213,"column":40344}},"type":"binary-expr","locations":[{"start":{"line":213,"column":96},"end":{"line":213,"column":133}},{"start":{"line":213,"column":137},"end":{"line":213,"column":40344}}],"line":213}},"s":{"0":2,"1":2,"2":0,"3":0,"4":0,"5":0,"6":0,"7":2,"8":0,"9":0,"10":0,"11":0,"12":0,"13":0,"14":0,"15":0,"16":0,"17":0,"18":0,"19":0,"20":2,"21":0,"22":0,"23":0,"24":0,"25":0,"26":0,"27":0,"28":0,"29":0,"30":2,"31":0,"32":0,"33":0,"34":0,"35":0,"36":0,"37":0,"38":0,"39":0,"40":0,"41":0,"42":2,"43":0,"44":0,"45":0,"46":0,"47":0,"48":0,"49":2,"50":0,"51":0,"52":0,"53":0,"54":0,"55":0,"56":0,"57":0,"58":0,"59":0,"60":0,"61":0,"62":0,"63":0},"f":{"0":0,"1":0,"2":0,"3":0,"4":0,"5":0,"6":0,"7":0},"b":{"0":[0,0],"1":[0,0],"2":[0,0],"3":[0,0],"4":[0,0],"5":[0,0],"6":[0],"7":[0],"8":[0,0],"9":[0,0],"10":[0,0]},"_coverageSchema":"1a1c01bbd47fc00a2c39e90264f33305004495a9","hash":"136ffdcb5568b8e5b0366c7f4c82d30637074b31"}
,"D:\\GLSI\\tp_test\\CRT-Platforme\\CRT_Platforme\\backend\\controllers\\authController.js": {"path":"D:\\GLSI\\tp_test\\CRT-Platforme\\CRT_Platforme\\backend\\controllers\\authController.js","statementMap":{"0":{"start":{"line":1,"column":15},"end":{"line":1,"column":34}},"1":{"start":{"line":2,"column":12},"end":{"line":2,"column":35}},"2":{"start":{"line":3,"column":13},"end":{"line":3,"column":38}},"3":{"start":{"line":4,"column":15},"end":{"line":4,"column":32}},"4":{"start":{"line":7,"column":19},"end":{"line":11,"column":1}},"5":{"start":{"line":18,"column":18},"end":{"line":20,"column":1}},"6":{"start":{"line":19,"column":2},"end":{"line":19,"column":83}},"7":{"start":{"line":22,"column":17},"end":{"line":111,"column":1}},"8":{"start":{"line":23,"column":2},"end":{"line":110,"column":3}},"9":{"start":{"line":35,"column":8},"end":{"line":35,"column":16}},"10":{"start":{"line":38,"column":4},"end":{"line":44,"column":5}},"11":{"start":{"line":39,"column":6},"end":{"line":43,"column":9}},"12":{"start":{"line":47,"column":28},"end":{"line":47,"column":47}},"13":{"start":{"line":50,"column":25},"end":{"line":50,"column":71}},"14":{"start":{"line":51,"column":4},"end":{"line":57,"column":5}},"15":{"start":{"line":52,"column":6},"end":{"line":56,"column":9}},"16":{"start":{"line":60,"column":21},"end":{"line":73,"column":5}},"17":{"start":{"line":76,"column":17},"end":{"line":76,"column":44}},"18":{"start":{"line":78,"column":4},"end":{"line":86,"column":7}},"19":{"start":{"line":88,"column":24},"end":{"line":88,"column":103}},"20":{"start":{"line":91,"column":4},"end":{"line":98,"column":5}},"21":{"start":{"line":92,"column":6},"end":{"line":97,"column":9}},"22":{"start":{"line":95,"column":51},"end":{"line":95,"column":60}},"23":{"start":{"line":101,"column":4},"end":{"line":107,"column":5}},"24":{"start":{"line":102,"column":6},"end":{"line":106,"column":9}},"25":{"start":{"line":109,"column":4},"end":{"line":109,"column":14}},"26":{"start":{"line":113,"column":14},"end":{"line":230,"column":1}},"27":{"start":{"line":114,"column":2},"end":{"line":229,"column":3}},"28":{"start":{"line":115,"column":24},"end":{"line":115,"column":107}},"29":{"start":{"line":121,"column":4},"end":{"line":134,"column":5}},"30":{"start":{"line":122,"column":6},"end":{"line":133,"column":7}},"31":{"start":{"line":123,"column":8},"end":{"line":129,"column":9}},"32":{"start":{"line":124,"column":25},"end":{"line":124,"column":45}},"33":{"start":{"line":125,"column":10},"end":{"line":125,"column":31}},"34":{"start":{"line":126,"column":10},"end":{"line":126,"column":37}},"35":{"start":{"line":128,"column":30},"end":{"line":128,"column":127}},"36":{"start":{"line":131,"column":8},"end":{"line":131,"column":31}},"37":{"start":{"line":132,"column":8},"end":{"line":132,"column":37}},"38":{"start":{"line":136,"column":24},"end":{"line":136,"column":184}},"39":{"start":{"line":139,"column":4},"end":{"line":157,"column":5}},"40":{"start":{"line":140,"column":6},"end":{"line":144,"column":9}},"41":{"start":{"line":145,"column":11},"end":{"line":157,"column":5}},"42":{"start":{"line":146,"column":6},"end":{"line":150,"column":9}},"43":{"start":{"line":151,"column":11},"end":{"line":157,"column":5}},"44":{"start":{"line":152,"column":6},"end":{"line":156,"column":9}},"45":{"start":{"line":160,"column":28},"end":{"line":160,"column":47}},"46":{"start":{"line":163,"column":22},"end":{"line":163,"column":125}},"47":{"start":{"line":166,"column":17},"end":{"line":166,"column":83}},"48":{"start":{"line":168,"column":4},"end":{"line":174,"column":5}},"49":{"start":{"line":169,"column":6},"end":{"line":173,"column":9}},"50":{"start":{"line":177,"column":18},"end":{"line":177,"column":23}},"51":{"start":{"line":178,"column":4},"end":{"line":182,"column":5}},"52":{"start":{"line":179,"column":6},"end":{"line":179,"column":76}},"53":{"start":{"line":181,"column":26},"end":{"line":181,"column":122}},"54":{"start":{"line":184,"column":4},"end":{"line":190,"column":5}},"55":{"start":{"line":185,"column":6},"end":{"line":189,"column":9}},"56":{"start":{"line":193,"column":21},"end":{"line":197,"column":12}},"57":{"start":{"line":200,"column":18},"end":{"line":203,"column":6}},"58":{"start":{"line":206,"column":4},"end":{"line":211,"column":7}},"59":{"start":{"line":213,"column":4},"end":{"line":221,"column":7}},"60":{"start":{"line":223,"column":24},"end":{"line":223,"column":98}},"61":{"start":{"line":224,"column":4},"end":{"line":228,"column":7}},"62":{"start":{"line":232,"column":16},"end":{"line":269,"column":1}},"63":{"start":{"line":233,"column":2},"end":{"line":268,"column":3}},"64":{"start":{"line":235,"column":4},"end":{"line":241,"column":5}},"65":{"start":{"line":236,"column":6},"end":{"line":240,"column":9}},"66":{"start":{"line":243,"column":17},"end":{"line":243,"column":49}},"67":{"start":{"line":244,"column":4},"end":{"line":250,"column":5}},"68":{"start":{"line":245,"column":6},"end":{"line":249,"column":9}},"69":{"start":{"line":252,"column":4},"end":{"line":264,"column":7}},"70":{"start":{"line":266,"column":24},"end":{"line":266,"column":101}},"71":{"start":{"line":267,"column":4},"end":{"line":267,"column":14}},"72":{"start":{"line":271,"column":15},"end":{"line":288,"column":1}},"73":{"start":{"line":272,"column":2},"end":{"line":287,"column":3}},"74":{"start":{"line":274,"column":4},"end":{"line":278,"column":7}},"75":{"start":{"line":280,"column":4},"end":{"line":283,"column":7}},"76":{"start":{"line":285,"column":24},"end":{"line":285,"column":99}},"77":{"start":{"line":286,"column":4},"end":{"line":286,"column":14}},"78":{"start":{"line":290,"column":21},"end":{"line":355,"column":1}},"79":{"start":{"line":291,"column":2},"end":{"line":354,"column":3}},"80":{"start":{"line":294,"column":4},"end":{"line":298,"column":5}},"81":{"start":{"line":295,"column":6},"end":{"line":295,"column":54}},"82":{"start":{"line":296,"column":11},"end":{"line":298,"column":5}},"83":{"start":{"line":297,"column":6},"end":{"line":297,"column":32}},"84":{"start":{"line":300,"column":4},"end":{"line":306,"column":5}},"85":{"start":{"line":301,"column":6},"end":{"line":305,"column":9}},"86":{"start":{"line":310,"column":4},"end":{"line":321,"column":5}},"87":{"start":{"line":311,"column":6},"end":{"line":311,"column":53}},"88":{"start":{"line":313,"column":6},"end":{"line":320,"column":9}},"89":{"start":{"line":324,"column":17},"end":{"line":324,"column":48}},"90":{"start":{"line":325,"column":4},"end":{"line":331,"column":5}},"91":{"start":{"line":326,"column":6},"end":{"line":330,"column":9}},"92":{"start":{"line":334,"column":21},"end":{"line":337,"column":6}},"93":{"start":{"line":340,"column":4},"end":{"line":345,"column":7}},"94":{"start":{"line":347,"column":4},"end":{"line":350,"column":7}},"95":{"start":{"line":352,"column":24},"end":{"line":352,"column":106}},"96":{"start":{"line":353,"column":4},"end":{"line":353,"column":14}},"97":{"start":{"line":357,"column":23},"end":{"line":417,"column":1}},"98":{"start":{"line":358,"column":2},"end":{"line":416,"column":3}},"99":{"start":{"line":359,"column":22},"end":{"line":359,"column":30}},"100":{"start":{"line":361,"column":4},"end":{"line":367,"column":5}},"101":{"start":{"line":362,"column":6},"end":{"line":366,"column":9}},"102":{"start":{"line":370,"column":17},"end":{"line":370,"column":67}},"103":{"start":{"line":372,"column":4},"end":{"line":378,"column":5}},"104":{"start":{"line":373,"column":6},"end":{"line":377,"column":9}},"105":{"start":{"line":380,"column":4},"end":{"line":407,"column":5}},"106":{"start":{"line":382,"column":25},"end":{"line":382,"column":56}},"107":{"start":{"line":383,"column":6},"end":{"line":383,"column":53}},"108":{"start":{"line":385,"column":23},"end":{"line":385,"column":106}},"109":{"start":{"line":387,"column":6},"end":{"line":392,"column":9}},"110":{"start":{"line":395,"column":26},"end":{"line":395,"column":122}},"111":{"start":{"line":398,"column":6},"end":{"line":398,"column":42}},"112":{"start":{"line":399,"column":6},"end":{"line":399,"column":44}},"113":{"start":{"line":400,"column":6},"end":{"line":400,"column":53}},"114":{"start":{"line":402,"column":6},"end":{"line":406,"column":9}},"115":{"start":{"line":409,"column":24},"end":{"line":409,"column":107}},"116":{"start":{"line":411,"column":4},"end":{"line":415,"column":7}},"117":{"start":{"line":419,"column":22},"end":{"line":487,"column":1}},"118":{"start":{"line":420,"column":2},"end":{"line":486,"column":3}},"119":{"start":{"line":421,"column":22},"end":{"line":421,"column":32}},"120":{"start":{"line":422,"column":25},"end":{"line":422,"column":33}},"121":{"start":{"line":424,"column":4},"end":{"line":430,"column":5}},"122":{"start":{"line":425,"column":6},"end":{"line":429,"column":9}},"123":{"start":{"line":433,"column":4},"end":{"line":439,"column":5}},"124":{"start":{"line":434,"column":6},"end":{"line":438,"column":9}},"125":{"start":{"line":442,"column":24},"end":{"line":445,"column":20}},"126":{"start":{"line":447,"column":17},"end":{"line":450,"column":6}},"127":{"start":{"line":452,"column":4},"end":{"line":458,"column":5}},"128":{"start":{"line":453,"column":6},"end":{"line":457,"column":9}},"129":{"start":{"line":461,"column":4},"end":{"line":461,"column":29}},"130":{"start":{"line":462,"column":4},"end":{"line":462,"column":40}},"131":{"start":{"line":463,"column":4},"end":{"line":463,"column":42}},"132":{"start":{"line":465,"column":4},"end":{"line":465,"column":22}},"133":{"start":{"line":468,"column":23},"end":{"line":468,"column":67}},"134":{"start":{"line":471,"column":4},"end":{"line":476,"column":7}},"135":{"start":{"line":478,"column":4},"end":{"line":482,"column":7}},"136":{"start":{"line":484,"column":24},"end":{"line":484,"column":107}},"137":{"start":{"line":485,"column":4},"end":{"line":485,"column":14}},"138":{"start":{"line":489,"column":0},"end":{"line":497,"column":2}},"139":{"start":{"line":504,"column":85},"end":{"line":504,"column":40356}},"140":{"start":{"line":504,"column":89},"end":{"line":504,"column":40345}}},"fnMap":{"0":{"name":"(anonymous_0)","decl":{"start":{"line":18,"column":18},"end":{"line":18,"column":19}},"loc":{"start":{"line":18,"column":31},"end":{"line":20,"column":1}},"line":18},"1":{"name":"(anonymous_1)","decl":{"start":{"line":22,"column":17},"end":{"line":22,"column":18}},"loc":{"start":{"line":22,"column":43},"end":{"line":111,"column":1}},"line":22},"2":{"name":"(anonymous_2)","decl":{"start":{"line":95,"column":46},"end":{"line":95,"column":47}},"loc":{"start":{"line":95,"column":51},"end":{"line":95,"column":60}},"line":95},"3":{"name":"(anonymous_3)","decl":{"start":{"line":113,"column":14},"end":{"line":113,"column":15}},"loc":{"start":{"line":113,"column":40},"end":{"line":230,"column":1}},"line":113},"4":{"name":"(anonymous_4)","decl":{"start":{"line":232,"column":16},"end":{"line":232,"column":17}},"loc":{"start":{"line":232,"column":42},"end":{"line":269,"column":1}},"line":232},"5":{"name":"(anonymous_5)","decl":{"start":{"line":271,"column":15},"end":{"line":271,"column":16}},"loc":{"start":{"line":271,"column":35},"end":{"line":288,"column":1}},"line":271},"6":{"name":"(anonymous_6)","decl":{"start":{"line":290,"column":21},"end":{"line":290,"column":22}},"loc":{"start":{"line":290,"column":47},"end":{"line":355,"column":1}},"line":290},"7":{"name":"(anonymous_7)","decl":{"start":{"line":357,"column":23},"end":{"line":357,"column":24}},"loc":{"start":{"line":357,"column":49},"end":{"line":417,"column":1}},"line":357},"8":{"name":"(anonymous_8)","decl":{"start":{"line":419,"column":22},"end":{"line":419,"column":23}},"loc":{"start":{"line":419,"column":48},"end":{"line":487,"column":1}},"line":419},"9":{"name":"oo_cm","decl":{"start":{"line":504,"column":77},"end":{"line":504,"column":82}},"loc":{"start":{"line":504,"column":84},"end":{"line":504,"column":40357}},"line":504}},"branchMap":{"0":{"loc":{"start":{"line":8,"column":10},"end":{"line":8,"column":49}},"type":"binary-expr","locations":[{"start":{"line":8,"column":10},"end":{"line":8,"column":32}},{"start":{"line":8,"column":36},"end":{"line":8,"column":49}}],"line":8},"1":{"loc":{"start":{"line":9,"column":13},"end":{"line":9,"column":47}},"type":"binary-expr","locations":[{"start":{"line":9,"column":13},"end":{"line":9,"column":39}},{"start":{"line":9,"column":43},"end":{"line":9,"column":47}}],"line":9},"2":{"loc":{"start":{"line":10,"column":26},"end":{"line":10,"column":66}},"type":"binary-expr","locations":[{"start":{"line":10,"column":26},"end":{"line":10,"column":59}},{"start":{"line":10,"column":63},"end":{"line":10,"column":66}}],"line":10},"3":{"loc":{"start":{"line":38,"column":4},"end":{"line":44,"column":5}},"type":"if","locations":[{"start":{"line":38,"column":4},"end":{"line":44,"column":5}},{"start":{},"end":{}}],"line":38},"4":{"loc":{"start":{"line":38,"column":8},"end":{"line":38,"column":27}},"type":"binary-expr","locations":[{"start":{"line":38,"column":8},"end":{"line":38,"column":14}},{"start":{"line":38,"column":18},"end":{"line":38,"column":27}}],"line":38},"5":{"loc":{"start":{"line":51,"column":4},"end":{"line":57,"column":5}},"type":"if","locations":[{"start":{"line":51,"column":4},"end":{"line":57,"column":5}},{"start":{},"end":{}}],"line":51},"6":{"loc":{"start":{"line":61,"column":17},"end":{"line":61,"column":36}},"type":"binary-expr","locations":[{"start":{"line":61,"column":17},"end":{"line":61,"column":26}},{"start":{"line":61,"column":30},"end":{"line":61,"column":36}}],"line":61},"7":{"loc":{"start":{"line":62,"column":16},"end":{"line":62,"column":34}},"type":"binary-expr","locations":[{"start":{"line":62,"column":16},"end":{"line":62,"column":24}},{"start":{"line":62,"column":28},"end":{"line":62,"column":34}}],"line":62},"8":{"loc":{"start":{"line":64,"column":13},"end":{"line":64,"column":32}},"type":"binary-expr","locations":[{"start":{"line":64,"column":13},"end":{"line":64,"column":18}},{"start":{"line":64,"column":22},"end":{"line":64,"column":32}}],"line":64},"9":{"loc":{"start":{"line":65,"column":11},"end":{"line":65,"column":28}},"type":"binary-expr","locations":[{"start":{"line":65,"column":11},"end":{"line":65,"column":14}},{"start":{"line":65,"column":18},"end":{"line":65,"column":28}}],"line":65},"10":{"loc":{"start":{"line":67,"column":12},"end":{"line":67,"column":30}},"type":"binary-expr","locations":[{"start":{"line":67,"column":12},"end":{"line":67,"column":16}},{"start":{"line":67,"column":20},"end":{"line":67,"column":30}}],"line":67},"11":{"loc":{"start":{"line":70,"column":12},"end":{"line":70,"column":22}},"type":"binary-expr","locations":[{"start":{"line":70,"column":12},"end":{"line":70,"column":16}},{"start":{"line":70,"column":20},"end":{"line":70,"column":22}}],"line":70},"12":{"loc":{"start":{"line":71,"column":19},"end":{"line":71,"column":36}},"type":"binary-expr","locations":[{"start":{"line":71,"column":19},"end":{"line":71,"column":30}},{"start":{"line":71,"column":34},"end":{"line":71,"column":36}}],"line":71},"13":{"loc":{"start":{"line":72,"column":18},"end":{"line":72,"column":34}},"type":"binary-expr","locations":[{"start":{"line":72,"column":18},"end":{"line":72,"column":28}},{"start":{"line":72,"column":32},"end":{"line":72,"column":34}}],"line":72},"14":{"loc":{"start":{"line":91,"column":4},"end":{"line":98,"column":5}},"type":"if","locations":[{"start":{"line":91,"column":4},"end":{"line":98,"column":5}},{"start":{},"end":{}}],"line":91},"15":{"loc":{"start":{"line":101,"column":4},"end":{"line":107,"column":5}},"type":"if","locations":[{"start":{"line":101,"column":4},"end":{"line":107,"column":5}},{"start":{},"end":{}}],"line":101},"16":{"loc":{"start":{"line":121,"column":4},"end":{"line":134,"column":5}},"type":"if","locations":[{"start":{"line":121,"column":4},"end":{"line":134,"column":5}},{"start":{},"end":{}}],"line":121},"17":{"loc":{"start":{"line":122,"column":6},"end":{"line":133,"column":7}},"type":"if","locations":[{"start":{"line":122,"column":6},"end":{"line":133,"column":7}},{"start":{"line":130,"column":13},"end":{"line":133,"column":7}}],"line":122},"18":{"loc":{"start":{"line":136,"column":118},"end":{"line":136,"column":136}},"type":"binary-expr","locations":[{"start":{"line":136,"column":118},"end":{"line":136,"column":123}},{"start":{"line":136,"column":127},"end":{"line":136,"column":136}}],"line":136},"19":{"loc":{"start":{"line":136,"column":148},"end":{"line":136,"column":179}},"type":"cond-expr","locations":[{"start":{"line":136,"column":159},"end":{"line":136,"column":167}},{"start":{"line":136,"column":170},"end":{"line":136,"column":179}}],"line":136},"20":{"loc":{"start":{"line":139,"column":4},"end":{"line":157,"column":5}},"type":"if","locations":[{"start":{"line":139,"column":4},"end":{"line":157,"column":5}},{"start":{"line":145,"column":11},"end":{"line":157,"column":5}}],"line":139},"21":{"loc":{"start":{"line":139,"column":8},"end":{"line":139,"column":27}},"type":"binary-expr","locations":[{"start":{"line":139,"column":8},"end":{"line":139,"column":14}},{"start":{"line":139,"column":18},"end":{"line":139,"column":27}}],"line":139},"22":{"loc":{"start":{"line":145,"column":11},"end":{"line":157,"column":5}},"type":"if","locations":[{"start":{"line":145,"column":11},"end":{"line":157,"column":5}},{"start":{"line":151,"column":11},"end":{"line":157,"column":5}}],"line":145},"23":{"loc":{"start":{"line":151,"column":11},"end":{"line":157,"column":5}},"type":"if","locations":[{"start":{"line":151,"column":11},"end":{"line":157,"column":5}},{"start":{},"end":{}}],"line":151},"24":{"loc":{"start":{"line":163,"column":22},"end":{"line":163,"column":125}},"type":"binary-expr","locations":[{"start":{"line":163,"column":22},"end":{"line":163,"column":53}},{"start":{"line":163,"column":57},"end":{"line":163,"column":95}},{"start":{"line":163,"column":99},"end":{"line":163,"column":125}}],"line":163},"25":{"loc":{"start":{"line":168,"column":4},"end":{"line":174,"column":5}},"type":"if","locations":[{"start":{"line":168,"column":4},"end":{"line":174,"column":5}},{"start":{},"end":{}}],"line":168},"26":{"loc":{"start":{"line":168,"column":8},"end":{"line":168,"column":27}},"type":"binary-expr","locations":[{"start":{"line":168,"column":8},"end":{"line":168,"column":13}},{"start":{"line":168,"column":17},"end":{"line":168,"column":27}}],"line":168},"27":{"loc":{"start":{"line":179,"column":16},"end":{"line":179,"column":75}},"type":"binary-expr","locations":[{"start":{"line":179,"column":16},"end":{"line":179,"column":25}},{"start":{"line":179,"column":30},"end":{"line":179,"column":34}},{"start":{"line":179,"column":38},"end":{"line":179,"column":74}}],"line":179},"28":{"loc":{"start":{"line":184,"column":4},"end":{"line":190,"column":5}},"type":"if","locations":[{"start":{"line":184,"column":4},"end":{"line":190,"column":5}},{"start":{},"end":{}}],"line":184},"29":{"loc":{"start":{"line":193,"column":21},"end":{"line":197,"column":12}},"type":"cond-expr","locations":[{"start":{"line":193,"column":33},"end":{"line":197,"column":5}},{"start":{"line":197,"column":8},"end":{"line":197,"column":12}}],"line":193},"30":{"loc":{"start":{"line":235,"column":4},"end":{"line":241,"column":5}},"type":"if","locations":[{"start":{"line":235,"column":4},"end":{"line":241,"column":5}},{"start":{},"end":{}}],"line":235},"31":{"loc":{"start":{"line":235,"column":8},"end":{"line":235,"column":33}},"type":"binary-expr","locations":[{"start":{"line":235,"column":8},"end":{"line":235,"column":17}},{"start":{"line":235,"column":21},"end":{"line":235,"column":33}}],"line":235},"32":{"loc":{"start":{"line":244,"column":4},"end":{"line":250,"column":5}},"type":"if","locations":[{"start":{"line":244,"column":4},"end":{"line":250,"column":5}},{"start":{},"end":{}}],"line":244},"33":{"loc":{"start":{"line":294,"column":4},"end":{"line":298,"column":5}},"type":"if","locations":[{"start":{"line":294,"column":4},"end":{"line":298,"column":5}},{"start":{"line":296,"column":11},"end":{"line":298,"column":5}}],"line":294},"34":{"loc":{"start":{"line":296,"column":11},"end":{"line":298,"column":5}},"type":"if","locations":[{"start":{"line":296,"column":11},"end":{"line":298,"column":5}},{"start":{},"end":{}}],"line":296},"35":{"loc":{"start":{"line":300,"column":4},"end":{"line":306,"column":5}},"type":"if","locations":[{"start":{"line":300,"column":4},"end":{"line":306,"column":5}},{"start":{},"end":{}}],"line":300},"36":{"loc":{"start":{"line":315,"column":17},"end":{"line":317,"column":26}},"type":"cond-expr","locations":[{"start":{"line":316,"column":10},"end":{"line":316,"column":54}},{"start":{"line":317,"column":10},"end":{"line":317,"column":26}}],"line":315},"37":{"loc":{"start":{"line":318,"column":14},"end":{"line":319,"column":43}},"type":"cond-expr","locations":[{"start":{"line":319,"column":10},"end":{"line":319,"column":25}},{"start":{"line":319,"column":28},"end":{"line":319,"column":43}}],"line":318},"38":{"loc":{"start":{"line":325,"column":4},"end":{"line":331,"column":5}},"type":"if","locations":[{"start":{"line":325,"column":4},"end":{"line":331,"column":5}},{"start":{},"end":{}}],"line":325},"39":{"loc":{"start":{"line":361,"column":4},"end":{"line":367,"column":5}},"type":"if","locations":[{"start":{"line":361,"column":4},"end":{"line":367,"column":5}},{"start":{},"end":{}}],"line":361},"40":{"loc":{"start":{"line":372,"column":4},"end":{"line":378,"column":5}},"type":"if","locations":[{"start":{"line":372,"column":4},"end":{"line":378,"column":5}},{"start":{},"end":{}}],"line":372},"41":{"loc":{"start":{"line":385,"column":26},"end":{"line":385,"column":75}},"type":"binary-expr","locations":[{"start":{"line":385,"column":26},"end":{"line":385,"column":48}},{"start":{"line":385,"column":52},"end":{"line":385,"column":75}}],"line":385},"42":{"loc":{"start":{"line":424,"column":4},"end":{"line":430,"column":5}},"type":"if","locations":[{"start":{"line":424,"column":4},"end":{"line":430,"column":5}},{"start":{},"end":{}}],"line":424},"43":{"loc":{"start":{"line":424,"column":8},"end":{"line":424,"column":27}},"type":"binary-expr","locations":[{"start":{"line":424,"column":8},"end":{"line":424,"column":14}},{"start":{"line":424,"column":18},"end":{"line":424,"column":27}}],"line":424},"44":{"loc":{"start":{"line":433,"column":4},"end":{"line":439,"column":5}},"type":"if","locations":[{"start":{"line":433,"column":4},"end":{"line":439,"column":5}},{"start":{},"end":{}}],"line":433},"45":{"loc":{"start":{"line":452,"column":4},"end":{"line":458,"column":5}},"type":"if","locations":[{"start":{"line":452,"column":4},"end":{"line":458,"column":5}},{"start":{},"end":{}}],"line":452},"46":{"loc":{"start":{"line":504,"column":96},"end":{"line":504,"column":40344}},"type":"binary-expr","locations":[{"start":{"line":504,"column":96},"end":{"line":504,"column":133}},{"start":{"line":504,"column":137},"end":{"line":504,"column":40344}}],"line":504}},"s":{"0":2,"1":2,"2":2,"3":2,"4":2,"5":2,"6":0,"7":2,"8":1,"9":1,"10":1,"11":0,"12":1,"13":1,"14":1,"15":1,"16":0,"17":0,"18":0,"19":0,"20":0,"21":0,"22":0,"23":0,"24":0,"25":0,"26":2,"27":0,"28":0,"29":0,"30":0,"31":0,"32":0,"33":0,"34":0,"35":0,"36":0,"37":0,"38":0,"39":0,"40":0,"41":0,"42":0,"43":0,"44":0,"45":0,"46":0,"47":0,"48":0,"49":0,"50":0,"51":0,"52":0,"53":0,"54":0,"55":0,"56":0,"57":0,"58":0,"59":0,"60":0,"61":0,"62":2,"63":0,"64":0,"65":0,"66":0,"67":0,"68":0,"69":0,"70":0,"71":0,"72":2,"73":0,"74":0,"75":0,"76":0,"77":0,"78":2,"79":0,"80":0,"81":0,"82":0,"83":0,"84":0,"85":0,"86":0,"87":0,"88":0,"89":0,"90":0,"91":0,"92":0,"93":0,"94":0,"95":0,"96":0,"97":2,"98":1,"99":1,"100":1,"101":0,"102":1,"103":1,"104":0,"105":1,"106":1,"107":0,"108":0,"109":0,"110":1,"111":1,"112":1,"113":1,"114":0,"115":1,"116":1,"117":2,"118":0,"119":0,"120":0,"121":0,"122":0,"123":0,"124":0,"125":0,"126":0,"127":0,"128":0,"129":0,"130":0,"131":0,"132":0,"133":0,"134":0,"135":0,"136":0,"137":0,"138":2,"139":2,"140":2},"f":{"0":0,"1":1,"2":0,"3":0,"4":0,"5":0,"6":0,"7":1,"8":0,"9":2},"b":{"0":[2,0],"1":[2,0],"2":[2,0],"3":[0,1],"4":[1,1],"5":[1,0],"6":[0,0],"7":[0,0],"8":[0,0],"9":[0,0],"10":[0,0],"11":[0,0],"12":[0,0],"13":[0,0],"14":[0,0],"15":[0,0],"16":[0,0],"17":[0,0],"18":[0,0],"19":[0,0],"20":[0,0],"21":[0,0],"22":[0,0],"23":[0,0],"24":[0,0,0],"25":[0,0],"26":[0,0],"27":[0,0,0],"28":[0,0],"29":[0,0],"30":[0,0],"31":[0,0],"32":[0,0],"33":[0,0],"34":[0,0],"35":[0,0],"36":[0,0],"37":[0,0],"38":[0,0],"39":[0,1],"40":[0,1],"41":[0,0],"42":[0,0],"43":[0,0],"44":[0,0],"45":[0,0],"46":[2,0]},"_coverageSchema":"1a1c01bbd47fc00a2c39e90264f33305004495a9","hash":"032629d2d43c09142c8469985d8564009c5048e1"}
,"D:\\GLSI\\tp_test\\CRT-Platforme\\CRT_Platforme\\backend\\middlewares\\authMiddleware.js": {"path":"D:\\GLSI\\tp_test\\CRT-Platforme\\CRT_Platforme\\backend\\middlewares\\authMiddleware.js","statementMap":{"0":{"start":{"line":1,"column":12},"end":{"line":1,"column":35}},"1":{"start":{"line":2,"column":13},"end":{"line":2,"column":38}},"2":{"start":{"line":8,"column":0},"end":{"line":106,"column":2}},"3":{"start":{"line":12,"column":2},"end":{"line":16,"column":3}},"4":{"start":{"line":13,"column":4},"end":{"line":13,"column":52}},"5":{"start":{"line":14,"column":9},"end":{"line":16,"column":3}},"6":{"start":{"line":15,"column":4},"end":{"line":15,"column":30}},"7":{"start":{"line":19,"column":2},"end":{"line":25,"column":3}},"8":{"start":{"line":20,"column":4},"end":{"line":24,"column":7}},"9":{"start":{"line":27,"column":2},"end":{"line":105,"column":3}},"10":{"start":{"line":29,"column":20},"end":{"line":29,"column":78}},"11":{"start":{"line":32,"column":4},"end":{"line":38,"column":5}},"12":{"start":{"line":33,"column":6},"end":{"line":37,"column":9}},"13":{"start":{"line":41,"column":24},"end":{"line":41,"column":55}},"14":{"start":{"line":42,"column":4},"end":{"line":48,"column":5}},"15":{"start":{"line":43,"column":6},"end":{"line":47,"column":9}},"16":{"start":{"line":51,"column":4},"end":{"line":57,"column":5}},"17":{"start":{"line":52,"column":6},"end":{"line":56,"column":9}},"18":{"start":{"line":61,"column":4},"end":{"line":69,"column":5}},"19":{"start":{"line":64,"column":6},"end":{"line":68,"column":9}},"20":{"start":{"line":72,"column":4},"end":{"line":77,"column":6}},"21":{"start":{"line":79,"column":4},"end":{"line":79,"column":11}},"22":{"start":{"line":82,"column":21},"end":{"line":95,"column":5}},"23":{"start":{"line":97,"column":30},"end":{"line":97,"column":68}},"24":{"start":{"line":99,"column":4},"end":{"line":104,"column":7}},"25":{"start":{"line":112,"column":0},"end":{"line":136,"column":2}},"26":{"start":{"line":113,"column":2},"end":{"line":135,"column":4}},"27":{"start":{"line":115,"column":4},"end":{"line":121,"column":5}},"28":{"start":{"line":116,"column":6},"end":{"line":120,"column":9}},"29":{"start":{"line":124,"column":4},"end":{"line":132,"column":5}},"30":{"start":{"line":125,"column":6},"end":{"line":131,"column":9}},"31":{"start":{"line":134,"column":4},"end":{"line":134,"column":11}},"32":{"start":{"line":143,"column":0},"end":{"line":177,"column":2}},"33":{"start":{"line":144,"column":2},"end":{"line":176,"column":4}},"34":{"start":{"line":145,"column":4},"end":{"line":175,"column":5}},"35":{"start":{"line":146,"column":23},"end":{"line":146,"column":66}},"36":{"start":{"line":148,"column":6},"end":{"line":154,"column":7}},"37":{"start":{"line":149,"column":8},"end":{"line":153,"column":11}},"38":{"start":{"line":157,"column":6},"end":{"line":163,"column":7}},"39":{"start":{"line":158,"column":8},"end":{"line":162,"column":11}},"40":{"start":{"line":165,"column":6},"end":{"line":165,"column":30}},"41":{"start":{"line":166,"column":6},"end":{"line":166,"column":13}},"42":{"start":{"line":168,"column":26},"end":{"line":168,"column":84}},"43":{"start":{"line":169,"column":6},"end":{"line":174,"column":9}},"44":{"start":{"line":185,"column":0},"end":{"line":217,"column":2}},"45":{"start":{"line":186,"column":16},"end":{"line":186,"column":51}},"46":{"start":{"line":187,"column":22},"end":{"line":187,"column":123}},"47":{"start":{"line":188,"column":2},"end":{"line":194,"column":3}},"48":{"start":{"line":189,"column":4},"end":{"line":193,"column":7}},"49":{"start":{"line":195,"column":22},"end":{"line":195,"column":103}},"50":{"start":{"line":197,"column":2},"end":{"line":216,"column":3}},"51":{"start":{"line":198,"column":20},"end":{"line":198,"column":61}},"52":{"start":{"line":200,"column":4},"end":{"line":202,"column":5}},"53":{"start":{"line":201,"column":6},"end":{"line":201,"column":40}},"54":{"start":{"line":204,"column":4},"end":{"line":207,"column":6}},"55":{"start":{"line":208,"column":4},"end":{"line":208,"column":11}},"56":{"start":{"line":210,"column":4},"end":{"line":215,"column":7}},"57":{"start":{"line":224,"column":85},"end":{"line":224,"column":40356}},"58":{"start":{"line":224,"column":89},"end":{"line":224,"column":40345}}},"fnMap":{"0":{"name":"(anonymous_0)","decl":{"start":{"line":8,"column":18},"end":{"line":8,"column":19}},"loc":{"start":{"line":8,"column":44},"end":{"line":106,"column":1}},"line":8},"1":{"name":"(anonymous_1)","decl":{"start":{"line":112,"column":21},"end":{"line":112,"column":22}},"loc":{"start":{"line":112,"column":35},"end":{"line":136,"column":1}},"line":112},"2":{"name":"(anonymous_2)","decl":{"start":{"line":113,"column":9},"end":{"line":113,"column":10}},"loc":{"start":{"line":113,"column":29},"end":{"line":135,"column":3}},"line":113},"3":{"name":"(anonymous_3)","decl":{"start":{"line":143,"column":26},"end":{"line":143,"column":27}},"loc":{"start":{"line":143,"column":55},"end":{"line":177,"column":1}},"line":143},"4":{"name":"(anonymous_4)","decl":{"start":{"line":144,"column":9},"end":{"line":144,"column":10}},"loc":{"start":{"line":144,"column":35},"end":{"line":176,"column":3}},"line":144},"5":{"name":"(anonymous_5)","decl":{"start":{"line":185,"column":25},"end":{"line":185,"column":26}},"loc":{"start":{"line":185,"column":45},"end":{"line":217,"column":1}},"line":185},"6":{"name":"oo_cm","decl":{"start":{"line":224,"column":77},"end":{"line":224,"column":82}},"loc":{"start":{"line":224,"column":84},"end":{"line":224,"column":40357}},"line":224}},"branchMap":{"0":{"loc":{"start":{"line":12,"column":2},"end":{"line":16,"column":3}},"type":"if","locations":[{"start":{"line":12,"column":2},"end":{"line":16,"column":3}},{"start":{"line":14,"column":9},"end":{"line":16,"column":3}}],"line":12},"1":{"loc":{"start":{"line":14,"column":9},"end":{"line":16,"column":3}},"type":"if","locations":[{"start":{"line":14,"column":9},"end":{"line":16,"column":3}},{"start":{},"end":{}}],"line":14},"2":{"loc":{"start":{"line":19,"column":2},"end":{"line":25,"column":3}},"type":"if","locations":[{"start":{"line":19,"column":2},"end":{"line":25,"column":3}},{"start":{},"end":{}}],"line":19},"3":{"loc":{"start":{"line":29,"column":38},"end":{"line":29,"column":77}},"type":"binary-expr","locations":[{"start":{"line":29,"column":38},"end":{"line":29,"column":60}},{"start":{"line":29,"column":64},"end":{"line":29,"column":77}}],"line":29},"4":{"loc":{"start":{"line":32,"column":4},"end":{"line":38,"column":5}},"type":"if","locations":[{"start":{"line":32,"column":4},"end":{"line":38,"column":5}},{"start":{},"end":{}}],"line":32},"5":{"loc":{"start":{"line":42,"column":4},"end":{"line":48,"column":5}},"type":"if","locations":[{"start":{"line":42,"column":4},"end":{"line":48,"column":5}},{"start":{},"end":{}}],"line":42},"6":{"loc":{"start":{"line":51,"column":4},"end":{"line":57,"column":5}},"type":"if","locations":[{"start":{"line":51,"column":4},"end":{"line":57,"column":5}},{"start":{},"end":{}}],"line":51},"7":{"loc":{"start":{"line":51,"column":8},"end":{"line":51,"column":76}},"type":"binary-expr","locations":[{"start":{"line":51,"column":8},"end":{"line":51,"column":39}},{"start":{"line":51,"column":43},"end":{"line":51,"column":76}}],"line":51},"8":{"loc":{"start":{"line":61,"column":4},"end":{"line":69,"column":5}},"type":"if","locations":[{"start":{"line":61,"column":4},"end":{"line":69,"column":5}},{"start":{},"end":{}}],"line":61},"9":{"loc":{"start":{"line":61,"column":8},"end":{"line":63,"column":53}},"type":"binary-expr","locations":[{"start":{"line":61,"column":8},"end":{"line":61,"column":19}},{"start":{"line":62,"column":8},"end":{"line":62,"column":40}},{"start":{"line":63,"column":8},"end":{"line":63,"column":53}}],"line":61},"10":{"loc":{"start":{"line":74,"column":12},"end":{"line":74,"column":58}},"type":"binary-expr","locations":[{"start":{"line":74,"column":12},"end":{"line":74,"column":28}},{"start":{"line":74,"column":32},"end":{"line":74,"column":44}},{"start":{"line":74,"column":48},"end":{"line":74,"column":58}}],"line":74},"11":{"loc":{"start":{"line":97,"column":30},"end":{"line":97,"column":68}},"type":"binary-expr","locations":[{"start":{"line":97,"column":30},"end":{"line":97,"column":48}},{"start":{"line":97,"column":52},"end":{"line":97,"column":68}}],"line":97},"12":{"loc":{"start":{"line":103,"column":15},"end":{"line":103,"column":79}},"type":"cond-expr","locations":[{"start":{"line":103,"column":56},"end":{"line":103,"column":67}},{"start":{"line":103,"column":70},"end":{"line":103,"column":79}}],"line":103},"13":{"loc":{"start":{"line":115,"column":4},"end":{"line":121,"column":5}},"type":"if","locations":[{"start":{"line":115,"column":4},"end":{"line":121,"column":5}},{"start":{},"end":{}}],"line":115},"14":{"loc":{"start":{"line":124,"column":4},"end":{"line":132,"column":5}},"type":"if","locations":[{"start":{"line":124,"column":4},"end":{"line":132,"column":5}},{"start":{},"end":{}}],"line":124},"15":{"loc":{"start":{"line":143,"column":34},"end":{"line":143,"column":50}},"type":"default-arg","locations":[{"start":{"line":143,"column":46},"end":{"line":143,"column":50}}],"line":143},"16":{"loc":{"start":{"line":148,"column":6},"end":{"line":154,"column":7}},"type":"if","locations":[{"start":{"line":148,"column":6},"end":{"line":154,"column":7}},{"start":{},"end":{}}],"line":148},"17":{"loc":{"start":{"line":157,"column":6},"end":{"line":163,"column":7}},"type":"if","locations":[{"start":{"line":157,"column":6},"end":{"line":163,"column":7}},{"start":{},"end":{}}],"line":157},"18":{"loc":{"start":{"line":157,"column":10},"end":{"line":157,"column":79}},"type":"binary-expr","locations":[{"start":{"line":157,"column":10},"end":{"line":157,"column":50}},{"start":{"line":157,"column":54},"end":{"line":157,"column":79}}],"line":157},"19":{"loc":{"start":{"line":173,"column":17},"end":{"line":173,"column":81}},"type":"cond-expr","locations":[{"start":{"line":173,"column":58},"end":{"line":173,"column":69}},{"start":{"line":173,"column":72},"end":{"line":173,"column":81}}],"line":173},"20":{"loc":{"start":{"line":186,"column":16},"end":{"line":186,"column":51}},"type":"binary-expr","locations":[{"start":{"line":186,"column":16},"end":{"line":186,"column":32}},{"start":{"line":186,"column":36},"end":{"line":186,"column":51}}],"line":186},"21":{"loc":{"start":{"line":188,"column":2},"end":{"line":194,"column":3}},"type":"if","locations":[{"start":{"line":188,"column":2},"end":{"line":194,"column":3}},{"start":{},"end":{}}],"line":188},"22":{"loc":{"start":{"line":200,"column":4},"end":{"line":202,"column":5}},"type":"if","locations":[{"start":{"line":200,"column":4},"end":{"line":202,"column":5}},{"start":{},"end":{}}],"line":200},"23":{"loc":{"start":{"line":200,"column":8},"end":{"line":200,"column":36}},"type":"binary-expr","locations":[{"start":{"line":200,"column":8},"end":{"line":200,"column":21}},{"start":{"line":200,"column":25},"end":{"line":200,"column":36}}],"line":200},"24":{"loc":{"start":{"line":214,"column":15},"end":{"line":214,"column":79}},"type":"cond-expr","locations":[{"start":{"line":214,"column":56},"end":{"line":214,"column":67}},{"start":{"line":214,"column":70},"end":{"line":214,"column":79}}],"line":214},"25":{"loc":{"start":{"line":224,"column":96},"end":{"line":224,"column":40344}},"type":"binary-expr","locations":[{"start":{"line":224,"column":96},"end":{"line":224,"column":133}},{"start":{"line":224,"column":137},"end":{"line":224,"column":40344}}],"line":224}},"s":{"0":3,"1":3,"2":3,"3":6,"4":3,"5":3,"6":1,"7":6,"8":2,"9":4,"10":4,"11":4,"12":0,"13":4,"14":4,"15":0,"16":4,"17":0,"18":4,"19":0,"20":4,"21":4,"22":0,"23":0,"24":0,"25":3,"26":15,"27":3,"28":1,"29":2,"30":1,"31":1,"32":3,"33":0,"34":0,"35":0,"36":0,"37":0,"38":0,"39":0,"40":0,"41":0,"42":0,"43":0,"44":3,"45":0,"46":0,"47":0,"48":0,"49":0,"50":0,"51":0,"52":0,"53":0,"54":0,"55":0,"56":0,"57":0,"58":0},"f":{"0":6,"1":15,"2":3,"3":0,"4":0,"5":0,"6":0},"b":{"0":[3,3],"1":[1,2],"2":[2,4],"3":[4,0],"4":[0,4],"5":[0,4],"6":[0,4],"7":[4,0],"8":[0,4],"9":[4,0,0],"10":[4,0,0],"11":[0,0],"12":[0,0],"13":[1,2],"14":[1,1],"15":[0],"16":[0,0],"17":[0,0],"18":[0,0],"19":[0,0],"20":[0,0],"21":[0,0],"22":[0,0],"23":[0,0],"24":[0,0],"25":[0,0]},"_coverageSchema":"1a1c01bbd47fc00a2c39e90264f33305004495a9","hash":"2bf58bed254c4b2d41838f4a577ef03f1fcfd834"}
,"D:\\GLSI\\tp_test\\CRT-Platforme\\CRT_Platforme\\backend\\middlewares\\debugMiddleware.js": {"path":"D:\\GLSI\\tp_test\\CRT-Platforme\\CRT_Platforme\\backend\\middlewares\\debugMiddleware.js","statementMap":{"0":{"start":{"line":5,"column":0},"end":{"line":26,"column":2}},"1":{"start":{"line":7,"column":2},"end":{"line":23,"column":3}},"2":{"start":{"line":8,"column":24},"end":{"line":8,"column":106}},"3":{"start":{"line":9,"column":24},"end":{"line":9,"column":95}},"4":{"start":{"line":10,"column":24},"end":{"line":10,"column":95}},"5":{"start":{"line":11,"column":24},"end":{"line":11,"column":118}},"6":{"start":{"line":12,"column":24},"end":{"line":12,"column":97}},"7":{"start":{"line":15,"column":4},"end":{"line":22,"column":5}},"8":{"start":{"line":17,"column":28},"end":{"line":17,"column":43}},"9":{"start":{"line":18,"column":6},"end":{"line":18,"column":70}},"10":{"start":{"line":18,"column":34},"end":{"line":18,"column":70}},"11":{"start":{"line":19,"column":26},"end":{"line":19,"column":98}},"12":{"start":{"line":21,"column":26},"end":{"line":21,"column":89}},"13":{"start":{"line":25,"column":2},"end":{"line":25,"column":9}},"14":{"start":{"line":33,"column":85},"end":{"line":33,"column":40356}},"15":{"start":{"line":33,"column":89},"end":{"line":33,"column":40345}}},"fnMap":{"0":{"name":"(anonymous_0)","decl":{"start":{"line":5,"column":23},"end":{"line":5,"column":24}},"loc":{"start":{"line":5,"column":43},"end":{"line":26,"column":1}},"line":5},"1":{"name":"oo_cm","decl":{"start":{"line":33,"column":77},"end":{"line":33,"column":82}},"loc":{"start":{"line":33,"column":84},"end":{"line":33,"column":40357}},"line":33}},"branchMap":{"0":{"loc":{"start":{"line":7,"column":2},"end":{"line":23,"column":3}},"type":"if","locations":[{"start":{"line":7,"column":2},"end":{"line":23,"column":3}},{"start":{},"end":{}}],"line":7},"1":{"loc":{"start":{"line":15,"column":4},"end":{"line":22,"column":5}},"type":"if","locations":[{"start":{"line":15,"column":4},"end":{"line":22,"column":5}},{"start":{"line":20,"column":11},"end":{"line":22,"column":5}}],"line":15},"2":{"loc":{"start":{"line":15,"column":8},"end":{"line":15,"column":52}},"type":"binary-expr","locations":[{"start":{"line":15,"column":8},"end":{"line":15,"column":16}},{"start":{"line":15,"column":20},"end":{"line":15,"column":52}}],"line":15},"3":{"loc":{"start":{"line":18,"column":6},"end":{"line":18,"column":70}},"type":"if","locations":[{"start":{"line":18,"column":6},"end":{"line":18,"column":70}},{"start":{},"end":{}}],"line":18},"4":{"loc":{"start":{"line":33,"column":96},"end":{"line":33,"column":40344}},"type":"binary-expr","locations":[{"start":{"line":33,"column":96},"end":{"line":33,"column":133}},{"start":{"line":33,"column":137},"end":{"line":33,"column":40344}}],"line":33}},"s":{"0":2,"1":0,"2":0,"3":0,"4":0,"5":0,"6":0,"7":0,"8":0,"9":0,"10":0,"11":0,"12":0,"13":0,"14":0,"15":0},"f":{"0":0,"1":0},"b":{"0":[0,0],"1":[0,0],"2":[0,0],"3":[0,0],"4":[0,0]},"_coverageSchema":"1a1c01bbd47fc00a2c39e90264f33305004495a9","hash":"e220d64e222d8adcbbc66ba37e118713eb7f2dca"}
,"D:\\GLSI\\tp_test\\CRT-Platforme\\CRT_Platforme\\backend\\middlewares\\loginMiddleware.js": {"path":"D:\\GLSI\\tp_test\\CRT-Platforme\\CRT_Platforme\\backend\\middlewares\\loginMiddleware.js","statementMap":{"0":{"start":{"line":4,"column":0},"end":{"line":22,"column":2}},"1":{"start":{"line":5,"column":22},"end":{"line":5,"column":94}},"2":{"start":{"line":8,"column":2},"end":{"line":19,"column":3}},"3":{"start":{"line":9,"column":24},"end":{"line":9,"column":107}},"4":{"start":{"line":12,"column":4},"end":{"line":18,"column":5}},"5":{"start":{"line":13,"column":26},"end":{"line":13,"column":128}},"6":{"start":{"line":14,"column":6},"end":{"line":17,"column":8}},"7":{"start":{"line":21,"column":2},"end":{"line":21,"column":9}},"8":{"start":{"line":29,"column":85},"end":{"line":29,"column":40356}},"9":{"start":{"line":29,"column":89},"end":{"line":29,"column":40345}}},"fnMap":{"0":{"name":"(anonymous_0)","decl":{"start":{"line":4,"column":32},"end":{"line":4,"column":33}},"loc":{"start":{"line":4,"column":52},"end":{"line":22,"column":1}},"line":4},"1":{"name":"oo_cm","decl":{"start":{"line":29,"column":77},"end":{"line":29,"column":82}},"loc":{"start":{"line":29,"column":84},"end":{"line":29,"column":40357}},"line":29}},"branchMap":{"0":{"loc":{"start":{"line":8,"column":2},"end":{"line":19,"column":3}},"type":"if","locations":[{"start":{"line":8,"column":2},"end":{"line":19,"column":3}},{"start":{},"end":{}}],"line":8},"1":{"loc":{"start":{"line":8,"column":6},"end":{"line":8,"column":56}},"type":"binary-expr","locations":[{"start":{"line":8,"column":6},"end":{"line":8,"column":15}},{"start":{"line":8,"column":19},"end":{"line":8,"column":34}},{"start":{"line":8,"column":38},"end":{"line":8,"column":56}}],"line":8},"2":{"loc":{"start":{"line":12,"column":4},"end":{"line":18,"column":5}},"type":"if","locations":[{"start":{"line":12,"column":4},"end":{"line":18,"column":5}},{"start":{},"end":{}}],"line":12},"3":{"loc":{"start":{"line":29,"column":96},"end":{"line":29,"column":40344}},"type":"binary-expr","locations":[{"start":{"line":29,"column":96},"end":{"line":29,"column":133}},{"start":{"line":29,"column":137},"end":{"line":29,"column":40344}}],"line":29}},"s":{"0":2,"1":0,"2":0,"3":0,"4":0,"5":0,"6":0,"7":0,"8":0,"9":0},"f":{"0":0,"1":0},"b":{"0":[0,0],"1":[0,0,0],"2":[0,0],"3":[0,0]},"_coverageSchema":"1a1c01bbd47fc00a2c39e90264f33305004495a9","hash":"c63ff2f32f3af74949e9cde08b6d171cf0237fad"}
,"D:\\GLSI\\tp_test\\CRT-Platforme\\CRT_Platforme\\backend\\middlewares\\validationMiddleware.js": {"path":"D:\\GLSI\\tp_test\\CRT-Platforme\\CRT_Platforme\\backend\\middlewares\\validationMiddleware.js","statementMap":{"0":{"start":{"line":1,"column":36},"end":{"line":1,"column":64}},"1":{"start":{"line":8,"column":0},"end":{"line":42,"column":2}},"2":{"start":{"line":9,"column":2},"end":{"line":41,"column":4}},"3":{"start":{"line":10,"column":4},"end":{"line":40,"column":5}},"4":{"start":{"line":12,"column":6},"end":{"line":12,"column":76}},"5":{"start":{"line":12,"column":54},"end":{"line":12,"column":73}},"6":{"start":{"line":15,"column":21},"end":{"line":15,"column":42}},"7":{"start":{"line":16,"column":6},"end":{"line":18,"column":7}},"8":{"start":{"line":17,"column":8},"end":{"line":17,"column":22}},"9":{"start":{"line":21,"column":30},"end":{"line":24,"column":9}},"10":{"start":{"line":21,"column":59},"end":{"line":24,"column":7}},"11":{"start":{"line":27,"column":6},"end":{"line":32,"column":9}},"12":{"start":{"line":34,"column":26},"end":{"line":34,"column":114}},"13":{"start":{"line":35,"column":6},"end":{"line":39,"column":9}},"14":{"start":{"line":47,"column":0},"end":{"line":64,"column":2}},"15":{"start":{"line":71,"column":85},"end":{"line":71,"column":40356}},"16":{"start":{"line":71,"column":89},"end":{"line":71,"column":40345}}},"fnMap":{"0":{"name":"(anonymous_0)","decl":{"start":{"line":8,"column":19},"end":{"line":8,"column":20}},"loc":{"start":{"line":8,"column":36},"end":{"line":42,"column":1}},"line":8},"1":{"name":"(anonymous_1)","decl":{"start":{"line":9,"column":9},"end":{"line":9,"column":10}},"loc":{"start":{"line":9,"column":35},"end":{"line":41,"column":3}},"line":9},"2":{"name":"(anonymous_2)","decl":{"start":{"line":12,"column":40},"end":{"line":12,"column":41}},"loc":{"start":{"line":12,"column":54},"end":{"line":12,"column":73}},"line":12},"3":{"name":"(anonymous_3)","decl":{"start":{"line":21,"column":49},"end":{"line":21,"column":50}},"loc":{"start":{"line":21,"column":59},"end":{"line":24,"column":7}},"line":21},"4":{"name":"oo_cm","decl":{"start":{"line":71,"column":77},"end":{"line":71,"column":82}},"loc":{"start":{"line":71,"column":84},"end":{"line":71,"column":40357}},"line":71}},"branchMap":{"0":{"loc":{"start":{"line":16,"column":6},"end":{"line":18,"column":7}},"type":"if","locations":[{"start":{"line":16,"column":6},"end":{"line":18,"column":7}},{"start":{},"end":{}}],"line":16},"1":{"loc":{"start":{"line":71,"column":96},"end":{"line":71,"column":40344}},"type":"binary-expr","locations":[{"start":{"line":71,"column":96},"end":{"line":71,"column":133}},{"start":{"line":71,"column":137},"end":{"line":71,"column":40344}}],"line":71}},"s":{"0":2,"1":2,"2":12,"3":2,"4":2,"5":8,"6":2,"7":2,"8":2,"9":0,"10":0,"11":0,"12":0,"13":0,"14":2,"15":0,"16":0},"f":{"0":12,"1":2,"2":8,"3":0,"4":0},"b":{"0":[2,0],"1":[0,0]},"_coverageSchema":"1a1c01bbd47fc00a2c39e90264f33305004495a9","hash":"4962ab2a0ec9b7f2bdf3d4fc4275e1d051db81cf"}
,"D:\\GLSI\\tp_test\\CRT-Platforme\\CRT_Platforme\\backend\\routes\\adminRoutes.js": {"path":"D:\\GLSI\\tp_test\\CRT-Platforme\\CRT_Platforme\\backend\\routes\\adminRoutes.js","statementMap":{"0":{"start":{"line":1,"column":16},"end":{"line":1,"column":34}},"1":{"start":{"line":2,"column":15},"end":{"line":2,"column":31}},"2":{"start":{"line":3,"column":24},"end":{"line":3,"column":65}},"3":{"start":{"line":4,"column":23},"end":{"line":4,"column":63}},"4":{"start":{"line":5,"column":23},"end":{"line":5,"column":63}},"5":{"start":{"line":6,"column":18},"end":{"line":6,"column":46}},"6":{"start":{"line":7,"column":38},"end":{"line":7,"column":84}},"7":{"start":{"line":10,"column":0},"end":{"line":12,"column":3}},"8":{"start":{"line":11,"column":2},"end":{"line":11,"column":35}},"9":{"start":{"line":20,"column":0},"end":{"line":24,"column":2}},"10":{"start":{"line":33,"column":0},"end":{"line":42,"column":2}},"11":{"start":{"line":51,"column":0},"end":{"line":60,"column":2}},"12":{"start":{"line":68,"column":0},"end":{"line":73,"column":2}},"13":{"start":{"line":81,"column":0},"end":{"line":86,"column":2}},"14":{"start":{"line":94,"column":0},"end":{"line":105,"column":2}},"15":{"start":{"line":107,"column":0},"end":{"line":107,"column":24}}},"fnMap":{"0":{"name":"(anonymous_0)","decl":{"start":{"line":10,"column":16},"end":{"line":10,"column":17}},"loc":{"start":{"line":10,"column":30},"end":{"line":12,"column":1}},"line":10}},"branchMap":{},"s":{"0":2,"1":2,"2":2,"3":2,"4":2,"5":2,"6":2,"7":2,"8":0,"9":2,"10":2,"11":2,"12":2,"13":2,"14":2,"15":2},"f":{"0":0},"b":{},"_coverageSchema":"1a1c01bbd47fc00a2c39e90264f33305004495a9","hash":"e9248eda01530052d9834fe5ec262ce85deaf640"}
,"D:\\GLSI\\tp_test\\CRT-Platforme\\CRT_Platforme\\backend\\routes\\authRoutes.js": {"path":"D:\\GLSI\\tp_test\\CRT-Platforme\\CRT_Platforme\\backend\\routes\\authRoutes.js","statementMap":{"0":{"start":{"line":1,"column":16},"end":{"line":1,"column":34}},"1":{"start":{"line":2,"column":15},"end":{"line":2,"column":31}},"2":{"start":{"line":3,"column":23},"end":{"line":3,"column":63}},"3":{"start":{"line":4,"column":23},"end":{"line":4,"column":63}},"4":{"start":{"line":5,"column":34},"end":{"line":5,"column":75}},"5":{"start":{"line":6,"column":18},"end":{"line":6,"column":46}},"6":{"start":{"line":7,"column":21},"end":{"line":7,"column":67}},"7":{"start":{"line":10,"column":0},"end":{"line":23,"column":29}},"8":{"start":{"line":18,"column":4},"end":{"line":20,"column":5}},"9":{"start":{"line":19,"column":6},"end":{"line":19,"column":64}},"10":{"start":{"line":21,"column":4},"end":{"line":21,"column":16}},"11":{"start":{"line":26,"column":0},"end":{"line":26,"column":67}},"12":{"start":{"line":28,"column":0},"end":{"line":28,"column":68}},"13":{"start":{"line":29,"column":0},"end":{"line":29,"column":70}},"14":{"start":{"line":30,"column":0},"end":{"line":30,"column":59}},"15":{"start":{"line":32,"column":0},"end":{"line":34,"column":35}},"16":{"start":{"line":36,"column":0},"end":{"line":44,"column":34}},"17":{"start":{"line":39,"column":4},"end":{"line":41,"column":5}},"18":{"start":{"line":40,"column":6},"end":{"line":40,"column":64}},"19":{"start":{"line":42,"column":4},"end":{"line":42,"column":16}},"20":{"start":{"line":46,"column":0},"end":{"line":46,"column":24}}},"fnMap":{"0":{"name":"(anonymous_0)","decl":{"start":{"line":17,"column":34},"end":{"line":17,"column":35}},"loc":{"start":{"line":17,"column":54},"end":{"line":22,"column":3}},"line":17},"1":{"name":"(anonymous_1)","decl":{"start":{"line":38,"column":34},"end":{"line":38,"column":35}},"loc":{"start":{"line":38,"column":54},"end":{"line":43,"column":3}},"line":38}},"branchMap":{"0":{"loc":{"start":{"line":18,"column":4},"end":{"line":20,"column":5}},"type":"if","locations":[{"start":{"line":18,"column":4},"end":{"line":20,"column":5}},{"start":{},"end":{}}],"line":18},"1":{"loc":{"start":{"line":39,"column":4},"end":{"line":41,"column":5}},"type":"if","locations":[{"start":{"line":39,"column":4},"end":{"line":41,"column":5}},{"start":{},"end":{}}],"line":39}},"s":{"0":2,"1":2,"2":2,"3":2,"4":2,"5":2,"6":2,"7":2,"8":1,"9":0,"10":1,"11":2,"12":2,"13":2,"14":2,"15":2,"16":2,"17":0,"18":0,"19":0,"20":2},"f":{"0":1,"1":0},"b":{"0":[0,1],"1":[0,0]},"_coverageSchema":"1a1c01bbd47fc00a2c39e90264f33305004495a9","hash":"1c9629c48e97be0801354fc07c8cba243f221c6b"}
,"D:\\GLSI\\tp_test\\CRT-Platforme\\CRT_Platforme\\backend\\routes\\index.js": {"path":"D:\\GLSI\\tp_test\\CRT-Platforme\\CRT_Platforme\\backend\\routes\\index.js","statementMap":{"0":{"start":{"line":1,"column":16},"end":{"line":1,"column":34}},"1":{"start":{"line":2,"column":15},"end":{"line":2,"column":31}},"2":{"start":{"line":5,"column":19},"end":{"line":5,"column":42}},"3":{"start":{"line":6,"column":20},"end":{"line":6,"column":44}},"4":{"start":{"line":9,"column":0},"end":{"line":9,"column":32}},"5":{"start":{"line":10,"column":0},"end":{"line":10,"column":34}},"6":{"start":{"line":12,"column":0},"end":{"line":12,"column":24}}},"fnMap":{},"branchMap":{},"s":{"0":2,"1":2,"2":2,"3":2,"4":2,"5":2,"6":2},"f":{},"b":{},"_coverageSchema":"1a1c01bbd47fc00a2c39e90264f33305004495a9","hash":"d3fe3c8b6275d12ace5be2b7ca8eda865207d752"}
,"D:\\GLSI\\tp_test\\CRT-Platforme\\CRT_Platforme\\backend\\tests\\utils\\testUtils.js": {"path":"D:\\GLSI\\tp_test\\CRT-Platforme\\CRT_Platforme\\backend\\tests\\utils\\testUtils.js","statementMap":{"0":{"start":{"line":1,"column":17},"end":{"line":1,"column":36}},"1":{"start":{"line":2,"column":12},"end":{"line":2,"column":35}},"2":{"start":{"line":3,"column":13},"end":{"line":3,"column":41}},"3":{"start":{"line":6,"column":0},"end":{"line":6,"column":30}},"4":{"start":{"line":7,"column":0},"end":{"line":7,"column":65}},"5":{"start":{"line":14,"column":21},"end":{"line":31,"column":1}},"6":{"start":{"line":15,"column":2},"end":{"line":30,"column":3}},"7":{"start":{"line":17,"column":18},"end":{"line":17,"column":43}},"8":{"start":{"line":20,"column":16},"end":{"line":20,"column":17}},"9":{"start":{"line":21,"column":4},"end":{"line":24,"column":5}},"10":{"start":{"line":22,"column":6},"end":{"line":22,"column":26}},"11":{"start":{"line":23,"column":6},"end":{"line":23,"column":14}},"12":{"start":{"line":26,"column":4},"end":{"line":26,"column":35}},"13":{"start":{"line":28,"column":24},"end":{"line":28,"column":108}},"14":{"start":{"line":29,"column":4},"end":{"line":29,"column":14}},"15":{"start":{"line":38,"column":0},"end":{"line":52,"column":2}},"16":{"start":{"line":39,"column":2},"end":{"line":41,"column":3}},"17":{"start":{"line":40,"column":4},"end":{"line":40,"column":62}},"18":{"start":{"line":43,"column":2},"end":{"line":51,"column":4}},"19":{"start":{"line":54,"column":0},"end":{"line":54,"column":50}},"20":{"start":{"line":61,"column":0},"end":{"line":87,"column":2}},"21":{"start":{"line":63,"column":22},"end":{"line":72,"column":3}},"22":{"start":{"line":75,"column":19},"end":{"line":75,"column":51}},"23":{"start":{"line":77,"column":2},"end":{"line":86,"column":3}},"24":{"start":{"line":79,"column":4},"end":{"line":79,"column":50}},"25":{"start":{"line":82,"column":4},"end":{"line":82,"column":39}},"26":{"start":{"line":84,"column":24},"end":{"line":84,"column":109}},"27":{"start":{"line":85,"column":4},"end":{"line":85,"column":14}},"28":{"start":{"line":93,"column":0},"end":{"line":108,"column":2}},"29":{"start":{"line":94,"column":2},"end":{"line":94,"column":20}},"30":{"start":{"line":94,"column":13},"end":{"line":94,"column":20}},"31":{"start":{"line":96,"column":2},"end":{"line":107,"column":3}},"32":{"start":{"line":97,"column":4},"end":{"line":104,"column":5}},"33":{"start":{"line":98,"column":27},"end":{"line":98,"column":56}},"34":{"start":{"line":99,"column":6},"end":{"line":101,"column":7}},"35":{"start":{"line":100,"column":8},"end":{"line":100,"column":36}},"36":{"start":{"line":102,"column":11},"end":{"line":104,"column":5}},"37":{"start":{"line":103,"column":6},"end":{"line":103,"column":48}},"38":{"start":{"line":106,"column":24},"end":{"line":106,"column":114}},"39":{"start":{"line":113,"column":0},"end":{"line":115,"column":2}},"40":{"start":{"line":114,"column":2},"end":{"line":114,"column":64}},"41":{"start":{"line":120,"column":0},"end":{"line":130,"column":2}},"42":{"start":{"line":121,"column":2},"end":{"line":129,"column":3}},"43":{"start":{"line":122,"column":4},"end":{"line":125,"column":7}},"44":{"start":{"line":127,"column":24},"end":{"line":127,"column":120}},"45":{"start":{"line":128,"column":4},"end":{"line":128,"column":14}},"46":{"start":{"line":135,"column":0},"end":{"line":141,"column":2}},"47":{"start":{"line":136,"column":2},"end":{"line":140,"column":3}},"48":{"start":{"line":137,"column":4},"end":{"line":137,"column":38}},"49":{"start":{"line":139,"column":24},"end":{"line":139,"column":125}},"50":{"start":{"line":144,"column":0},"end":{"line":144,"column":36}},"51":{"start":{"line":151,"column":85},"end":{"line":151,"column":40356}},"52":{"start":{"line":151,"column":89},"end":{"line":151,"column":40345}}},"fnMap":{"0":{"name":"(anonymous_0)","decl":{"start":{"line":14,"column":21},"end":{"line":14,"column":22}},"loc":{"start":{"line":14,"column":46},"end":{"line":31,"column":1}},"line":14},"1":{"name":"(anonymous_1)","decl":{"start":{"line":38,"column":24},"end":{"line":38,"column":25}},"loc":{"start":{"line":38,"column":39},"end":{"line":52,"column":1}},"line":38},"2":{"name":"(anonymous_2)","decl":{"start":{"line":61,"column":25},"end":{"line":61,"column":26}},"loc":{"start":{"line":61,"column":51},"end":{"line":87,"column":1}},"line":61},"3":{"name":"(anonymous_3)","decl":{"start":{"line":93,"column":26},"end":{"line":93,"column":27}},"loc":{"start":{"line":93,"column":42},"end":{"line":108,"column":1}},"line":93},"4":{"name":"(anonymous_4)","decl":{"start":{"line":113,"column":30},"end":{"line":113,"column":31}},"loc":{"start":{"line":113,"column":42},"end":{"line":115,"column":1}},"line":113},"5":{"name":"(anonymous_5)","decl":{"start":{"line":120,"column":24},"end":{"line":120,"column":25}},"loc":{"start":{"line":120,"column":36},"end":{"line":130,"column":1}},"line":120},"6":{"name":"(anonymous_6)","decl":{"start":{"line":135,"column":27},"end":{"line":135,"column":28}},"loc":{"start":{"line":135,"column":39},"end":{"line":141,"column":1}},"line":135},"7":{"name":"oo_cm","decl":{"start":{"line":151,"column":77},"end":{"line":151,"column":82}},"loc":{"start":{"line":151,"column":84},"end":{"line":151,"column":40357}},"line":151}},"branchMap":{"0":{"loc":{"start":{"line":7,"column":25},"end":{"line":7,"column":64}},"type":"binary-expr","locations":[{"start":{"line":7,"column":25},"end":{"line":7,"column":47}},{"start":{"line":7,"column":51},"end":{"line":7,"column":64}}],"line":7},"1":{"loc":{"start":{"line":14,"column":28},"end":{"line":14,"column":41}},"type":"default-arg","locations":[{"start":{"line":14,"column":39},"end":{"line":14,"column":41}}],"line":14},"2":{"loc":{"start":{"line":39,"column":2},"end":{"line":41,"column":3}},"type":"if","locations":[{"start":{"line":39,"column":2},"end":{"line":41,"column":3}},{"start":{},"end":{}}],"line":39},"3":{"loc":{"start":{"line":39,"column":6},"end":{"line":39,"column":24}},"type":"binary-expr","locations":[{"start":{"line":39,"column":6},"end":{"line":39,"column":11}},{"start":{"line":39,"column":15},"end":{"line":39,"column":24}}],"line":39},"4":{"loc":{"start":{"line":46,"column":12},"end":{"line":46,"column":35}},"type":"binary-expr","locations":[{"start":{"line":46,"column":12},"end":{"line":46,"column":21}},{"start":{"line":46,"column":25},"end":{"line":46,"column":35}}],"line":46},"5":{"loc":{"start":{"line":61,"column":32},"end":{"line":61,"column":46}},"type":"default-arg","locations":[{"start":{"line":61,"column":44},"end":{"line":61,"column":46}}],"line":61},"6":{"loc":{"start":{"line":94,"column":2},"end":{"line":94,"column":20}},"type":"if","locations":[{"start":{"line":94,"column":2},"end":{"line":94,"column":20}},{"start":{},"end":{}}],"line":94},"7":{"loc":{"start":{"line":97,"column":4},"end":{"line":104,"column":5}},"type":"if","locations":[{"start":{"line":97,"column":4},"end":{"line":104,"column":5}},{"start":{"line":102,"column":11},"end":{"line":104,"column":5}}],"line":97},"8":{"loc":{"start":{"line":99,"column":6},"end":{"line":101,"column":7}},"type":"if","locations":[{"start":{"line":99,"column":6},"end":{"line":101,"column":7}},{"start":{},"end":{}}],"line":99},"9":{"loc":{"start":{"line":102,"column":11},"end":{"line":104,"column":5}},"type":"if","locations":[{"start":{"line":102,"column":11},"end":{"line":104,"column":5}},{"start":{},"end":{}}],"line":102},"10":{"loc":{"start":{"line":122,"column":27},"end":{"line":122,"column":92}},"type":"binary-expr","locations":[{"start":{"line":122,"column":27},"end":{"line":122,"column":53}},{"start":{"line":122,"column":57},"end":{"line":122,"column":92}}],"line":122},"11":{"loc":{"start":{"line":151,"column":96},"end":{"line":151,"column":40344}},"type":"binary-expr","locations":[{"start":{"line":151,"column":96},"end":{"line":151,"column":133}},{"start":{"line":151,"column":137},"end":{"line":151,"column":40344}}],"line":151}},"s":{"0":3,"1":3,"2":3,"3":3,"4":3,"5":3,"6":14,"7":14,"8":14,"9":14,"10":0,"11":0,"12":0,"13":14,"14":14,"15":3,"16":0,"17":0,"18":0,"19":3,"20":3,"21":14,"22":14,"23":14,"24":14,"25":0,"26":14,"27":14,"28":3,"29":16,"30":16,"31":0,"32":0,"33":0,"34":0,"35":0,"36":0,"37":0,"38":0,"39":3,"40":0,"41":3,"42":0,"43":0,"44":0,"45":0,"46":3,"47":0,"48":0,"49":0,"50":3,"51":28,"52":28},"f":{"0":14,"1":0,"2":14,"3":16,"4":0,"5":0,"6":0,"7":28},"b":{"0":[3,0],"1":[0],"2":[0,0],"3":[0,0],"4":[0,0],"5":[5],"6":[16,0],"7":[0,0],"8":[0,0],"9":[0,0],"10":[0,0],"11":[28,1]},"_coverageSchema":"1a1c01bbd47fc00a2c39e90264f33305004495a9","hash":"1bd2a65f3703bc5d837f4fb8619d7f6bca100de0"}
}
