{"C:\\Users\\hamro\\Desktop\\CRT_Platforme\\backend\\server.js": {"path":"C:\\Users\\hamro\\Desktop\\CRT_Platforme\\backend\\server.js","statementMap":{"0":{"start":{"line":1,"column":16},"end":{"line":1,"column":34}},"1":{"start":{"line":2,"column":13},"end":{"line":2,"column":28}},"2":{"start":{"line":3,"column":21},"end":{"line":3,"column":45}},"3":{"start":{"line":4,"column":15},"end":{"line":4,"column":32}},"4":{"start":{"line":5,"column":15},"end":{"line":5,"column":32}},"5":{"start":{"line":6,"column":13},"end":{"line":6,"column":28}},"6":{"start":{"line":7,"column":18},"end":{"line":7,"column":47}},"7":{"start":{"line":8,"column":18},"end":{"line":8,"column":40}},"8":{"start":{"line":9,"column":0},"end":{"line":9,"column":27}},"9":{"start":{"line":12,"column":18},"end":{"line":12,"column":43}},"10":{"start":{"line":15,"column":0},"end":{"line":15,"column":12}},"11":{"start":{"line":18,"column":12},"end":{"line":18,"column":21}},"12":{"start":{"line":21,"column":0},"end":{"line":21,"column":18}},"13":{"start":{"line":24,"column":20},"end":{"line":28,"column":1}},"14":{"start":{"line":29,"column":0},"end":{"line":29,"column":27}},"15":{"start":{"line":32,"column":16},"end":{"line":42,"column":2}},"16":{"start":{"line":45,"column":0},"end":{"line":45,"column":77}},"17":{"start":{"line":46,"column":0},"end":{"line":46,"column":41}},"18":{"start":{"line":47,"column":0},"end":{"line":47,"column":49}},"19":{"start":{"line":48,"column":0},"end":{"line":48,"column":24}},"20":{"start":{"line":51,"column":0},"end":{"line":51,"column":36}},"21":{"start":{"line":54,"column":0},"end":{"line":60,"column":3}},"22":{"start":{"line":55,"column":2},"end":{"line":59,"column":5}},"23":{"start":{"line":63,"column":0},"end":{"line":74,"column":3}},"24":{"start":{"line":64,"column":2},"end":{"line":64,"column":27}},"25":{"start":{"line":66,"column":21},"end":{"line":66,"column":42}},"26":{"start":{"line":68,"column":2},"end":{"line":73,"column":5}},"27":{"start":{"line":77,"column":0},"end":{"line":87,"column":3}},"28":{"start":{"line":78,"column":2},"end":{"line":78,"column":60}},"29":{"start":{"line":79,"column":2},"end":{"line":79,"column":39}},"30":{"start":{"line":80,"column":2},"end":{"line":86,"column":3}},"31":{"start":{"line":81,"column":4},"end":{"line":83,"column":7}},"32":{"start":{"line":82,"column":6},"end":{"line":82,"column":22}},"33":{"start":{"line":85,"column":4},"end":{"line":85,"column":20}},"34":{"start":{"line":89,"column":0},"end":{"line":96,"column":3}},"35":{"start":{"line":90,"column":2},"end":{"line":90,"column":60}},"36":{"start":{"line":91,"column":2},"end":{"line":95,"column":3}},"37":{"start":{"line":92,"column":4},"end":{"line":94,"column":7}},"38":{"start":{"line":93,"column":6},"end":{"line":93,"column":41}},"39":{"start":{"line":99,"column":13},"end":{"line":99,"column":37}},"40":{"start":{"line":100,"column":15},"end":{"line":102,"column":2}},"41":{"start":{"line":101,"column":2},"end":{"line":101,"column":102}},"42":{"start":{"line":105,"column":0},"end":{"line":105,"column":21}},"43":{"start":{"line":108,"column":0},"end":{"line":108,"column":31}}},"fnMap":{"0":{"name":"(anonymous_0)","decl":{"start":{"line":54,"column":8},"end":{"line":54,"column":9}},"loc":{"start":{"line":54,"column":28},"end":{"line":60,"column":1}},"line":54},"1":{"name":"(anonymous_1)","decl":{"start":{"line":63,"column":8},"end":{"line":63,"column":9}},"loc":{"start":{"line":63,"column":33},"end":{"line":74,"column":1}},"line":63},"2":{"name":"(anonymous_2)","decl":{"start":{"line":77,"column":33},"end":{"line":77,"column":34}},"loc":{"start":{"line":77,"column":42},"end":{"line":87,"column":1}},"line":77},"3":{"name":"(anonymous_3)","decl":{"start":{"line":81,"column":17},"end":{"line":81,"column":18}},"loc":{"start":{"line":81,"column":23},"end":{"line":83,"column":5}},"line":81},"4":{"name":"(anonymous_4)","decl":{"start":{"line":89,"column":22},"end":{"line":89,"column":23}},"loc":{"start":{"line":89,"column":28},"end":{"line":96,"column":1}},"line":89},"5":{"name":"(anonymous_5)","decl":{"start":{"line":92,"column":17},"end":{"line":92,"column":18}},"loc":{"start":{"line":92,"column":23},"end":{"line":94,"column":5}},"line":92},"6":{"name":"(anonymous_6)","decl":{"start":{"line":100,"column":32},"end":{"line":100,"column":33}},"loc":{"start":{"line":100,"column":38},"end":{"line":102,"column":1}},"line":100}},"branchMap":{"0":{"loc":{"start":{"line":45,"column":15},"end":{"line":45,"column":74}},"type":"cond-expr","locations":[{"start":{"line":45,"column":56},"end":{"line":45,"column":61}},{"start":{"line":45,"column":64},"end":{"line":45,"column":74}}],"line":45},"1":{"loc":{"start":{"line":66,"column":21},"end":{"line":66,"column":42}},"type":"binary-expr","locations":[{"start":{"line":66,"column":21},"end":{"line":66,"column":35}},{"start":{"line":66,"column":39},"end":{"line":66,"column":42}}],"line":66},"2":{"loc":{"start":{"line":70,"column":13},"end":{"line":70,"column":44}},"type":"binary-expr","locations":[{"start":{"line":70,"column":13},"end":{"line":70,"column":24}},{"start":{"line":70,"column":28},"end":{"line":70,"column":44}}],"line":70},"3":{"loc":{"start":{"line":71,"column":10},"end":{"line":71,"column":36}},"type":"binary-expr","locations":[{"start":{"line":71,"column":10},"end":{"line":71,"column":18}},{"start":{"line":71,"column":22},"end":{"line":71,"column":36}}],"line":71},"4":{"loc":{"start":{"line":72,"column":13},"end":{"line":72,"column":75}},"type":"cond-expr","locations":[{"start":{"line":72,"column":54},"end":{"line":72,"column":63}},{"start":{"line":72,"column":66},"end":{"line":72,"column":75}}],"line":72},"5":{"loc":{"start":{"line":80,"column":2},"end":{"line":86,"column":3}},"type":"if","locations":[{"start":{"line":80,"column":2},"end":{"line":86,"column":3}},{"start":{"line":84,"column":9},"end":{"line":86,"column":3}}],"line":80},"6":{"loc":{"start":{"line":91,"column":2},"end":{"line":95,"column":3}},"type":"if","locations":[{"start":{"line":91,"column":2},"end":{"line":95,"column":3}},{"start":{},"end":{}}],"line":91},"7":{"loc":{"start":{"line":99,"column":13},"end":{"line":99,"column":37}},"type":"binary-expr","locations":[{"start":{"line":99,"column":13},"end":{"line":99,"column":29}},{"start":{"line":99,"column":33},"end":{"line":99,"column":37}}],"line":99},"8":{"loc":{"start":{"line":101,"column":61},"end":{"line":101,"column":98}},"type":"binary-expr","locations":[{"start":{"line":101,"column":61},"end":{"line":101,"column":81}},{"start":{"line":101,"column":85},"end":{"line":101,"column":98}}],"line":101}},"s":{"0":2,"1":2,"2":2,"3":2,"4":2,"5":2,"6":2,"7":2,"8":2,"9":2,"10":2,"11":2,"12":2,"13":2,"14":2,"15":2,"16":2,"17":2,"18":2,"19":2,"20":2,"21":2,"22":0,"23":2,"24":0,"25":0,"26":0,"27":2,"28":0,"29":0,"30":0,"31":0,"32":0,"33":0,"34":2,"35":0,"36":0,"37":0,"38":0,"39":2,"40":2,"41":1,"42":2,"43":2},"f":{"0":0,"1":0,"2":0,"3":0,"4":0,"5":0,"6":1},"b":{"0":[0,2],"1":[0,0],"2":[0,0],"3":[0,0],"4":[0,0],"5":[0,0],"6":[0,0],"7":[2,0],"8":[1,0]},"_coverageSchema":"1a1c01bbd47fc00a2c39e90264f33305004495a9","hash":"027c6c60548858e9bc4474295c2929b83473b887"}
,"C:\\Users\\hamro\\Desktop\\CRT_Platforme\\backend\\controllers\\adminController.js": {"path":"C:\\Users\\hamro\\Desktop\\CRT_Platforme\\backend\\controllers\\adminController.js","statementMap":{"0":{"start":{"line":1,"column":13},"end":{"line":1,"column":38}},"1":{"start":{"line":3,"column":0},"end":{"line":25,"column":2}},"2":{"start":{"line":4,"column":2},"end":{"line":24,"column":3}},"3":{"start":{"line":6,"column":18},"end":{"line":7,"column":89}},"4":{"start":{"line":10,"column":4},"end":{"line":15,"column":7}},"5":{"start":{"line":18,"column":4},"end":{"line":18,"column":75}},"6":{"start":{"line":19,"column":4},"end":{"line":23,"column":7}},"7":{"start":{"line":27,"column":0},"end":{"line":70,"column":2}},"8":{"start":{"line":28,"column":2},"end":{"line":69,"column":3}},"9":{"start":{"line":29,"column":19},"end":{"line":29,"column":29}},"10":{"start":{"line":30,"column":21},"end":{"line":30,"column":29}},"11":{"start":{"line":33,"column":25},"end":{"line":33,"column":72}},"12":{"start":{"line":34,"column":4},"end":{"line":40,"column":5}},"13":{"start":{"line":35,"column":6},"end":{"line":39,"column":9}},"14":{"start":{"line":43,"column":24},"end":{"line":47,"column":52}},"15":{"start":{"line":49,"column":4},"end":{"line":54,"column":5}},"16":{"start":{"line":50,"column":6},"end":{"line":53,"column":9}},"17":{"start":{"line":56,"column":4},"end":{"line":60,"column":7}},"18":{"start":{"line":63,"column":4},"end":{"line":63,"column":65}},"19":{"start":{"line":64,"column":4},"end":{"line":68,"column":7}},"20":{"start":{"line":72,"column":0},"end":{"line":104,"column":2}},"21":{"start":{"line":73,"column":2},"end":{"line":103,"column":3}},"22":{"start":{"line":74,"column":19},"end":{"line":74,"column":29}},"23":{"start":{"line":75,"column":23},"end":{"line":75,"column":31}},"24":{"start":{"line":77,"column":24},"end":{"line":81,"column":52}},"25":{"start":{"line":83,"column":4},"end":{"line":88,"column":5}},"26":{"start":{"line":84,"column":6},"end":{"line":87,"column":9}},"27":{"start":{"line":90,"column":4},"end":{"line":94,"column":7}},"28":{"start":{"line":97,"column":4},"end":{"line":97,"column":67}},"29":{"start":{"line":98,"column":4},"end":{"line":102,"column":7}},"30":{"start":{"line":106,"column":0},"end":{"line":137,"column":2}},"31":{"start":{"line":107,"column":2},"end":{"line":136,"column":3}},"32":{"start":{"line":108,"column":23},"end":{"line":108,"column":50}},"33":{"start":{"line":109,"column":25},"end":{"line":109,"column":73}},"34":{"start":{"line":110,"column":26},"end":{"line":110,"column":75}},"35":{"start":{"line":111,"column":27},"end":{"line":111,"column":77}},"36":{"start":{"line":113,"column":24},"end":{"line":115,"column":6}},"37":{"start":{"line":117,"column":4},"end":{"line":129,"column":7}},"38":{"start":{"line":125,"column":10},"end":{"line":125,"column":37}},"39":{"start":{"line":126,"column":10},"end":{"line":126,"column":21}},"40":{"start":{"line":131,"column":4},"end":{"line":131,"column":75}},"41":{"start":{"line":132,"column":4},"end":{"line":135,"column":7}},"42":{"start":{"line":139,"column":0},"end":{"line":168,"column":2}},"43":{"start":{"line":140,"column":2},"end":{"line":167,"column":3}},"44":{"start":{"line":141,"column":24},"end":{"line":144,"column":63}},"45":{"start":{"line":147,"column":18},"end":{"line":152,"column":5}},"46":{"start":{"line":154,"column":4},"end":{"line":160,"column":7}},"47":{"start":{"line":162,"column":4},"end":{"line":162,"column":89}},"48":{"start":{"line":163,"column":4},"end":{"line":166,"column":7}},"49":{"start":{"line":170,"column":0},"end":{"line":206,"column":2}},"50":{"start":{"line":171,"column":2},"end":{"line":205,"column":3}},"51":{"start":{"line":172,"column":51},"end":{"line":172,"column":60}},"52":{"start":{"line":175,"column":19},"end":{"line":175,"column":21}},"53":{"start":{"line":176,"column":4},"end":{"line":176,"column":33}},"54":{"start":{"line":176,"column":14},"end":{"line":176,"column":33}},"55":{"start":{"line":177,"column":4},"end":{"line":177,"column":39}},"56":{"start":{"line":177,"column":16},"end":{"line":177,"column":39}},"57":{"start":{"line":180,"column":18},"end":{"line":180,"column":51}},"58":{"start":{"line":183,"column":18},"end":{"line":187,"column":63}},"59":{"start":{"line":189,"column":4},"end":{"line":198,"column":7}},"60":{"start":{"line":200,"column":4},"end":{"line":200,"column":75}},"61":{"start":{"line":201,"column":4},"end":{"line":204,"column":7}}},"fnMap":{"0":{"name":"(anonymous_0)","decl":{"start":{"line":3,"column":26},"end":{"line":3,"column":27}},"loc":{"start":{"line":3,"column":46},"end":{"line":25,"column":1}},"line":3},"1":{"name":"(anonymous_1)","decl":{"start":{"line":27,"column":25},"end":{"line":27,"column":26}},"loc":{"start":{"line":27,"column":45},"end":{"line":70,"column":1}},"line":27},"2":{"name":"(anonymous_2)","decl":{"start":{"line":72,"column":27},"end":{"line":72,"column":28}},"loc":{"start":{"line":72,"column":47},"end":{"line":104,"column":1}},"line":72},"3":{"name":"(anonymous_3)","decl":{"start":{"line":106,"column":25},"end":{"line":106,"column":26}},"loc":{"start":{"line":106,"column":45},"end":{"line":137,"column":1}},"line":106},"4":{"name":"(anonymous_4)","decl":{"start":{"line":124,"column":40},"end":{"line":124,"column":41}},"loc":{"start":{"line":124,"column":55},"end":{"line":127,"column":9}},"line":124},"5":{"name":"(anonymous_5)","decl":{"start":{"line":139,"column":23},"end":{"line":139,"column":24}},"loc":{"start":{"line":139,"column":43},"end":{"line":168,"column":1}},"line":139},"6":{"name":"(anonymous_6)","decl":{"start":{"line":170,"column":22},"end":{"line":170,"column":23}},"loc":{"start":{"line":170,"column":42},"end":{"line":206,"column":1}},"line":170}},"branchMap":{"0":{"loc":{"start":{"line":22,"column":13},"end":{"line":22,"column":77}},"type":"cond-expr","locations":[{"start":{"line":22,"column":54},"end":{"line":22,"column":65}},{"start":{"line":22,"column":68},"end":{"line":22,"column":77}}],"line":22},"1":{"loc":{"start":{"line":34,"column":4},"end":{"line":40,"column":5}},"type":"if","locations":[{"start":{"line":34,"column":4},"end":{"line":40,"column":5}},{"start":{},"end":{}}],"line":34},"2":{"loc":{"start":{"line":49,"column":4},"end":{"line":54,"column":5}},"type":"if","locations":[{"start":{"line":49,"column":4},"end":{"line":54,"column":5}},{"start":{},"end":{}}],"line":49},"3":{"loc":{"start":{"line":67,"column":13},"end":{"line":67,"column":77}},"type":"cond-expr","locations":[{"start":{"line":67,"column":54},"end":{"line":67,"column":65}},{"start":{"line":67,"column":68},"end":{"line":67,"column":77}}],"line":67},"4":{"loc":{"start":{"line":83,"column":4},"end":{"line":88,"column":5}},"type":"if","locations":[{"start":{"line":83,"column":4},"end":{"line":88,"column":5}},{"start":{},"end":{}}],"line":83},"5":{"loc":{"start":{"line":101,"column":13},"end":{"line":101,"column":77}},"type":"cond-expr","locations":[{"start":{"line":101,"column":54},"end":{"line":101,"column":65}},{"start":{"line":101,"column":68},"end":{"line":101,"column":77}}],"line":101},"6":{"loc":{"start":{"line":172,"column":12},"end":{"line":172,"column":20}},"type":"default-arg","locations":[{"start":{"line":172,"column":19},"end":{"line":172,"column":20}}],"line":172},"7":{"loc":{"start":{"line":172,"column":22},"end":{"line":172,"column":32}},"type":"default-arg","locations":[{"start":{"line":172,"column":30},"end":{"line":172,"column":32}}],"line":172},"8":{"loc":{"start":{"line":176,"column":4},"end":{"line":176,"column":33}},"type":"if","locations":[{"start":{"line":176,"column":4},"end":{"line":176,"column":33}},{"start":{},"end":{}}],"line":176},"9":{"loc":{"start":{"line":177,"column":4},"end":{"line":177,"column":39}},"type":"if","locations":[{"start":{"line":177,"column":4},"end":{"line":177,"column":39}},{"start":{},"end":{}}],"line":177}},"s":{"0":2,"1":2,"2":0,"3":0,"4":0,"5":0,"6":0,"7":2,"8":0,"9":0,"10":0,"11":0,"12":0,"13":0,"14":0,"15":0,"16":0,"17":0,"18":0,"19":0,"20":2,"21":0,"22":0,"23":0,"24":0,"25":0,"26":0,"27":0,"28":0,"29":0,"30":2,"31":0,"32":0,"33":0,"34":0,"35":0,"36":0,"37":0,"38":0,"39":0,"40":0,"41":0,"42":2,"43":0,"44":0,"45":0,"46":0,"47":0,"48":0,"49":2,"50":0,"51":0,"52":0,"53":0,"54":0,"55":0,"56":0,"57":0,"58":0,"59":0,"60":0,"61":0},"f":{"0":0,"1":0,"2":0,"3":0,"4":0,"5":0,"6":0},"b":{"0":[0,0],"1":[0,0],"2":[0,0],"3":[0,0],"4":[0,0],"5":[0,0],"6":[0],"7":[0],"8":[0,0],"9":[0,0]},"_coverageSchema":"1a1c01bbd47fc00a2c39e90264f33305004495a9","hash":"af393a189773a705c5295428abd8a341c1df3f93"}
,"C:\\Users\\hamro\\Desktop\\CRT_Platforme\\backend\\controllers\\authController.js": {"path":"C:\\Users\\hamro\\Desktop\\CRT_Platforme\\backend\\controllers\\authController.js","statementMap":{"0":{"start":{"line":1,"column":15},"end":{"line":1,"column":34}},"1":{"start":{"line":2,"column":12},"end":{"line":2,"column":35}},"2":{"start":{"line":3,"column":13},"end":{"line":3,"column":38}},"3":{"start":{"line":4,"column":15},"end":{"line":4,"column":32}},"4":{"start":{"line":7,"column":19},"end":{"line":11,"column":1}},"5":{"start":{"line":18,"column":18},"end":{"line":20,"column":1}},"6":{"start":{"line":19,"column":2},"end":{"line":19,"column":83}},"7":{"start":{"line":22,"column":17},"end":{"line":85,"column":1}},"8":{"start":{"line":23,"column":2},"end":{"line":84,"column":3}},"9":{"start":{"line":24,"column":71},"end":{"line":24,"column":79}},"10":{"start":{"line":27,"column":28},"end":{"line":27,"column":62}},"11":{"start":{"line":30,"column":25},"end":{"line":30,"column":71}},"12":{"start":{"line":31,"column":4},"end":{"line":37,"column":5}},"13":{"start":{"line":32,"column":6},"end":{"line":36,"column":9}},"14":{"start":{"line":40,"column":21},"end":{"line":49,"column":5}},"15":{"start":{"line":52,"column":17},"end":{"line":52,"column":44}},"16":{"start":{"line":54,"column":4},"end":{"line":61,"column":7}},"17":{"start":{"line":63,"column":4},"end":{"line":63,"column":46}},"18":{"start":{"line":66,"column":4},"end":{"line":72,"column":5}},"19":{"start":{"line":67,"column":6},"end":{"line":71,"column":9}},"20":{"start":{"line":70,"column":51},"end":{"line":70,"column":60}},"21":{"start":{"line":75,"column":4},"end":{"line":81,"column":5}},"22":{"start":{"line":76,"column":6},"end":{"line":80,"column":9}},"23":{"start":{"line":83,"column":4},"end":{"line":83,"column":14}},"24":{"start":{"line":87,"column":14},"end":{"line":163,"column":1}},"25":{"start":{"line":88,"column":2},"end":{"line":162,"column":3}},"26":{"start":{"line":89,"column":32},"end":{"line":89,"column":40}},"27":{"start":{"line":91,"column":4},"end":{"line":97,"column":5}},"28":{"start":{"line":92,"column":6},"end":{"line":96,"column":9}},"29":{"start":{"line":100,"column":22},"end":{"line":100,"column":115}},"30":{"start":{"line":103,"column":17},"end":{"line":103,"column":87}},"31":{"start":{"line":105,"column":4},"end":{"line":111,"column":5}},"32":{"start":{"line":106,"column":6},"end":{"line":110,"column":9}},"33":{"start":{"line":114,"column":18},"end":{"line":114,"column":23}},"34":{"start":{"line":115,"column":4},"end":{"line":119,"column":5}},"35":{"start":{"line":116,"column":6},"end":{"line":116,"column":66}},"36":{"start":{"line":118,"column":6},"end":{"line":118,"column":63}},"37":{"start":{"line":121,"column":4},"end":{"line":127,"column":5}},"38":{"start":{"line":122,"column":6},"end":{"line":126,"column":9}},"39":{"start":{"line":130,"column":21},"end":{"line":134,"column":12}},"40":{"start":{"line":137,"column":18},"end":{"line":140,"column":6}},"41":{"start":{"line":143,"column":4},"end":{"line":148,"column":7}},"42":{"start":{"line":150,"column":4},"end":{"line":158,"column":7}},"43":{"start":{"line":160,"column":4},"end":{"line":160,"column":39}},"44":{"start":{"line":161,"column":4},"end":{"line":161,"column":14}},"45":{"start":{"line":165,"column":16},"end":{"line":202,"column":1}},"46":{"start":{"line":166,"column":2},"end":{"line":201,"column":3}},"47":{"start":{"line":168,"column":4},"end":{"line":174,"column":5}},"48":{"start":{"line":169,"column":6},"end":{"line":173,"column":9}},"49":{"start":{"line":176,"column":17},"end":{"line":176,"column":49}},"50":{"start":{"line":177,"column":4},"end":{"line":183,"column":5}},"51":{"start":{"line":178,"column":6},"end":{"line":182,"column":9}},"52":{"start":{"line":185,"column":4},"end":{"line":197,"column":7}},"53":{"start":{"line":199,"column":4},"end":{"line":199,"column":42}},"54":{"start":{"line":200,"column":4},"end":{"line":200,"column":14}},"55":{"start":{"line":204,"column":15},"end":{"line":221,"column":1}},"56":{"start":{"line":205,"column":2},"end":{"line":220,"column":3}},"57":{"start":{"line":207,"column":4},"end":{"line":211,"column":7}},"58":{"start":{"line":213,"column":4},"end":{"line":216,"column":7}},"59":{"start":{"line":218,"column":4},"end":{"line":218,"column":40}},"60":{"start":{"line":219,"column":4},"end":{"line":219,"column":14}},"61":{"start":{"line":223,"column":21},"end":{"line":288,"column":1}},"62":{"start":{"line":224,"column":2},"end":{"line":287,"column":3}},"63":{"start":{"line":227,"column":4},"end":{"line":231,"column":5}},"64":{"start":{"line":228,"column":6},"end":{"line":228,"column":54}},"65":{"start":{"line":229,"column":11},"end":{"line":231,"column":5}},"66":{"start":{"line":230,"column":6},"end":{"line":230,"column":32}},"67":{"start":{"line":233,"column":4},"end":{"line":239,"column":5}},"68":{"start":{"line":234,"column":6},"end":{"line":238,"column":9}},"69":{"start":{"line":243,"column":4},"end":{"line":254,"column":5}},"70":{"start":{"line":244,"column":6},"end":{"line":244,"column":53}},"71":{"start":{"line":246,"column":6},"end":{"line":253,"column":9}},"72":{"start":{"line":257,"column":17},"end":{"line":257,"column":48}},"73":{"start":{"line":258,"column":4},"end":{"line":264,"column":5}},"74":{"start":{"line":259,"column":6},"end":{"line":263,"column":9}},"75":{"start":{"line":267,"column":21},"end":{"line":270,"column":6}},"76":{"start":{"line":273,"column":4},"end":{"line":278,"column":7}},"77":{"start":{"line":280,"column":4},"end":{"line":283,"column":7}},"78":{"start":{"line":285,"column":4},"end":{"line":285,"column":47}},"79":{"start":{"line":286,"column":4},"end":{"line":286,"column":14}},"80":{"start":{"line":290,"column":23},"end":{"line":350,"column":1}},"81":{"start":{"line":291,"column":2},"end":{"line":349,"column":3}},"82":{"start":{"line":292,"column":22},"end":{"line":292,"column":30}},"83":{"start":{"line":294,"column":4},"end":{"line":300,"column":5}},"84":{"start":{"line":295,"column":6},"end":{"line":299,"column":9}},"85":{"start":{"line":303,"column":17},"end":{"line":303,"column":67}},"86":{"start":{"line":305,"column":4},"end":{"line":311,"column":5}},"87":{"start":{"line":306,"column":6},"end":{"line":310,"column":9}},"88":{"start":{"line":313,"column":4},"end":{"line":340,"column":5}},"89":{"start":{"line":315,"column":25},"end":{"line":315,"column":56}},"90":{"start":{"line":316,"column":6},"end":{"line":316,"column":53}},"91":{"start":{"line":318,"column":23},"end":{"line":318,"column":106}},"92":{"start":{"line":320,"column":6},"end":{"line":325,"column":9}},"93":{"start":{"line":328,"column":6},"end":{"line":328,"column":63}},"94":{"start":{"line":331,"column":6},"end":{"line":331,"column":42}},"95":{"start":{"line":332,"column":6},"end":{"line":332,"column":44}},"96":{"start":{"line":333,"column":6},"end":{"line":333,"column":53}},"97":{"start":{"line":335,"column":6},"end":{"line":339,"column":9}},"98":{"start":{"line":342,"column":4},"end":{"line":342,"column":48}},"99":{"start":{"line":344,"column":4},"end":{"line":348,"column":7}},"100":{"start":{"line":352,"column":22},"end":{"line":420,"column":1}},"101":{"start":{"line":353,"column":2},"end":{"line":419,"column":3}},"102":{"start":{"line":354,"column":22},"end":{"line":354,"column":32}},"103":{"start":{"line":355,"column":25},"end":{"line":355,"column":33}},"104":{"start":{"line":357,"column":4},"end":{"line":363,"column":5}},"105":{"start":{"line":358,"column":6},"end":{"line":362,"column":9}},"106":{"start":{"line":366,"column":4},"end":{"line":372,"column":5}},"107":{"start":{"line":367,"column":6},"end":{"line":371,"column":9}},"108":{"start":{"line":375,"column":24},"end":{"line":378,"column":20}},"109":{"start":{"line":380,"column":17},"end":{"line":383,"column":6}},"110":{"start":{"line":385,"column":4},"end":{"line":391,"column":5}},"111":{"start":{"line":386,"column":6},"end":{"line":390,"column":9}},"112":{"start":{"line":394,"column":4},"end":{"line":394,"column":29}},"113":{"start":{"line":395,"column":4},"end":{"line":395,"column":40}},"114":{"start":{"line":396,"column":4},"end":{"line":396,"column":42}},"115":{"start":{"line":398,"column":4},"end":{"line":398,"column":22}},"116":{"start":{"line":401,"column":23},"end":{"line":401,"column":67}},"117":{"start":{"line":404,"column":4},"end":{"line":409,"column":7}},"118":{"start":{"line":411,"column":4},"end":{"line":415,"column":7}},"119":{"start":{"line":417,"column":4},"end":{"line":417,"column":48}},"120":{"start":{"line":418,"column":4},"end":{"line":418,"column":14}},"121":{"start":{"line":422,"column":0},"end":{"line":430,"column":2}}},"fnMap":{"0":{"name":"(anonymous_0)","decl":{"start":{"line":18,"column":18},"end":{"line":18,"column":19}},"loc":{"start":{"line":18,"column":31},"end":{"line":20,"column":1}},"line":18},"1":{"name":"(anonymous_1)","decl":{"start":{"line":22,"column":17},"end":{"line":22,"column":18}},"loc":{"start":{"line":22,"column":43},"end":{"line":85,"column":1}},"line":22},"2":{"name":"(anonymous_2)","decl":{"start":{"line":70,"column":46},"end":{"line":70,"column":47}},"loc":{"start":{"line":70,"column":51},"end":{"line":70,"column":60}},"line":70},"3":{"name":"(anonymous_3)","decl":{"start":{"line":87,"column":14},"end":{"line":87,"column":15}},"loc":{"start":{"line":87,"column":40},"end":{"line":163,"column":1}},"line":87},"4":{"name":"(anonymous_4)","decl":{"start":{"line":165,"column":16},"end":{"line":165,"column":17}},"loc":{"start":{"line":165,"column":42},"end":{"line":202,"column":1}},"line":165},"5":{"name":"(anonymous_5)","decl":{"start":{"line":204,"column":15},"end":{"line":204,"column":16}},"loc":{"start":{"line":204,"column":35},"end":{"line":221,"column":1}},"line":204},"6":{"name":"(anonymous_6)","decl":{"start":{"line":223,"column":21},"end":{"line":223,"column":22}},"loc":{"start":{"line":223,"column":47},"end":{"line":288,"column":1}},"line":223},"7":{"name":"(anonymous_7)","decl":{"start":{"line":290,"column":23},"end":{"line":290,"column":24}},"loc":{"start":{"line":290,"column":49},"end":{"line":350,"column":1}},"line":290},"8":{"name":"(anonymous_8)","decl":{"start":{"line":352,"column":22},"end":{"line":352,"column":23}},"loc":{"start":{"line":352,"column":48},"end":{"line":420,"column":1}},"line":352}},"branchMap":{"0":{"loc":{"start":{"line":8,"column":10},"end":{"line":8,"column":49}},"type":"binary-expr","locations":[{"start":{"line":8,"column":10},"end":{"line":8,"column":32}},{"start":{"line":8,"column":36},"end":{"line":8,"column":49}}],"line":8},"1":{"loc":{"start":{"line":9,"column":13},"end":{"line":9,"column":47}},"type":"binary-expr","locations":[{"start":{"line":9,"column":13},"end":{"line":9,"column":39}},{"start":{"line":9,"column":43},"end":{"line":9,"column":47}}],"line":9},"2":{"loc":{"start":{"line":10,"column":26},"end":{"line":10,"column":66}},"type":"binary-expr","locations":[{"start":{"line":10,"column":26},"end":{"line":10,"column":59}},{"start":{"line":10,"column":63},"end":{"line":10,"column":66}}],"line":10},"3":{"loc":{"start":{"line":27,"column":28},"end":{"line":27,"column":62}},"type":"cond-expr","locations":[{"start":{"line":27,"column":36},"end":{"line":27,"column":55}},{"start":{"line":27,"column":58},"end":{"line":27,"column":62}}],"line":27},"4":{"loc":{"start":{"line":31,"column":4},"end":{"line":37,"column":5}},"type":"if","locations":[{"start":{"line":31,"column":4},"end":{"line":37,"column":5}},{"start":{},"end":{}}],"line":31},"5":{"loc":{"start":{"line":41,"column":17},"end":{"line":41,"column":36}},"type":"binary-expr","locations":[{"start":{"line":41,"column":17},"end":{"line":41,"column":26}},{"start":{"line":41,"column":30},"end":{"line":41,"column":36}}],"line":41},"6":{"loc":{"start":{"line":42,"column":16},"end":{"line":42,"column":34}},"type":"binary-expr","locations":[{"start":{"line":42,"column":16},"end":{"line":42,"column":24}},{"start":{"line":42,"column":28},"end":{"line":42,"column":34}}],"line":42},"7":{"loc":{"start":{"line":44,"column":13},"end":{"line":44,"column":32}},"type":"binary-expr","locations":[{"start":{"line":44,"column":13},"end":{"line":44,"column":18}},{"start":{"line":44,"column":22},"end":{"line":44,"column":32}}],"line":44},"8":{"loc":{"start":{"line":45,"column":11},"end":{"line":45,"column":28}},"type":"binary-expr","locations":[{"start":{"line":45,"column":11},"end":{"line":45,"column":14}},{"start":{"line":45,"column":18},"end":{"line":45,"column":28}}],"line":45},"9":{"loc":{"start":{"line":46,"column":16},"end":{"line":46,"column":41}},"type":"binary-expr","locations":[{"start":{"line":46,"column":16},"end":{"line":46,"column":24}},{"start":{"line":46,"column":28},"end":{"line":46,"column":41}}],"line":46},"10":{"loc":{"start":{"line":47,"column":12},"end":{"line":47,"column":30}},"type":"binary-expr","locations":[{"start":{"line":47,"column":12},"end":{"line":47,"column":16}},{"start":{"line":47,"column":20},"end":{"line":47,"column":30}}],"line":47},"11":{"loc":{"start":{"line":48,"column":14},"end":{"line":48,"column":70}},"type":"cond-expr","locations":[{"start":{"line":48,"column":48},"end":{"line":48,"column":58}},{"start":{"line":48,"column":61},"end":{"line":48,"column":70}}],"line":48},"12":{"loc":{"start":{"line":66,"column":4},"end":{"line":72,"column":5}},"type":"if","locations":[{"start":{"line":66,"column":4},"end":{"line":72,"column":5}},{"start":{},"end":{}}],"line":66},"13":{"loc":{"start":{"line":75,"column":4},"end":{"line":81,"column":5}},"type":"if","locations":[{"start":{"line":75,"column":4},"end":{"line":81,"column":5}},{"start":{},"end":{}}],"line":75},"14":{"loc":{"start":{"line":91,"column":4},"end":{"line":97,"column":5}},"type":"if","locations":[{"start":{"line":91,"column":4},"end":{"line":97,"column":5}},{"start":{},"end":{}}],"line":91},"15":{"loc":{"start":{"line":91,"column":8},"end":{"line":91,"column":27}},"type":"binary-expr","locations":[{"start":{"line":91,"column":8},"end":{"line":91,"column":14}},{"start":{"line":91,"column":18},"end":{"line":91,"column":27}}],"line":91},"16":{"loc":{"start":{"line":100,"column":22},"end":{"line":100,"column":115}},"type":"binary-expr","locations":[{"start":{"line":100,"column":22},"end":{"line":100,"column":53}},{"start":{"line":100,"column":57},"end":{"line":100,"column":85}},{"start":{"line":100,"column":89},"end":{"line":100,"column":115}}],"line":100},"17":{"loc":{"start":{"line":105,"column":4},"end":{"line":111,"column":5}},"type":"if","locations":[{"start":{"line":105,"column":4},"end":{"line":111,"column":5}},{"start":{},"end":{}}],"line":105},"18":{"loc":{"start":{"line":105,"column":8},"end":{"line":105,"column":27}},"type":"binary-expr","locations":[{"start":{"line":105,"column":8},"end":{"line":105,"column":13}},{"start":{"line":105,"column":17},"end":{"line":105,"column":27}}],"line":105},"19":{"loc":{"start":{"line":116,"column":16},"end":{"line":116,"column":65}},"type":"binary-expr","locations":[{"start":{"line":116,"column":16},"end":{"line":116,"column":25}},{"start":{"line":116,"column":29},"end":{"line":116,"column":65}}],"line":116},"20":{"loc":{"start":{"line":121,"column":4},"end":{"line":127,"column":5}},"type":"if","locations":[{"start":{"line":121,"column":4},"end":{"line":127,"column":5}},{"start":{},"end":{}}],"line":121},"21":{"loc":{"start":{"line":130,"column":21},"end":{"line":134,"column":12}},"type":"cond-expr","locations":[{"start":{"line":130,"column":33},"end":{"line":134,"column":5}},{"start":{"line":134,"column":8},"end":{"line":134,"column":12}}],"line":130},"22":{"loc":{"start":{"line":168,"column":4},"end":{"line":174,"column":5}},"type":"if","locations":[{"start":{"line":168,"column":4},"end":{"line":174,"column":5}},{"start":{},"end":{}}],"line":168},"23":{"loc":{"start":{"line":168,"column":8},"end":{"line":168,"column":33}},"type":"binary-expr","locations":[{"start":{"line":168,"column":8},"end":{"line":168,"column":17}},{"start":{"line":168,"column":21},"end":{"line":168,"column":33}}],"line":168},"24":{"loc":{"start":{"line":177,"column":4},"end":{"line":183,"column":5}},"type":"if","locations":[{"start":{"line":177,"column":4},"end":{"line":183,"column":5}},{"start":{},"end":{}}],"line":177},"25":{"loc":{"start":{"line":227,"column":4},"end":{"line":231,"column":5}},"type":"if","locations":[{"start":{"line":227,"column":4},"end":{"line":231,"column":5}},{"start":{"line":229,"column":11},"end":{"line":231,"column":5}}],"line":227},"26":{"loc":{"start":{"line":229,"column":11},"end":{"line":231,"column":5}},"type":"if","locations":[{"start":{"line":229,"column":11},"end":{"line":231,"column":5}},{"start":{},"end":{}}],"line":229},"27":{"loc":{"start":{"line":233,"column":4},"end":{"line":239,"column":5}},"type":"if","locations":[{"start":{"line":233,"column":4},"end":{"line":239,"column":5}},{"start":{},"end":{}}],"line":233},"28":{"loc":{"start":{"line":248,"column":17},"end":{"line":250,"column":26}},"type":"cond-expr","locations":[{"start":{"line":249,"column":10},"end":{"line":249,"column":54}},{"start":{"line":250,"column":10},"end":{"line":250,"column":26}}],"line":248},"29":{"loc":{"start":{"line":251,"column":14},"end":{"line":252,"column":43}},"type":"cond-expr","locations":[{"start":{"line":252,"column":10},"end":{"line":252,"column":25}},{"start":{"line":252,"column":28},"end":{"line":252,"column":43}}],"line":251},"30":{"loc":{"start":{"line":258,"column":4},"end":{"line":264,"column":5}},"type":"if","locations":[{"start":{"line":258,"column":4},"end":{"line":264,"column":5}},{"start":{},"end":{}}],"line":258},"31":{"loc":{"start":{"line":294,"column":4},"end":{"line":300,"column":5}},"type":"if","locations":[{"start":{"line":294,"column":4},"end":{"line":300,"column":5}},{"start":{},"end":{}}],"line":294},"32":{"loc":{"start":{"line":305,"column":4},"end":{"line":311,"column":5}},"type":"if","locations":[{"start":{"line":305,"column":4},"end":{"line":311,"column":5}},{"start":{},"end":{}}],"line":305},"33":{"loc":{"start":{"line":318,"column":26},"end":{"line":318,"column":75}},"type":"binary-expr","locations":[{"start":{"line":318,"column":26},"end":{"line":318,"column":48}},{"start":{"line":318,"column":52},"end":{"line":318,"column":75}}],"line":318},"34":{"loc":{"start":{"line":357,"column":4},"end":{"line":363,"column":5}},"type":"if","locations":[{"start":{"line":357,"column":4},"end":{"line":363,"column":5}},{"start":{},"end":{}}],"line":357},"35":{"loc":{"start":{"line":357,"column":8},"end":{"line":357,"column":27}},"type":"binary-expr","locations":[{"start":{"line":357,"column":8},"end":{"line":357,"column":14}},{"start":{"line":357,"column":18},"end":{"line":357,"column":27}}],"line":357},"36":{"loc":{"start":{"line":366,"column":4},"end":{"line":372,"column":5}},"type":"if","locations":[{"start":{"line":366,"column":4},"end":{"line":372,"column":5}},{"start":{},"end":{}}],"line":366},"37":{"loc":{"start":{"line":385,"column":4},"end":{"line":391,"column":5}},"type":"if","locations":[{"start":{"line":385,"column":4},"end":{"line":391,"column":5}},{"start":{},"end":{}}],"line":385}},"s":{"0":2,"1":2,"2":2,"3":2,"4":2,"5":2,"6":0,"7":2,"8":1,"9":1,"10":1,"11":1,"12":1,"13":1,"14":0,"15":0,"16":0,"17":0,"18":0,"19":0,"20":0,"21":0,"22":0,"23":0,"24":2,"25":0,"26":0,"27":0,"28":0,"29":0,"30":0,"31":0,"32":0,"33":0,"34":0,"35":0,"36":0,"37":0,"38":0,"39":0,"40":0,"41":0,"42":0,"43":0,"44":0,"45":2,"46":0,"47":0,"48":0,"49":0,"50":0,"51":0,"52":0,"53":0,"54":0,"55":2,"56":0,"57":0,"58":0,"59":0,"60":0,"61":2,"62":0,"63":0,"64":0,"65":0,"66":0,"67":0,"68":0,"69":0,"70":0,"71":0,"72":0,"73":0,"74":0,"75":0,"76":0,"77":0,"78":0,"79":0,"80":2,"81":1,"82":1,"83":1,"84":0,"85":1,"86":1,"87":0,"88":1,"89":1,"90":0,"91":0,"92":0,"93":1,"94":1,"95":1,"96":1,"97":0,"98":1,"99":1,"100":2,"101":0,"102":0,"103":0,"104":0,"105":0,"106":0,"107":0,"108":0,"109":0,"110":0,"111":0,"112":0,"113":0,"114":0,"115":0,"116":0,"117":0,"118":0,"119":0,"120":0,"121":2},"f":{"0":0,"1":1,"2":0,"3":0,"4":0,"5":0,"6":0,"7":1,"8":0},"b":{"0":[2,0],"1":[2,0],"2":[2,0],"3":[1,0],"4":[1,0],"5":[0,0],"6":[0,0],"7":[0,0],"8":[0,0],"9":[0,0],"10":[0,0],"11":[0,0],"12":[0,0],"13":[0,0],"14":[0,0],"15":[0,0],"16":[0,0,0],"17":[0,0],"18":[0,0],"19":[0,0],"20":[0,0],"21":[0,0],"22":[0,0],"23":[0,0],"24":[0,0],"25":[0,0],"26":[0,0],"27":[0,0],"28":[0,0],"29":[0,0],"30":[0,0],"31":[0,1],"32":[0,1],"33":[0,0],"34":[0,0],"35":[0,0],"36":[0,0],"37":[0,0]},"_coverageSchema":"1a1c01bbd47fc00a2c39e90264f33305004495a9","hash":"1fdcf683db5d722e0400aab91891b42da41d1dd6"}
,"C:\\Users\\hamro\\Desktop\\CRT_Platforme\\backend\\middlewares\\authMiddleware.js": {"path":"C:\\Users\\hamro\\Desktop\\CRT_Platforme\\backend\\middlewares\\authMiddleware.js","statementMap":{"0":{"start":{"line":1,"column":12},"end":{"line":1,"column":35}},"1":{"start":{"line":2,"column":13},"end":{"line":2,"column":38}},"2":{"start":{"line":8,"column":0},"end":{"line":106,"column":2}},"3":{"start":{"line":12,"column":2},"end":{"line":16,"column":3}},"4":{"start":{"line":13,"column":4},"end":{"line":13,"column":52}},"5":{"start":{"line":14,"column":9},"end":{"line":16,"column":3}},"6":{"start":{"line":15,"column":4},"end":{"line":15,"column":30}},"7":{"start":{"line":19,"column":2},"end":{"line":25,"column":3}},"8":{"start":{"line":20,"column":4},"end":{"line":24,"column":7}},"9":{"start":{"line":27,"column":2},"end":{"line":105,"column":3}},"10":{"start":{"line":29,"column":20},"end":{"line":29,"column":78}},"11":{"start":{"line":32,"column":4},"end":{"line":38,"column":5}},"12":{"start":{"line":33,"column":6},"end":{"line":37,"column":9}},"13":{"start":{"line":41,"column":24},"end":{"line":41,"column":55}},"14":{"start":{"line":42,"column":4},"end":{"line":48,"column":5}},"15":{"start":{"line":43,"column":6},"end":{"line":47,"column":9}},"16":{"start":{"line":51,"column":4},"end":{"line":57,"column":5}},"17":{"start":{"line":52,"column":6},"end":{"line":56,"column":9}},"18":{"start":{"line":61,"column":4},"end":{"line":69,"column":5}},"19":{"start":{"line":64,"column":6},"end":{"line":68,"column":9}},"20":{"start":{"line":72,"column":4},"end":{"line":77,"column":6}},"21":{"start":{"line":79,"column":4},"end":{"line":79,"column":11}},"22":{"start":{"line":82,"column":21},"end":{"line":95,"column":5}},"23":{"start":{"line":97,"column":30},"end":{"line":97,"column":68}},"24":{"start":{"line":99,"column":4},"end":{"line":104,"column":7}},"25":{"start":{"line":112,"column":0},"end":{"line":136,"column":2}},"26":{"start":{"line":113,"column":2},"end":{"line":135,"column":4}},"27":{"start":{"line":115,"column":4},"end":{"line":121,"column":5}},"28":{"start":{"line":116,"column":6},"end":{"line":120,"column":9}},"29":{"start":{"line":124,"column":4},"end":{"line":132,"column":5}},"30":{"start":{"line":125,"column":6},"end":{"line":131,"column":9}},"31":{"start":{"line":134,"column":4},"end":{"line":134,"column":11}},"32":{"start":{"line":143,"column":0},"end":{"line":177,"column":2}},"33":{"start":{"line":144,"column":2},"end":{"line":176,"column":4}},"34":{"start":{"line":145,"column":4},"end":{"line":175,"column":5}},"35":{"start":{"line":146,"column":23},"end":{"line":146,"column":66}},"36":{"start":{"line":148,"column":6},"end":{"line":154,"column":7}},"37":{"start":{"line":149,"column":8},"end":{"line":153,"column":11}},"38":{"start":{"line":157,"column":6},"end":{"line":163,"column":7}},"39":{"start":{"line":158,"column":8},"end":{"line":162,"column":11}},"40":{"start":{"line":165,"column":6},"end":{"line":165,"column":30}},"41":{"start":{"line":166,"column":6},"end":{"line":166,"column":13}},"42":{"start":{"line":168,"column":6},"end":{"line":168,"column":25}},"43":{"start":{"line":169,"column":6},"end":{"line":174,"column":9}},"44":{"start":{"line":185,"column":0},"end":{"line":216,"column":2}},"45":{"start":{"line":186,"column":16},"end":{"line":186,"column":51}},"46":{"start":{"line":188,"column":2},"end":{"line":194,"column":3}},"47":{"start":{"line":189,"column":4},"end":{"line":193,"column":7}},"48":{"start":{"line":196,"column":2},"end":{"line":215,"column":3}},"49":{"start":{"line":197,"column":20},"end":{"line":197,"column":61}},"50":{"start":{"line":199,"column":4},"end":{"line":201,"column":5}},"51":{"start":{"line":200,"column":6},"end":{"line":200,"column":40}},"52":{"start":{"line":203,"column":4},"end":{"line":206,"column":6}},"53":{"start":{"line":207,"column":4},"end":{"line":207,"column":11}},"54":{"start":{"line":209,"column":4},"end":{"line":214,"column":7}}},"fnMap":{"0":{"name":"(anonymous_0)","decl":{"start":{"line":8,"column":18},"end":{"line":8,"column":19}},"loc":{"start":{"line":8,"column":44},"end":{"line":106,"column":1}},"line":8},"1":{"name":"(anonymous_1)","decl":{"start":{"line":112,"column":21},"end":{"line":112,"column":22}},"loc":{"start":{"line":112,"column":35},"end":{"line":136,"column":1}},"line":112},"2":{"name":"(anonymous_2)","decl":{"start":{"line":113,"column":9},"end":{"line":113,"column":10}},"loc":{"start":{"line":113,"column":29},"end":{"line":135,"column":3}},"line":113},"3":{"name":"(anonymous_3)","decl":{"start":{"line":143,"column":26},"end":{"line":143,"column":27}},"loc":{"start":{"line":143,"column":55},"end":{"line":177,"column":1}},"line":143},"4":{"name":"(anonymous_4)","decl":{"start":{"line":144,"column":9},"end":{"line":144,"column":10}},"loc":{"start":{"line":144,"column":35},"end":{"line":176,"column":3}},"line":144},"5":{"name":"(anonymous_5)","decl":{"start":{"line":185,"column":25},"end":{"line":185,"column":26}},"loc":{"start":{"line":185,"column":45},"end":{"line":216,"column":1}},"line":185}},"branchMap":{"0":{"loc":{"start":{"line":12,"column":2},"end":{"line":16,"column":3}},"type":"if","locations":[{"start":{"line":12,"column":2},"end":{"line":16,"column":3}},{"start":{"line":14,"column":9},"end":{"line":16,"column":3}}],"line":12},"1":{"loc":{"start":{"line":14,"column":9},"end":{"line":16,"column":3}},"type":"if","locations":[{"start":{"line":14,"column":9},"end":{"line":16,"column":3}},{"start":{},"end":{}}],"line":14},"2":{"loc":{"start":{"line":19,"column":2},"end":{"line":25,"column":3}},"type":"if","locations":[{"start":{"line":19,"column":2},"end":{"line":25,"column":3}},{"start":{},"end":{}}],"line":19},"3":{"loc":{"start":{"line":29,"column":38},"end":{"line":29,"column":77}},"type":"binary-expr","locations":[{"start":{"line":29,"column":38},"end":{"line":29,"column":60}},{"start":{"line":29,"column":64},"end":{"line":29,"column":77}}],"line":29},"4":{"loc":{"start":{"line":32,"column":4},"end":{"line":38,"column":5}},"type":"if","locations":[{"start":{"line":32,"column":4},"end":{"line":38,"column":5}},{"start":{},"end":{}}],"line":32},"5":{"loc":{"start":{"line":42,"column":4},"end":{"line":48,"column":5}},"type":"if","locations":[{"start":{"line":42,"column":4},"end":{"line":48,"column":5}},{"start":{},"end":{}}],"line":42},"6":{"loc":{"start":{"line":51,"column":4},"end":{"line":57,"column":5}},"type":"if","locations":[{"start":{"line":51,"column":4},"end":{"line":57,"column":5}},{"start":{},"end":{}}],"line":51},"7":{"loc":{"start":{"line":51,"column":8},"end":{"line":51,"column":76}},"type":"binary-expr","locations":[{"start":{"line":51,"column":8},"end":{"line":51,"column":39}},{"start":{"line":51,"column":43},"end":{"line":51,"column":76}}],"line":51},"8":{"loc":{"start":{"line":61,"column":4},"end":{"line":69,"column":5}},"type":"if","locations":[{"start":{"line":61,"column":4},"end":{"line":69,"column":5}},{"start":{},"end":{}}],"line":61},"9":{"loc":{"start":{"line":61,"column":8},"end":{"line":63,"column":53}},"type":"binary-expr","locations":[{"start":{"line":61,"column":8},"end":{"line":61,"column":19}},{"start":{"line":62,"column":8},"end":{"line":62,"column":40}},{"start":{"line":63,"column":8},"end":{"line":63,"column":53}}],"line":61},"10":{"loc":{"start":{"line":74,"column":12},"end":{"line":74,"column":58}},"type":"binary-expr","locations":[{"start":{"line":74,"column":12},"end":{"line":74,"column":28}},{"start":{"line":74,"column":32},"end":{"line":74,"column":44}},{"start":{"line":74,"column":48},"end":{"line":74,"column":58}}],"line":74},"11":{"loc":{"start":{"line":97,"column":30},"end":{"line":97,"column":68}},"type":"binary-expr","locations":[{"start":{"line":97,"column":30},"end":{"line":97,"column":48}},{"start":{"line":97,"column":52},"end":{"line":97,"column":68}}],"line":97},"12":{"loc":{"start":{"line":103,"column":15},"end":{"line":103,"column":79}},"type":"cond-expr","locations":[{"start":{"line":103,"column":56},"end":{"line":103,"column":67}},{"start":{"line":103,"column":70},"end":{"line":103,"column":79}}],"line":103},"13":{"loc":{"start":{"line":115,"column":4},"end":{"line":121,"column":5}},"type":"if","locations":[{"start":{"line":115,"column":4},"end":{"line":121,"column":5}},{"start":{},"end":{}}],"line":115},"14":{"loc":{"start":{"line":124,"column":4},"end":{"line":132,"column":5}},"type":"if","locations":[{"start":{"line":124,"column":4},"end":{"line":132,"column":5}},{"start":{},"end":{}}],"line":124},"15":{"loc":{"start":{"line":143,"column":34},"end":{"line":143,"column":50}},"type":"default-arg","locations":[{"start":{"line":143,"column":46},"end":{"line":143,"column":50}}],"line":143},"16":{"loc":{"start":{"line":148,"column":6},"end":{"line":154,"column":7}},"type":"if","locations":[{"start":{"line":148,"column":6},"end":{"line":154,"column":7}},{"start":{},"end":{}}],"line":148},"17":{"loc":{"start":{"line":157,"column":6},"end":{"line":163,"column":7}},"type":"if","locations":[{"start":{"line":157,"column":6},"end":{"line":163,"column":7}},{"start":{},"end":{}}],"line":157},"18":{"loc":{"start":{"line":157,"column":10},"end":{"line":157,"column":79}},"type":"binary-expr","locations":[{"start":{"line":157,"column":10},"end":{"line":157,"column":50}},{"start":{"line":157,"column":54},"end":{"line":157,"column":79}}],"line":157},"19":{"loc":{"start":{"line":173,"column":17},"end":{"line":173,"column":81}},"type":"cond-expr","locations":[{"start":{"line":173,"column":58},"end":{"line":173,"column":69}},{"start":{"line":173,"column":72},"end":{"line":173,"column":81}}],"line":173},"20":{"loc":{"start":{"line":186,"column":16},"end":{"line":186,"column":51}},"type":"binary-expr","locations":[{"start":{"line":186,"column":16},"end":{"line":186,"column":32}},{"start":{"line":186,"column":36},"end":{"line":186,"column":51}}],"line":186},"21":{"loc":{"start":{"line":188,"column":2},"end":{"line":194,"column":3}},"type":"if","locations":[{"start":{"line":188,"column":2},"end":{"line":194,"column":3}},{"start":{},"end":{}}],"line":188},"22":{"loc":{"start":{"line":199,"column":4},"end":{"line":201,"column":5}},"type":"if","locations":[{"start":{"line":199,"column":4},"end":{"line":201,"column":5}},{"start":{},"end":{}}],"line":199},"23":{"loc":{"start":{"line":199,"column":8},"end":{"line":199,"column":36}},"type":"binary-expr","locations":[{"start":{"line":199,"column":8},"end":{"line":199,"column":21}},{"start":{"line":199,"column":25},"end":{"line":199,"column":36}}],"line":199},"24":{"loc":{"start":{"line":213,"column":15},"end":{"line":213,"column":79}},"type":"cond-expr","locations":[{"start":{"line":213,"column":56},"end":{"line":213,"column":67}},{"start":{"line":213,"column":70},"end":{"line":213,"column":79}}],"line":213}},"s":{"0":3,"1":3,"2":3,"3":6,"4":3,"5":3,"6":1,"7":6,"8":2,"9":4,"10":4,"11":4,"12":0,"13":4,"14":4,"15":0,"16":4,"17":0,"18":4,"19":0,"20":4,"21":4,"22":0,"23":0,"24":0,"25":3,"26":15,"27":3,"28":1,"29":2,"30":1,"31":1,"32":3,"33":0,"34":0,"35":0,"36":0,"37":0,"38":0,"39":0,"40":0,"41":0,"42":0,"43":0,"44":3,"45":0,"46":0,"47":0,"48":0,"49":0,"50":0,"51":0,"52":0,"53":0,"54":0},"f":{"0":6,"1":15,"2":3,"3":0,"4":0,"5":0},"b":{"0":[3,3],"1":[1,2],"2":[2,4],"3":[4,0],"4":[0,4],"5":[0,4],"6":[0,4],"7":[4,0],"8":[0,4],"9":[4,0,0],"10":[4,0,0],"11":[0,0],"12":[0,0],"13":[1,2],"14":[1,1],"15":[0],"16":[0,0],"17":[0,0],"18":[0,0],"19":[0,0],"20":[0,0],"21":[0,0],"22":[0,0],"23":[0,0],"24":[0,0]},"_coverageSchema":"1a1c01bbd47fc00a2c39e90264f33305004495a9","hash":"8a638baf0c96834a5dd1d4617cfd1c6c0f3b8d45"}
,"C:\\Users\\hamro\\Desktop\\CRT_Platforme\\backend\\middlewares\\validationMiddleware.js": {"path":"C:\\Users\\hamro\\Desktop\\CRT_Platforme\\backend\\middlewares\\validationMiddleware.js","statementMap":{"0":{"start":{"line":1,"column":36},"end":{"line":1,"column":64}},"1":{"start":{"line":8,"column":0},"end":{"line":25,"column":2}},"2":{"start":{"line":9,"column":2},"end":{"line":24,"column":4}},"3":{"start":{"line":11,"column":4},"end":{"line":11,"column":74}},"4":{"start":{"line":11,"column":52},"end":{"line":11,"column":71}},"5":{"start":{"line":14,"column":19},"end":{"line":14,"column":40}},"6":{"start":{"line":15,"column":4},"end":{"line":17,"column":5}},"7":{"start":{"line":16,"column":6},"end":{"line":16,"column":20}},"8":{"start":{"line":20,"column":4},"end":{"line":23,"column":7}},"9":{"start":{"line":30,"column":0},"end":{"line":47,"column":2}}},"fnMap":{"0":{"name":"(anonymous_0)","decl":{"start":{"line":8,"column":19},"end":{"line":8,"column":20}},"loc":{"start":{"line":8,"column":36},"end":{"line":25,"column":1}},"line":8},"1":{"name":"(anonymous_1)","decl":{"start":{"line":9,"column":9},"end":{"line":9,"column":10}},"loc":{"start":{"line":9,"column":35},"end":{"line":24,"column":3}},"line":9},"2":{"name":"(anonymous_2)","decl":{"start":{"line":11,"column":38},"end":{"line":11,"column":39}},"loc":{"start":{"line":11,"column":52},"end":{"line":11,"column":71}},"line":11}},"branchMap":{"0":{"loc":{"start":{"line":15,"column":4},"end":{"line":17,"column":5}},"type":"if","locations":[{"start":{"line":15,"column":4},"end":{"line":17,"column":5}},{"start":{},"end":{}}],"line":15}},"s":{"0":2,"1":2,"2":14,"3":2,"4":8,"5":2,"6":2,"7":2,"8":0,"9":2},"f":{"0":14,"1":2,"2":8},"b":{"0":[2,0]},"_coverageSchema":"1a1c01bbd47fc00a2c39e90264f33305004495a9","hash":"5e3aa2d77a1f73a85b767baa3bbb2a1b6dbf40cc"}
,"C:\\Users\\hamro\\Desktop\\CRT_Platforme\\backend\\routes\\adminRoutes.js": {"path":"C:\\Users\\hamro\\Desktop\\CRT_Platforme\\backend\\routes\\adminRoutes.js","statementMap":{"0":{"start":{"line":1,"column":16},"end":{"line":1,"column":34}},"1":{"start":{"line":2,"column":15},"end":{"line":2,"column":31}},"2":{"start":{"line":3,"column":24},"end":{"line":3,"column":65}},"3":{"start":{"line":4,"column":23},"end":{"line":4,"column":63}},"4":{"start":{"line":5,"column":23},"end":{"line":5,"column":63}},"5":{"start":{"line":6,"column":18},"end":{"line":6,"column":46}},"6":{"start":{"line":7,"column":38},"end":{"line":7,"column":84}},"7":{"start":{"line":10,"column":0},"end":{"line":12,"column":3}},"8":{"start":{"line":11,"column":2},"end":{"line":11,"column":35}},"9":{"start":{"line":20,"column":0},"end":{"line":24,"column":2}},"10":{"start":{"line":33,"column":0},"end":{"line":42,"column":2}},"11":{"start":{"line":51,"column":0},"end":{"line":60,"column":2}},"12":{"start":{"line":68,"column":0},"end":{"line":73,"column":2}},"13":{"start":{"line":81,"column":0},"end":{"line":86,"column":2}},"14":{"start":{"line":94,"column":0},"end":{"line":105,"column":2}},"15":{"start":{"line":107,"column":0},"end":{"line":107,"column":24}}},"fnMap":{"0":{"name":"(anonymous_0)","decl":{"start":{"line":10,"column":16},"end":{"line":10,"column":17}},"loc":{"start":{"line":10,"column":30},"end":{"line":12,"column":1}},"line":10}},"branchMap":{},"s":{"0":2,"1":2,"2":2,"3":2,"4":2,"5":2,"6":2,"7":2,"8":0,"9":2,"10":2,"11":2,"12":2,"13":2,"14":2,"15":2},"f":{"0":0},"b":{},"_coverageSchema":"1a1c01bbd47fc00a2c39e90264f33305004495a9","hash":"a56f439e6242b415d4cfe770c66f4cad53591c6f"}
,"C:\\Users\\hamro\\Desktop\\CRT_Platforme\\backend\\routes\\authRoutes.js": {"path":"C:\\Users\\hamro\\Desktop\\CRT_Platforme\\backend\\routes\\authRoutes.js","statementMap":{"0":{"start":{"line":1,"column":16},"end":{"line":1,"column":34}},"1":{"start":{"line":2,"column":15},"end":{"line":2,"column":31}},"2":{"start":{"line":3,"column":23},"end":{"line":3,"column":63}},"3":{"start":{"line":4,"column":23},"end":{"line":4,"column":63}},"4":{"start":{"line":5,"column":18},"end":{"line":5,"column":46}},"5":{"start":{"line":6,"column":21},"end":{"line":6,"column":67}},"6":{"start":{"line":9,"column":0},"end":{"line":22,"column":29}},"7":{"start":{"line":17,"column":4},"end":{"line":19,"column":5}},"8":{"start":{"line":18,"column":6},"end":{"line":18,"column":64}},"9":{"start":{"line":20,"column":4},"end":{"line":20,"column":16}},"10":{"start":{"line":24,"column":0},"end":{"line":27,"column":26}},"11":{"start":{"line":29,"column":0},"end":{"line":29,"column":68}},"12":{"start":{"line":30,"column":0},"end":{"line":30,"column":70}},"13":{"start":{"line":31,"column":0},"end":{"line":31,"column":59}},"14":{"start":{"line":33,"column":0},"end":{"line":35,"column":35}},"15":{"start":{"line":37,"column":0},"end":{"line":45,"column":34}},"16":{"start":{"line":40,"column":4},"end":{"line":42,"column":5}},"17":{"start":{"line":41,"column":6},"end":{"line":41,"column":64}},"18":{"start":{"line":43,"column":4},"end":{"line":43,"column":16}},"19":{"start":{"line":47,"column":0},"end":{"line":47,"column":24}}},"fnMap":{"0":{"name":"(anonymous_0)","decl":{"start":{"line":16,"column":34},"end":{"line":16,"column":35}},"loc":{"start":{"line":16,"column":54},"end":{"line":21,"column":3}},"line":16},"1":{"name":"(anonymous_1)","decl":{"start":{"line":39,"column":34},"end":{"line":39,"column":35}},"loc":{"start":{"line":39,"column":54},"end":{"line":44,"column":3}},"line":39}},"branchMap":{"0":{"loc":{"start":{"line":17,"column":4},"end":{"line":19,"column":5}},"type":"if","locations":[{"start":{"line":17,"column":4},"end":{"line":19,"column":5}},{"start":{},"end":{}}],"line":17},"1":{"loc":{"start":{"line":40,"column":4},"end":{"line":42,"column":5}},"type":"if","locations":[{"start":{"line":40,"column":4},"end":{"line":42,"column":5}},{"start":{},"end":{}}],"line":40}},"s":{"0":2,"1":2,"2":2,"3":2,"4":2,"5":2,"6":2,"7":1,"8":0,"9":1,"10":2,"11":2,"12":2,"13":2,"14":2,"15":2,"16":0,"17":0,"18":0,"19":2},"f":{"0":1,"1":0},"b":{"0":[0,1],"1":[0,0]},"_coverageSchema":"1a1c01bbd47fc00a2c39e90264f33305004495a9","hash":"a3a80a7b2ff4cdd0f9e863b9da2dc4118f769a59"}
,"C:\\Users\\hamro\\Desktop\\CRT_Platforme\\backend\\routes\\index.js": {"path":"C:\\Users\\hamro\\Desktop\\CRT_Platforme\\backend\\routes\\index.js","statementMap":{"0":{"start":{"line":1,"column":16},"end":{"line":1,"column":34}},"1":{"start":{"line":2,"column":15},"end":{"line":2,"column":31}},"2":{"start":{"line":5,"column":19},"end":{"line":5,"column":42}},"3":{"start":{"line":6,"column":20},"end":{"line":6,"column":44}},"4":{"start":{"line":9,"column":0},"end":{"line":9,"column":32}},"5":{"start":{"line":10,"column":0},"end":{"line":10,"column":34}},"6":{"start":{"line":12,"column":0},"end":{"line":12,"column":24}}},"fnMap":{},"branchMap":{},"s":{"0":2,"1":2,"2":2,"3":2,"4":2,"5":2,"6":2},"f":{},"b":{},"_coverageSchema":"1a1c01bbd47fc00a2c39e90264f33305004495a9","hash":"7e9659dd72301f3c40668a3054723c98d8c8c568"}
,"C:\\Users\\hamro\\Desktop\\CRT_Platforme\\backend\\tests\\utils\\testUtils.js": {"path":"C:\\Users\\hamro\\Desktop\\CRT_Platforme\\backend\\tests\\utils\\testUtils.js","statementMap":{"0":{"start":{"line":1,"column":17},"end":{"line":1,"column":36}},"1":{"start":{"line":2,"column":12},"end":{"line":2,"column":35}},"2":{"start":{"line":3,"column":13},"end":{"line":3,"column":41}},"3":{"start":{"line":6,"column":0},"end":{"line":6,"column":30}},"4":{"start":{"line":7,"column":0},"end":{"line":7,"column":65}},"5":{"start":{"line":14,"column":21},"end":{"line":31,"column":1}},"6":{"start":{"line":15,"column":2},"end":{"line":30,"column":3}},"7":{"start":{"line":17,"column":18},"end":{"line":17,"column":43}},"8":{"start":{"line":20,"column":16},"end":{"line":20,"column":17}},"9":{"start":{"line":21,"column":4},"end":{"line":24,"column":5}},"10":{"start":{"line":22,"column":6},"end":{"line":22,"column":26}},"11":{"start":{"line":23,"column":6},"end":{"line":23,"column":14}},"12":{"start":{"line":26,"column":4},"end":{"line":26,"column":35}},"13":{"start":{"line":28,"column":4},"end":{"line":28,"column":51}},"14":{"start":{"line":29,"column":4},"end":{"line":29,"column":14}},"15":{"start":{"line":38,"column":0},"end":{"line":52,"column":2}},"16":{"start":{"line":39,"column":2},"end":{"line":41,"column":3}},"17":{"start":{"line":40,"column":4},"end":{"line":40,"column":62}},"18":{"start":{"line":43,"column":2},"end":{"line":51,"column":4}},"19":{"start":{"line":54,"column":0},"end":{"line":54,"column":50}},"20":{"start":{"line":61,"column":0},"end":{"line":87,"column":2}},"21":{"start":{"line":63,"column":22},"end":{"line":72,"column":3}},"22":{"start":{"line":75,"column":19},"end":{"line":75,"column":51}},"23":{"start":{"line":77,"column":2},"end":{"line":86,"column":3}},"24":{"start":{"line":79,"column":4},"end":{"line":79,"column":50}},"25":{"start":{"line":82,"column":4},"end":{"line":82,"column":39}},"26":{"start":{"line":84,"column":4},"end":{"line":84,"column":52}},"27":{"start":{"line":85,"column":4},"end":{"line":85,"column":14}},"28":{"start":{"line":93,"column":0},"end":{"line":108,"column":2}},"29":{"start":{"line":94,"column":2},"end":{"line":94,"column":20}},"30":{"start":{"line":94,"column":13},"end":{"line":94,"column":20}},"31":{"start":{"line":96,"column":2},"end":{"line":107,"column":3}},"32":{"start":{"line":97,"column":4},"end":{"line":104,"column":5}},"33":{"start":{"line":98,"column":27},"end":{"line":98,"column":56}},"34":{"start":{"line":99,"column":6},"end":{"line":101,"column":7}},"35":{"start":{"line":100,"column":8},"end":{"line":100,"column":36}},"36":{"start":{"line":102,"column":11},"end":{"line":104,"column":5}},"37":{"start":{"line":103,"column":6},"end":{"line":103,"column":48}},"38":{"start":{"line":106,"column":4},"end":{"line":106,"column":55}},"39":{"start":{"line":113,"column":0},"end":{"line":115,"column":2}},"40":{"start":{"line":114,"column":2},"end":{"line":114,"column":64}},"41":{"start":{"line":120,"column":0},"end":{"line":130,"column":2}},"42":{"start":{"line":121,"column":2},"end":{"line":129,"column":3}},"43":{"start":{"line":122,"column":4},"end":{"line":125,"column":7}},"44":{"start":{"line":127,"column":4},"end":{"line":127,"column":61}},"45":{"start":{"line":128,"column":4},"end":{"line":128,"column":14}},"46":{"start":{"line":135,"column":0},"end":{"line":141,"column":2}},"47":{"start":{"line":136,"column":2},"end":{"line":140,"column":3}},"48":{"start":{"line":137,"column":4},"end":{"line":137,"column":38}},"49":{"start":{"line":139,"column":4},"end":{"line":139,"column":66}},"50":{"start":{"line":144,"column":0},"end":{"line":144,"column":36}}},"fnMap":{"0":{"name":"(anonymous_0)","decl":{"start":{"line":14,"column":21},"end":{"line":14,"column":22}},"loc":{"start":{"line":14,"column":46},"end":{"line":31,"column":1}},"line":14},"1":{"name":"(anonymous_1)","decl":{"start":{"line":38,"column":24},"end":{"line":38,"column":25}},"loc":{"start":{"line":38,"column":39},"end":{"line":52,"column":1}},"line":38},"2":{"name":"(anonymous_2)","decl":{"start":{"line":61,"column":25},"end":{"line":61,"column":26}},"loc":{"start":{"line":61,"column":51},"end":{"line":87,"column":1}},"line":61},"3":{"name":"(anonymous_3)","decl":{"start":{"line":93,"column":26},"end":{"line":93,"column":27}},"loc":{"start":{"line":93,"column":42},"end":{"line":108,"column":1}},"line":93},"4":{"name":"(anonymous_4)","decl":{"start":{"line":113,"column":30},"end":{"line":113,"column":31}},"loc":{"start":{"line":113,"column":42},"end":{"line":115,"column":1}},"line":113},"5":{"name":"(anonymous_5)","decl":{"start":{"line":120,"column":24},"end":{"line":120,"column":25}},"loc":{"start":{"line":120,"column":36},"end":{"line":130,"column":1}},"line":120},"6":{"name":"(anonymous_6)","decl":{"start":{"line":135,"column":27},"end":{"line":135,"column":28}},"loc":{"start":{"line":135,"column":39},"end":{"line":141,"column":1}},"line":135}},"branchMap":{"0":{"loc":{"start":{"line":7,"column":25},"end":{"line":7,"column":64}},"type":"binary-expr","locations":[{"start":{"line":7,"column":25},"end":{"line":7,"column":47}},{"start":{"line":7,"column":51},"end":{"line":7,"column":64}}],"line":7},"1":{"loc":{"start":{"line":14,"column":28},"end":{"line":14,"column":41}},"type":"default-arg","locations":[{"start":{"line":14,"column":39},"end":{"line":14,"column":41}}],"line":14},"2":{"loc":{"start":{"line":39,"column":2},"end":{"line":41,"column":3}},"type":"if","locations":[{"start":{"line":39,"column":2},"end":{"line":41,"column":3}},{"start":{},"end":{}}],"line":39},"3":{"loc":{"start":{"line":39,"column":6},"end":{"line":39,"column":24}},"type":"binary-expr","locations":[{"start":{"line":39,"column":6},"end":{"line":39,"column":11}},{"start":{"line":39,"column":15},"end":{"line":39,"column":24}}],"line":39},"4":{"loc":{"start":{"line":46,"column":12},"end":{"line":46,"column":35}},"type":"binary-expr","locations":[{"start":{"line":46,"column":12},"end":{"line":46,"column":21}},{"start":{"line":46,"column":25},"end":{"line":46,"column":35}}],"line":46},"5":{"loc":{"start":{"line":61,"column":32},"end":{"line":61,"column":46}},"type":"default-arg","locations":[{"start":{"line":61,"column":44},"end":{"line":61,"column":46}}],"line":61},"6":{"loc":{"start":{"line":94,"column":2},"end":{"line":94,"column":20}},"type":"if","locations":[{"start":{"line":94,"column":2},"end":{"line":94,"column":20}},{"start":{},"end":{}}],"line":94},"7":{"loc":{"start":{"line":97,"column":4},"end":{"line":104,"column":5}},"type":"if","locations":[{"start":{"line":97,"column":4},"end":{"line":104,"column":5}},{"start":{"line":102,"column":11},"end":{"line":104,"column":5}}],"line":97},"8":{"loc":{"start":{"line":99,"column":6},"end":{"line":101,"column":7}},"type":"if","locations":[{"start":{"line":99,"column":6},"end":{"line":101,"column":7}},{"start":{},"end":{}}],"line":99},"9":{"loc":{"start":{"line":102,"column":11},"end":{"line":104,"column":5}},"type":"if","locations":[{"start":{"line":102,"column":11},"end":{"line":104,"column":5}},{"start":{},"end":{}}],"line":102},"10":{"loc":{"start":{"line":122,"column":27},"end":{"line":122,"column":92}},"type":"binary-expr","locations":[{"start":{"line":122,"column":27},"end":{"line":122,"column":53}},{"start":{"line":122,"column":57},"end":{"line":122,"column":92}}],"line":122}},"s":{"0":3,"1":3,"2":3,"3":3,"4":3,"5":3,"6":14,"7":14,"8":14,"9":14,"10":0,"11":0,"12":0,"13":14,"14":14,"15":3,"16":0,"17":0,"18":0,"19":3,"20":3,"21":14,"22":14,"23":14,"24":14,"25":0,"26":14,"27":14,"28":3,"29":16,"30":16,"31":0,"32":0,"33":0,"34":0,"35":0,"36":0,"37":0,"38":0,"39":3,"40":0,"41":3,"42":0,"43":0,"44":0,"45":0,"46":3,"47":0,"48":0,"49":0,"50":3},"f":{"0":14,"1":0,"2":14,"3":16,"4":0,"5":0,"6":0},"b":{"0":[3,0],"1":[0],"2":[0,0],"3":[0,0],"4":[0,0],"5":[5],"6":[16,0],"7":[0,0],"8":[0,0],"9":[0,0],"10":[0,0]},"_coverageSchema":"1a1c01bbd47fc00a2c39e90264f33305004495a9","hash":"501335eae88c0576c22fff9d40e9c7a88653634a"}
}
