TN:
SF:server.js
FN:69,(anonymous_0)
FN:80,(anonymous_1)
FN:86,(anonymous_2)
FN:90,(anonymous_3)
FN:108,(anonymous_4)
FN:117,(anonymous_5)
FN:131,(anonymous_6)
FN:135,(anonymous_7)
FN:143,(anonymous_8)
FN:146,(anonymous_9)
FN:154,(anonymous_10)
FN:169,oo_cm
FNF:12
FNH:4
FNDA:10,(anonymous_0)
FNDA:3,(anonymous_1)
FNDA:0,(anonymous_2)
FNDA:0,(anonymous_3)
FNDA:0,(anonymous_4)
FNDA:0,(anonymous_5)
FNDA:0,(anonymous_6)
FNDA:0,(anonymous_7)
FNDA:0,(anonymous_8)
FNDA:0,(anonymous_9)
FNDA:1,(anonymous_10)
FNDA:1,oo_cm
DA:1,2
DA:2,2
DA:3,2
DA:4,2
DA:5,2
DA:6,2
DA:7,2
DA:8,2
DA:9,2
DA:12,2
DA:15,2
DA:18,2
DA:21,2
DA:24,2
DA:27,2
DA:34,2
DA:35,0
DA:41,2
DA:45,2
DA:58,2
DA:59,0
DA:63,2
DA:66,2
DA:69,10
DA:72,2
DA:77,2
DA:80,2
DA:82,3
DA:83,0
DA:85,0
DA:86,0
DA:87,0
DA:90,0
DA:91,0
DA:92,0
DA:93,0
DA:95,0
DA:97,0
DA:100,3
DA:105,2
DA:108,2
DA:109,0
DA:117,2
DA:118,0
DA:120,0
DA:122,0
DA:131,2
DA:132,0
DA:133,0
DA:134,0
DA:135,0
DA:136,0
DA:139,0
DA:143,2
DA:144,0
DA:145,0
DA:146,0
DA:147,0
DA:153,2
DA:154,2
DA:155,1
DA:159,2
DA:162,2
DA:169,1
LF:64
LH:38
BRDA:34,0,0,0
BRDA:34,0,1,2
BRDA:58,1,0,0
BRDA:58,1,1,2
BRDA:63,2,0,0
BRDA:63,2,1,2
BRDA:82,3,0,0
BRDA:82,3,1,3
BRDA:82,4,0,3
BRDA:82,4,1,2
BRDA:82,4,2,0
BRDA:120,5,0,0
BRDA:120,5,1,0
BRDA:124,6,0,0
BRDA:124,6,1,0
BRDA:125,7,0,0
BRDA:125,7,1,0
BRDA:126,8,0,0
BRDA:126,8,1,0
BRDA:134,9,0,0
BRDA:134,9,1,0
BRDA:145,10,0,0
BRDA:145,10,1,0
BRDA:153,11,0,2
BRDA:153,11,1,0
BRDA:155,12,0,1
BRDA:155,12,1,0
BRDA:169,13,0,1
BRDA:169,13,1,1
BRF:29
BRH:10
end_of_record
TN:
SF:controllers\adminController.js
FN:3,(anonymous_0)
FN:27,(anonymous_1)
FN:72,(anonymous_2)
FN:106,(anonymous_3)
FN:124,(anonymous_4)
FN:139,(anonymous_5)
FN:170,(anonymous_6)
FN:213,oo_cm
FNF:8
FNH:0
FNDA:0,(anonymous_0)
FNDA:0,(anonymous_1)
FNDA:0,(anonymous_2)
FNDA:0,(anonymous_3)
FNDA:0,(anonymous_4)
FNDA:0,(anonymous_5)
FNDA:0,(anonymous_6)
FNDA:0,oo_cm
DA:1,2
DA:3,2
DA:4,0
DA:6,0
DA:10,0
DA:18,0
DA:19,0
DA:27,2
DA:28,0
DA:29,0
DA:30,0
DA:33,0
DA:34,0
DA:35,0
DA:43,0
DA:49,0
DA:50,0
DA:56,0
DA:63,0
DA:64,0
DA:72,2
DA:73,0
DA:74,0
DA:75,0
DA:77,0
DA:83,0
DA:84,0
DA:90,0
DA:97,0
DA:98,0
DA:106,2
DA:107,0
DA:108,0
DA:109,0
DA:110,0
DA:111,0
DA:113,0
DA:117,0
DA:125,0
DA:126,0
DA:131,0
DA:132,0
DA:139,2
DA:140,0
DA:141,0
DA:147,0
DA:154,0
DA:162,0
DA:163,0
DA:170,2
DA:171,0
DA:172,0
DA:175,0
DA:176,0
DA:177,0
DA:180,0
DA:183,0
DA:189,0
DA:200,0
DA:201,0
DA:213,0
LF:61
LH:7
BRDA:22,0,0,0
BRDA:22,0,1,0
BRDA:34,1,0,0
BRDA:34,1,1,0
BRDA:49,2,0,0
BRDA:49,2,1,0
BRDA:67,3,0,0
BRDA:67,3,1,0
BRDA:83,4,0,0
BRDA:83,4,1,0
BRDA:101,5,0,0
BRDA:101,5,1,0
BRDA:172,6,0,0
BRDA:172,7,0,0
BRDA:176,8,0,0
BRDA:176,8,1,0
BRDA:177,9,0,0
BRDA:177,9,1,0
BRDA:213,10,0,0
BRDA:213,10,1,0
BRF:20
BRH:0
end_of_record
TN:
SF:controllers\authController.js
FN:18,(anonymous_0)
FN:22,(anonymous_1)
FN:95,(anonymous_2)
FN:113,(anonymous_3)
FN:232,(anonymous_4)
FN:271,(anonymous_5)
FN:290,(anonymous_6)
FN:357,(anonymous_7)
FN:419,(anonymous_8)
FN:504,oo_cm
FNF:10
FNH:3
FNDA:0,(anonymous_0)
FNDA:1,(anonymous_1)
FNDA:0,(anonymous_2)
FNDA:0,(anonymous_3)
FNDA:0,(anonymous_4)
FNDA:0,(anonymous_5)
FNDA:0,(anonymous_6)
FNDA:1,(anonymous_7)
FNDA:0,(anonymous_8)
FNDA:2,oo_cm
DA:1,2
DA:2,2
DA:3,2
DA:4,2
DA:7,2
DA:18,2
DA:19,0
DA:22,2
DA:23,1
DA:35,1
DA:38,1
DA:39,0
DA:47,1
DA:50,1
DA:51,1
DA:52,1
DA:60,0
DA:76,0
DA:78,0
DA:88,0
DA:91,0
DA:92,0
DA:95,0
DA:101,0
DA:102,0
DA:109,0
DA:113,2
DA:114,0
DA:115,0
DA:121,0
DA:122,0
DA:123,0
DA:124,0
DA:125,0
DA:126,0
DA:128,0
DA:131,0
DA:132,0
DA:136,0
DA:139,0
DA:140,0
DA:145,0
DA:146,0
DA:151,0
DA:152,0
DA:160,0
DA:163,0
DA:166,0
DA:168,0
DA:169,0
DA:177,0
DA:178,0
DA:179,0
DA:181,0
DA:184,0
DA:185,0
DA:193,0
DA:200,0
DA:206,0
DA:213,0
DA:223,0
DA:224,0
DA:232,2
DA:233,0
DA:235,0
DA:236,0
DA:243,0
DA:244,0
DA:245,0
DA:252,0
DA:266,0
DA:267,0
DA:271,2
DA:272,0
DA:274,0
DA:280,0
DA:285,0
DA:286,0
DA:290,2
DA:291,0
DA:294,0
DA:295,0
DA:296,0
DA:297,0
DA:300,0
DA:301,0
DA:310,0
DA:311,0
DA:313,0
DA:324,0
DA:325,0
DA:326,0
DA:334,0
DA:340,0
DA:347,0
DA:352,0
DA:353,0
DA:357,2
DA:358,1
DA:359,1
DA:361,1
DA:362,0
DA:370,1
DA:372,1
DA:373,0
DA:380,1
DA:382,1
DA:383,0
DA:385,0
DA:387,0
DA:395,1
DA:398,1
DA:399,1
DA:400,1
DA:402,0
DA:409,1
DA:411,1
DA:419,2
DA:420,0
DA:421,0
DA:422,0
DA:424,0
DA:425,0
DA:433,0
DA:434,0
DA:442,0
DA:447,0
DA:452,0
DA:453,0
DA:461,0
DA:462,0
DA:463,0
DA:465,0
DA:468,0
DA:471,0
DA:478,0
DA:484,0
DA:485,0
DA:489,2
DA:504,2
LF:140
LH:35
BRDA:8,0,0,2
BRDA:8,0,1,0
BRDA:9,1,0,2
BRDA:9,1,1,0
BRDA:10,2,0,2
BRDA:10,2,1,0
BRDA:38,3,0,0
BRDA:38,3,1,1
BRDA:38,4,0,1
BRDA:38,4,1,1
BRDA:51,5,0,1
BRDA:51,5,1,0
BRDA:61,6,0,0
BRDA:61,6,1,0
BRDA:62,7,0,0
BRDA:62,7,1,0
BRDA:64,8,0,0
BRDA:64,8,1,0
BRDA:65,9,0,0
BRDA:65,9,1,0
BRDA:67,10,0,0
BRDA:67,10,1,0
BRDA:70,11,0,0
BRDA:70,11,1,0
BRDA:71,12,0,0
BRDA:71,12,1,0
BRDA:72,13,0,0
BRDA:72,13,1,0
BRDA:91,14,0,0
BRDA:91,14,1,0
BRDA:101,15,0,0
BRDA:101,15,1,0
BRDA:121,16,0,0
BRDA:121,16,1,0
BRDA:122,17,0,0
BRDA:122,17,1,0
BRDA:136,18,0,0
BRDA:136,18,1,0
BRDA:136,19,0,0
BRDA:136,19,1,0
BRDA:139,20,0,0
BRDA:139,20,1,0
BRDA:139,21,0,0
BRDA:139,21,1,0
BRDA:145,22,0,0
BRDA:145,22,1,0
BRDA:151,23,0,0
BRDA:151,23,1,0
BRDA:163,24,0,0
BRDA:163,24,1,0
BRDA:163,24,2,0
BRDA:168,25,0,0
BRDA:168,25,1,0
BRDA:168,26,0,0
BRDA:168,26,1,0
BRDA:179,27,0,0
BRDA:179,27,1,0
BRDA:179,27,2,0
BRDA:184,28,0,0
BRDA:184,28,1,0
BRDA:193,29,0,0
BRDA:193,29,1,0
BRDA:235,30,0,0
BRDA:235,30,1,0
BRDA:235,31,0,0
BRDA:235,31,1,0
BRDA:244,32,0,0
BRDA:244,32,1,0
BRDA:294,33,0,0
BRDA:294,33,1,0
BRDA:296,34,0,0
BRDA:296,34,1,0
BRDA:300,35,0,0
BRDA:300,35,1,0
BRDA:315,36,0,0
BRDA:315,36,1,0
BRDA:318,37,0,0
BRDA:318,37,1,0
BRDA:325,38,0,0
BRDA:325,38,1,0
BRDA:361,39,0,0
BRDA:361,39,1,1
BRDA:372,40,0,0
BRDA:372,40,1,1
BRDA:385,41,0,0
BRDA:385,41,1,0
BRDA:424,42,0,0
BRDA:424,42,1,0
BRDA:424,43,0,0
BRDA:424,43,1,0
BRDA:433,44,0,0
BRDA:433,44,1,0
BRDA:452,45,0,0
BRDA:452,45,1,0
BRDA:504,46,0,2
BRDA:504,46,1,0
BRF:96
BRH:10
end_of_record
TN:
SF:middlewares\authMiddleware.js
FN:8,(anonymous_0)
FN:112,(anonymous_1)
FN:113,(anonymous_2)
FN:143,(anonymous_3)
FN:144,(anonymous_4)
FN:185,(anonymous_5)
FN:224,oo_cm
FNF:7
FNH:3
FNDA:6,(anonymous_0)
FNDA:15,(anonymous_1)
FNDA:3,(anonymous_2)
FNDA:0,(anonymous_3)
FNDA:0,(anonymous_4)
FNDA:0,(anonymous_5)
FNDA:0,oo_cm
DA:1,3
DA:2,3
DA:8,3
DA:12,6
DA:13,3
DA:14,3
DA:15,1
DA:19,6
DA:20,2
DA:27,4
DA:29,4
DA:32,4
DA:33,0
DA:41,4
DA:42,4
DA:43,0
DA:51,4
DA:52,0
DA:61,4
DA:64,0
DA:72,4
DA:79,4
DA:82,0
DA:97,0
DA:99,0
DA:112,3
DA:113,15
DA:115,3
DA:116,1
DA:124,2
DA:125,1
DA:134,1
DA:143,3
DA:144,0
DA:145,0
DA:146,0
DA:148,0
DA:149,0
DA:157,0
DA:158,0
DA:165,0
DA:166,0
DA:168,0
DA:169,0
DA:185,3
DA:186,0
DA:187,0
DA:188,0
DA:189,0
DA:195,0
DA:197,0
DA:198,0
DA:200,0
DA:201,0
DA:204,0
DA:208,0
DA:210,0
DA:224,0
LF:58
LH:27
BRDA:12,0,0,3
BRDA:12,0,1,3
BRDA:14,1,0,1
BRDA:14,1,1,2
BRDA:19,2,0,2
BRDA:19,2,1,4
BRDA:29,3,0,4
BRDA:29,3,1,0
BRDA:32,4,0,0
BRDA:32,4,1,4
BRDA:42,5,0,0
BRDA:42,5,1,4
BRDA:51,6,0,0
BRDA:51,6,1,4
BRDA:51,7,0,4
BRDA:51,7,1,0
BRDA:61,8,0,0
BRDA:61,8,1,4
BRDA:61,9,0,4
BRDA:61,9,1,0
BRDA:61,9,2,0
BRDA:74,10,0,4
BRDA:74,10,1,0
BRDA:74,10,2,0
BRDA:97,11,0,0
BRDA:97,11,1,0
BRDA:103,12,0,0
BRDA:103,12,1,0
BRDA:115,13,0,1
BRDA:115,13,1,2
BRDA:124,14,0,1
BRDA:124,14,1,1
BRDA:143,15,0,0
BRDA:148,16,0,0
BRDA:148,16,1,0
BRDA:157,17,0,0
BRDA:157,17,1,0
BRDA:157,18,0,0
BRDA:157,18,1,0
BRDA:173,19,0,0
BRDA:173,19,1,0
BRDA:186,20,0,0
BRDA:186,20,1,0
BRDA:188,21,0,0
BRDA:188,21,1,0
BRDA:200,22,0,0
BRDA:200,22,1,0
BRDA:200,23,0,0
BRDA:200,23,1,0
BRDA:214,24,0,0
BRDA:214,24,1,0
BRDA:224,25,0,0
BRDA:224,25,1,0
BRF:53
BRH:18
end_of_record
TN:
SF:middlewares\debugMiddleware.js
FN:5,(anonymous_0)
FN:33,oo_cm
FNF:2
FNH:0
FNDA:0,(anonymous_0)
FNDA:0,oo_cm
DA:5,2
DA:7,0
DA:8,0
DA:9,0
DA:10,0
DA:11,0
DA:12,0
DA:15,0
DA:17,0
DA:18,0
DA:19,0
DA:21,0
DA:25,0
DA:33,0
LF:14
LH:1
BRDA:7,0,0,0
BRDA:7,0,1,0
BRDA:15,1,0,0
BRDA:15,1,1,0
BRDA:15,2,0,0
BRDA:15,2,1,0
BRDA:18,3,0,0
BRDA:18,3,1,0
BRDA:33,4,0,0
BRDA:33,4,1,0
BRF:10
BRH:0
end_of_record
TN:
SF:middlewares\loginMiddleware.js
FN:4,(anonymous_0)
FN:29,oo_cm
FNF:2
FNH:0
FNDA:0,(anonymous_0)
FNDA:0,oo_cm
DA:4,2
DA:5,0
DA:8,0
DA:9,0
DA:12,0
DA:13,0
DA:14,0
DA:21,0
DA:29,0
LF:9
LH:1
BRDA:8,0,0,0
BRDA:8,0,1,0
BRDA:8,1,0,0
BRDA:8,1,1,0
BRDA:8,1,2,0
BRDA:12,2,0,0
BRDA:12,2,1,0
BRDA:29,3,0,0
BRDA:29,3,1,0
BRF:9
BRH:0
end_of_record
TN:
SF:middlewares\validationMiddleware.js
FN:8,(anonymous_0)
FN:9,(anonymous_1)
FN:12,(anonymous_2)
FN:21,(anonymous_3)
FN:71,oo_cm
FNF:5
FNH:3
FNDA:12,(anonymous_0)
FNDA:2,(anonymous_1)
FNDA:8,(anonymous_2)
FNDA:0,(anonymous_3)
FNDA:0,oo_cm
DA:1,2
DA:8,2
DA:9,12
DA:10,2
DA:12,8
DA:15,2
DA:16,2
DA:17,2
DA:21,0
DA:27,0
DA:34,0
DA:35,0
DA:47,2
DA:71,0
LF:14
LH:9
BRDA:16,0,0,2
BRDA:16,0,1,0
BRDA:71,1,0,0
BRDA:71,1,1,0
BRF:4
BRH:1
end_of_record
TN:
SF:routes\adminRoutes.js
FN:10,(anonymous_0)
FNF:1
FNH:0
FNDA:0,(anonymous_0)
DA:1,2
DA:2,2
DA:3,2
DA:4,2
DA:5,2
DA:6,2
DA:7,2
DA:10,2
DA:11,0
DA:20,2
DA:33,2
DA:51,2
DA:68,2
DA:81,2
DA:94,2
DA:107,2
LF:16
LH:15
BRF:0
BRH:0
end_of_record
TN:
SF:routes\authRoutes.js
FN:17,(anonymous_0)
FN:38,(anonymous_1)
FNF:2
FNH:1
FNDA:1,(anonymous_0)
FNDA:0,(anonymous_1)
DA:1,2
DA:2,2
DA:3,2
DA:4,2
DA:5,2
DA:6,2
DA:7,2
DA:10,2
DA:18,1
DA:19,0
DA:21,1
DA:26,2
DA:28,2
DA:29,2
DA:30,2
DA:32,2
DA:36,2
DA:39,0
DA:40,0
DA:42,0
DA:46,2
LF:21
LH:17
BRDA:18,0,0,0
BRDA:18,0,1,1
BRDA:39,1,0,0
BRDA:39,1,1,0
BRF:4
BRH:1
end_of_record
TN:
SF:routes\index.js
FNF:0
FNH:0
DA:1,2
DA:2,2
DA:5,2
DA:6,2
DA:9,2
DA:10,2
DA:12,2
LF:7
LH:7
BRF:0
BRH:0
end_of_record
TN:
SF:tests\utils\testUtils.js
FN:14,(anonymous_0)
FN:38,(anonymous_1)
FN:61,(anonymous_2)
FN:93,(anonymous_3)
FN:113,(anonymous_4)
FN:120,(anonymous_5)
FN:135,(anonymous_6)
FN:151,oo_cm
FNF:8
FNH:4
FNDA:14,(anonymous_0)
FNDA:0,(anonymous_1)
FNDA:14,(anonymous_2)
FNDA:16,(anonymous_3)
FNDA:0,(anonymous_4)
FNDA:0,(anonymous_5)
FNDA:0,(anonymous_6)
FNDA:28,oo_cm
DA:1,3
DA:2,3
DA:3,3
DA:6,3
DA:7,3
DA:14,3
DA:15,14
DA:17,14
DA:20,14
DA:21,14
DA:22,0
DA:23,0
DA:26,0
DA:28,14
DA:29,14
DA:38,3
DA:39,0
DA:40,0
DA:43,0
DA:54,3
DA:61,3
DA:63,14
DA:75,14
DA:77,14
DA:79,14
DA:82,0
DA:84,14
DA:85,14
DA:93,3
DA:94,16
DA:96,0
DA:97,0
DA:98,0
DA:99,0
DA:100,0
DA:102,0
DA:103,0
DA:106,0
DA:113,3
DA:114,0
DA:120,3
DA:121,0
DA:122,0
DA:127,0
DA:128,0
DA:135,3
DA:136,0
DA:137,0
DA:139,0
DA:144,3
DA:151,28
LF:51
LH:28
BRDA:7,0,0,3
BRDA:7,0,1,0
BRDA:14,1,0,0
BRDA:39,2,0,0
BRDA:39,2,1,0
BRDA:39,3,0,0
BRDA:39,3,1,0
BRDA:46,4,0,0
BRDA:46,4,1,0
BRDA:61,5,0,5
BRDA:94,6,0,16
BRDA:94,6,1,0
BRDA:97,7,0,0
BRDA:97,7,1,0
BRDA:99,8,0,0
BRDA:99,8,1,0
BRDA:102,9,0,0
BRDA:102,9,1,0
BRDA:122,10,0,0
BRDA:122,10,1,0
BRDA:151,11,0,28
BRDA:151,11,1,1
BRF:22
BRH:5
end_of_record
