TN:
SF:server.js
FN:54,(anonymous_0)
FN:63,(anonymous_1)
FN:77,(anonymous_2)
FN:81,(anonymous_3)
FN:89,(anonymous_4)
FN:92,(anonymous_5)
FN:100,(anonymous_6)
FNF:7
FNH:1
FNDA:0,(anonymous_0)
FNDA:0,(anonymous_1)
FNDA:0,(anonymous_2)
FNDA:0,(anonymous_3)
FNDA:0,(anonymous_4)
FNDA:0,(anonymous_5)
FNDA:1,(anonymous_6)
DA:1,2
DA:2,2
DA:3,2
DA:4,2
DA:5,2
DA:6,2
DA:7,2
DA:8,2
DA:9,2
DA:12,2
DA:15,2
DA:18,2
DA:21,2
DA:24,2
DA:29,2
DA:32,2
DA:45,2
DA:46,2
DA:47,2
DA:48,2
DA:51,2
DA:54,2
DA:55,0
DA:63,2
DA:64,0
DA:66,0
DA:68,0
DA:77,2
DA:78,0
DA:79,0
DA:80,0
DA:81,0
DA:82,0
DA:85,0
DA:89,2
DA:90,0
DA:91,0
DA:92,0
DA:93,0
DA:99,2
DA:100,2
DA:101,1
DA:105,2
DA:108,2
LF:44
LH:30
BRDA:45,0,0,0
BRDA:45,0,1,2
BRDA:66,1,0,0
BRDA:66,1,1,0
BRDA:70,2,0,0
BRDA:70,2,1,0
BRDA:71,3,0,0
BRDA:71,3,1,0
BRDA:72,4,0,0
BRDA:72,4,1,0
BRDA:80,5,0,0
BRDA:80,5,1,0
BRDA:91,6,0,0
BRDA:91,6,1,0
BRDA:99,7,0,2
BRDA:99,7,1,0
BRDA:101,8,0,1
BRDA:101,8,1,0
BRF:18
BRH:3
end_of_record
TN:
SF:controllers\adminController.js
FN:3,(anonymous_0)
FN:27,(anonymous_1)
FN:72,(anonymous_2)
FN:106,(anonymous_3)
FN:124,(anonymous_4)
FN:139,(anonymous_5)
FN:170,(anonymous_6)
FNF:7
FNH:0
FNDA:0,(anonymous_0)
FNDA:0,(anonymous_1)
FNDA:0,(anonymous_2)
FNDA:0,(anonymous_3)
FNDA:0,(anonymous_4)
FNDA:0,(anonymous_5)
FNDA:0,(anonymous_6)
DA:1,2
DA:3,2
DA:4,0
DA:6,0
DA:10,0
DA:18,0
DA:19,0
DA:27,2
DA:28,0
DA:29,0
DA:30,0
DA:33,0
DA:34,0
DA:35,0
DA:43,0
DA:49,0
DA:50,0
DA:56,0
DA:63,0
DA:64,0
DA:72,2
DA:73,0
DA:74,0
DA:75,0
DA:77,0
DA:83,0
DA:84,0
DA:90,0
DA:97,0
DA:98,0
DA:106,2
DA:107,0
DA:108,0
DA:109,0
DA:110,0
DA:111,0
DA:113,0
DA:117,0
DA:125,0
DA:126,0
DA:131,0
DA:132,0
DA:139,2
DA:140,0
DA:141,0
DA:147,0
DA:154,0
DA:162,0
DA:163,0
DA:170,2
DA:171,0
DA:172,0
DA:175,0
DA:176,0
DA:177,0
DA:180,0
DA:183,0
DA:189,0
DA:200,0
DA:201,0
LF:60
LH:7
BRDA:22,0,0,0
BRDA:22,0,1,0
BRDA:34,1,0,0
BRDA:34,1,1,0
BRDA:49,2,0,0
BRDA:49,2,1,0
BRDA:67,3,0,0
BRDA:67,3,1,0
BRDA:83,4,0,0
BRDA:83,4,1,0
BRDA:101,5,0,0
BRDA:101,5,1,0
BRDA:172,6,0,0
BRDA:172,7,0,0
BRDA:176,8,0,0
BRDA:176,8,1,0
BRDA:177,9,0,0
BRDA:177,9,1,0
BRF:18
BRH:0
end_of_record
TN:
SF:controllers\authController.js
FN:18,(anonymous_0)
FN:22,(anonymous_1)
FN:70,(anonymous_2)
FN:87,(anonymous_3)
FN:165,(anonymous_4)
FN:204,(anonymous_5)
FN:223,(anonymous_6)
FN:290,(anonymous_7)
FN:352,(anonymous_8)
FNF:9
FNH:2
FNDA:0,(anonymous_0)
FNDA:1,(anonymous_1)
FNDA:0,(anonymous_2)
FNDA:0,(anonymous_3)
FNDA:0,(anonymous_4)
FNDA:0,(anonymous_5)
FNDA:0,(anonymous_6)
FNDA:1,(anonymous_7)
FNDA:0,(anonymous_8)
DA:1,2
DA:2,2
DA:3,2
DA:4,2
DA:7,2
DA:18,2
DA:19,0
DA:22,2
DA:23,1
DA:24,1
DA:27,1
DA:30,1
DA:31,1
DA:32,1
DA:40,0
DA:52,0
DA:54,0
DA:63,0
DA:66,0
DA:67,0
DA:70,0
DA:75,0
DA:76,0
DA:83,0
DA:87,2
DA:88,0
DA:89,0
DA:91,0
DA:92,0
DA:100,0
DA:103,0
DA:105,0
DA:106,0
DA:114,0
DA:115,0
DA:116,0
DA:118,0
DA:121,0
DA:122,0
DA:130,0
DA:137,0
DA:143,0
DA:150,0
DA:160,0
DA:161,0
DA:165,2
DA:166,0
DA:168,0
DA:169,0
DA:176,0
DA:177,0
DA:178,0
DA:185,0
DA:199,0
DA:200,0
DA:204,2
DA:205,0
DA:207,0
DA:213,0
DA:218,0
DA:219,0
DA:223,2
DA:224,0
DA:227,0
DA:228,0
DA:229,0
DA:230,0
DA:233,0
DA:234,0
DA:243,0
DA:244,0
DA:246,0
DA:257,0
DA:258,0
DA:259,0
DA:267,0
DA:273,0
DA:280,0
DA:285,0
DA:286,0
DA:290,2
DA:291,1
DA:292,1
DA:294,1
DA:295,0
DA:303,1
DA:305,1
DA:306,0
DA:313,1
DA:315,1
DA:316,0
DA:318,0
DA:320,0
DA:328,1
DA:331,1
DA:332,1
DA:333,1
DA:335,0
DA:342,1
DA:344,1
DA:352,2
DA:353,0
DA:354,0
DA:355,0
DA:357,0
DA:358,0
DA:366,0
DA:367,0
DA:375,0
DA:380,0
DA:385,0
DA:386,0
DA:394,0
DA:395,0
DA:396,0
DA:398,0
DA:401,0
DA:404,0
DA:411,0
DA:417,0
DA:418,0
DA:422,2
LF:122
LH:33
BRDA:8,0,0,2
BRDA:8,0,1,0
BRDA:9,1,0,2
BRDA:9,1,1,0
BRDA:10,2,0,2
BRDA:10,2,1,0
BRDA:27,3,0,1
BRDA:27,3,1,0
BRDA:31,4,0,1
BRDA:31,4,1,0
BRDA:41,5,0,0
BRDA:41,5,1,0
BRDA:42,6,0,0
BRDA:42,6,1,0
BRDA:44,7,0,0
BRDA:44,7,1,0
BRDA:45,8,0,0
BRDA:45,8,1,0
BRDA:46,9,0,0
BRDA:46,9,1,0
BRDA:47,10,0,0
BRDA:47,10,1,0
BRDA:48,11,0,0
BRDA:48,11,1,0
BRDA:66,12,0,0
BRDA:66,12,1,0
BRDA:75,13,0,0
BRDA:75,13,1,0
BRDA:91,14,0,0
BRDA:91,14,1,0
BRDA:91,15,0,0
BRDA:91,15,1,0
BRDA:100,16,0,0
BRDA:100,16,1,0
BRDA:100,16,2,0
BRDA:105,17,0,0
BRDA:105,17,1,0
BRDA:105,18,0,0
BRDA:105,18,1,0
BRDA:116,19,0,0
BRDA:116,19,1,0
BRDA:121,20,0,0
BRDA:121,20,1,0
BRDA:130,21,0,0
BRDA:130,21,1,0
BRDA:168,22,0,0
BRDA:168,22,1,0
BRDA:168,23,0,0
BRDA:168,23,1,0
BRDA:177,24,0,0
BRDA:177,24,1,0
BRDA:227,25,0,0
BRDA:227,25,1,0
BRDA:229,26,0,0
BRDA:229,26,1,0
BRDA:233,27,0,0
BRDA:233,27,1,0
BRDA:248,28,0,0
BRDA:248,28,1,0
BRDA:251,29,0,0
BRDA:251,29,1,0
BRDA:258,30,0,0
BRDA:258,30,1,0
BRDA:294,31,0,0
BRDA:294,31,1,1
BRDA:305,32,0,0
BRDA:305,32,1,1
BRDA:318,33,0,0
BRDA:318,33,1,0
BRDA:357,34,0,0
BRDA:357,34,1,0
BRDA:357,35,0,0
BRDA:357,35,1,0
BRDA:366,36,0,0
BRDA:366,36,1,0
BRDA:385,37,0,0
BRDA:385,37,1,0
BRF:77
BRH:7
end_of_record
TN:
SF:middlewares\authMiddleware.js
FN:8,(anonymous_0)
FN:112,(anonymous_1)
FN:113,(anonymous_2)
FN:143,(anonymous_3)
FN:144,(anonymous_4)
FN:185,(anonymous_5)
FNF:6
FNH:3
FNDA:6,(anonymous_0)
FNDA:15,(anonymous_1)
FNDA:3,(anonymous_2)
FNDA:0,(anonymous_3)
FNDA:0,(anonymous_4)
FNDA:0,(anonymous_5)
DA:1,3
DA:2,3
DA:8,3
DA:12,6
DA:13,3
DA:14,3
DA:15,1
DA:19,6
DA:20,2
DA:27,4
DA:29,4
DA:32,4
DA:33,0
DA:41,4
DA:42,4
DA:43,0
DA:51,4
DA:52,0
DA:61,4
DA:64,0
DA:72,4
DA:79,4
DA:82,0
DA:97,0
DA:99,0
DA:112,3
DA:113,15
DA:115,3
DA:116,1
DA:124,2
DA:125,1
DA:134,1
DA:143,3
DA:144,0
DA:145,0
DA:146,0
DA:148,0
DA:149,0
DA:157,0
DA:158,0
DA:165,0
DA:166,0
DA:168,0
DA:169,0
DA:185,3
DA:186,0
DA:188,0
DA:189,0
DA:196,0
DA:197,0
DA:199,0
DA:200,0
DA:203,0
DA:207,0
DA:209,0
LF:55
LH:27
BRDA:12,0,0,3
BRDA:12,0,1,3
BRDA:14,1,0,1
BRDA:14,1,1,2
BRDA:19,2,0,2
BRDA:19,2,1,4
BRDA:29,3,0,4
BRDA:29,3,1,0
BRDA:32,4,0,0
BRDA:32,4,1,4
BRDA:42,5,0,0
BRDA:42,5,1,4
BRDA:51,6,0,0
BRDA:51,6,1,4
BRDA:51,7,0,4
BRDA:51,7,1,0
BRDA:61,8,0,0
BRDA:61,8,1,4
BRDA:61,9,0,4
BRDA:61,9,1,0
BRDA:61,9,2,0
BRDA:74,10,0,4
BRDA:74,10,1,0
BRDA:74,10,2,0
BRDA:97,11,0,0
BRDA:97,11,1,0
BRDA:103,12,0,0
BRDA:103,12,1,0
BRDA:115,13,0,1
BRDA:115,13,1,2
BRDA:124,14,0,1
BRDA:124,14,1,1
BRDA:143,15,0,0
BRDA:148,16,0,0
BRDA:148,16,1,0
BRDA:157,17,0,0
BRDA:157,17,1,0
BRDA:157,18,0,0
BRDA:157,18,1,0
BRDA:173,19,0,0
BRDA:173,19,1,0
BRDA:186,20,0,0
BRDA:186,20,1,0
BRDA:188,21,0,0
BRDA:188,21,1,0
BRDA:199,22,0,0
BRDA:199,22,1,0
BRDA:199,23,0,0
BRDA:199,23,1,0
BRDA:213,24,0,0
BRDA:213,24,1,0
BRF:51
BRH:18
end_of_record
TN:
SF:middlewares\validationMiddleware.js
FN:8,(anonymous_0)
FN:9,(anonymous_1)
FN:11,(anonymous_2)
FNF:3
FNH:3
FNDA:14,(anonymous_0)
FNDA:2,(anonymous_1)
FNDA:8,(anonymous_2)
DA:1,2
DA:8,2
DA:9,14
DA:11,8
DA:14,2
DA:15,2
DA:16,2
DA:20,0
DA:30,2
LF:9
LH:8
BRDA:15,0,0,2
BRDA:15,0,1,0
BRF:2
BRH:1
end_of_record
TN:
SF:routes\adminRoutes.js
FN:10,(anonymous_0)
FNF:1
FNH:0
FNDA:0,(anonymous_0)
DA:1,2
DA:2,2
DA:3,2
DA:4,2
DA:5,2
DA:6,2
DA:7,2
DA:10,2
DA:11,0
DA:20,2
DA:33,2
DA:51,2
DA:68,2
DA:81,2
DA:94,2
DA:107,2
LF:16
LH:15
BRF:0
BRH:0
end_of_record
TN:
SF:routes\authRoutes.js
FN:16,(anonymous_0)
FN:39,(anonymous_1)
FNF:2
FNH:1
FNDA:1,(anonymous_0)
FNDA:0,(anonymous_1)
DA:1,2
DA:2,2
DA:3,2
DA:4,2
DA:5,2
DA:6,2
DA:9,2
DA:17,1
DA:18,0
DA:20,1
DA:24,2
DA:29,2
DA:30,2
DA:31,2
DA:33,2
DA:37,2
DA:40,0
DA:41,0
DA:43,0
DA:47,2
LF:20
LH:16
BRDA:17,0,0,0
BRDA:17,0,1,1
BRDA:40,1,0,0
BRDA:40,1,1,0
BRF:4
BRH:1
end_of_record
TN:
SF:routes\index.js
FNF:0
FNH:0
DA:1,2
DA:2,2
DA:5,2
DA:6,2
DA:9,2
DA:10,2
DA:12,2
LF:7
LH:7
BRF:0
BRH:0
end_of_record
TN:
SF:tests\utils\testUtils.js
FN:14,(anonymous_0)
FN:38,(anonymous_1)
FN:61,(anonymous_2)
FN:93,(anonymous_3)
FN:113,(anonymous_4)
FN:120,(anonymous_5)
FN:135,(anonymous_6)
FNF:7
FNH:3
FNDA:14,(anonymous_0)
FNDA:0,(anonymous_1)
FNDA:14,(anonymous_2)
FNDA:16,(anonymous_3)
FNDA:0,(anonymous_4)
FNDA:0,(anonymous_5)
FNDA:0,(anonymous_6)
DA:1,3
DA:2,3
DA:3,3
DA:6,3
DA:7,3
DA:14,3
DA:15,14
DA:17,14
DA:20,14
DA:21,14
DA:22,0
DA:23,0
DA:26,0
DA:28,14
DA:29,14
DA:38,3
DA:39,0
DA:40,0
DA:43,0
DA:54,3
DA:61,3
DA:63,14
DA:75,14
DA:77,14
DA:79,14
DA:82,0
DA:84,14
DA:85,14
DA:93,3
DA:94,16
DA:96,0
DA:97,0
DA:98,0
DA:99,0
DA:100,0
DA:102,0
DA:103,0
DA:106,0
DA:113,3
DA:114,0
DA:120,3
DA:121,0
DA:122,0
DA:127,0
DA:128,0
DA:135,3
DA:136,0
DA:137,0
DA:139,0
DA:144,3
LF:50
LH:27
BRDA:7,0,0,3
BRDA:7,0,1,0
BRDA:14,1,0,0
BRDA:39,2,0,0
BRDA:39,2,1,0
BRDA:39,3,0,0
BRDA:39,3,1,0
BRDA:46,4,0,0
BRDA:46,4,1,0
BRDA:61,5,0,5
BRDA:94,6,0,16
BRDA:94,6,1,0
BRDA:97,7,0,0
BRDA:97,7,1,0
BRDA:99,8,0,0
BRDA:99,8,1,0
BRDA:102,9,0,0
BRDA:102,9,1,0
BRDA:122,10,0,0
BRDA:122,10,1,0
BRF:20
BRH:3
end_of_record
